[2022-02-05 19:34:20,795] {taskinstance.py:1032} INFO - Dependencies all met for <TaskInstance: yellow_taxi_data_ingestion_gcs_dag_v3.format_to_parquet_task scheduled__2019-12-01T00:00:00+00:00 [queued]>
[2022-02-05 19:34:20,908] {taskinstance.py:1032} INFO - Dependencies all met for <TaskInstance: yellow_taxi_data_ingestion_gcs_dag_v3.format_to_parquet_task scheduled__2019-12-01T00:00:00+00:00 [queued]>
[2022-02-05 19:34:20,910] {taskinstance.py:1238} INFO - 
--------------------------------------------------------------------------------
[2022-02-05 19:34:20,913] {taskinstance.py:1239} INFO - Starting attempt 1 of 1
[2022-02-05 19:34:20,915] {taskinstance.py:1240} INFO - 
--------------------------------------------------------------------------------
[2022-02-05 19:34:21,000] {taskinstance.py:1259} INFO - Executing <Task(PythonOperator): format_to_parquet_task> on 2019-12-01 00:00:00+00:00
[2022-02-05 19:34:21,016] {standard_task_runner.py:52} INFO - Started process 8218 to run task
[2022-02-05 19:34:21,043] {standard_task_runner.py:76} INFO - Running: ['***', 'tasks', 'run', 'yellow_taxi_data_ingestion_gcs_dag_v3', 'format_to_parquet_task', 'scheduled__2019-12-01T00:00:00+00:00', '--job-id', '121', '--raw', '--subdir', 'DAGS_FOLDER/data_ingestion_gcs_dag_2.py', '--cfg-path', '/tmp/tmpbyf2f_at', '--error-file', '/tmp/tmpvy43znfq']
[2022-02-05 19:34:21,052] {standard_task_runner.py:77} INFO - Job 121: Subtask format_to_parquet_task
[2022-02-05 19:34:21,288] {logging_mixin.py:109} INFO - Running <TaskInstance: yellow_taxi_data_ingestion_gcs_dag_v3.format_to_parquet_task scheduled__2019-12-01T00:00:00+00:00 [running]> on host 29223c71f18a
[2022-02-05 19:34:21,695] {logging_mixin.py:109} WARNING - /home/***/.local/lib/python3.7/site-packages/***/utils/context.py:152 AirflowContextDeprecationWarning: Accessing 'execution_date' from the template is deprecated and will be removed in a future version. Please use 'data_interval_start' or 'logical_date' instead.
[2022-02-05 19:34:21,759] {taskinstance.py:1426} INFO - Exporting the following env vars:
AIRFLOW_CTX_DAG_OWNER=***
AIRFLOW_CTX_DAG_ID=yellow_taxi_data_ingestion_gcs_dag_v3
AIRFLOW_CTX_TASK_ID=format_to_parquet_task
AIRFLOW_CTX_EXECUTION_DATE=2019-12-01T00:00:00+00:00
AIRFLOW_CTX_DAG_RUN_ID=scheduled__2019-12-01T00:00:00+00:00
[2022-02-05 19:34:50,156] {python.py:175} INFO - Done. Returned value was: None
[2022-02-05 19:34:50,205] {taskinstance.py:1277} INFO - Marking task as SUCCESS. dag_id=yellow_taxi_data_ingestion_gcs_dag_v3, task_id=format_to_parquet_task, execution_date=20191201T000000, start_date=20220205T193420, end_date=20220205T193450
[2022-02-05 19:34:51,579] {local_task_job.py:154} INFO - Task exited with return code 0
[2022-02-05 19:34:51,764] {local_task_job.py:264} INFO - 0 downstream tasks scheduled from follow-on schedule check
