[2022-02-05 18:50:03,109] {processor.py:163} INFO - Started process (PID=2647) to work on /opt/airflow/dags/data_ingestion_gcs_dag_v3.py
[2022-02-05 18:50:03,113] {processor.py:642} INFO - Processing file /opt/airflow/dags/data_ingestion_gcs_dag_v3.py for tasks to queue
[2022-02-05 18:50:03,116] {logging_mixin.py:109} INFO - [2022-02-05 18:50:03,116] {dagbag.py:500} INFO - Filling up the DagBag from /opt/airflow/dags/data_ingestion_gcs_dag_v3.py
[2022-02-05 18:50:06,340] {processor.py:654} INFO - DAG(s) dict_keys(['yellow_taxi_data_ingestion_gcs_dag_v3']) retrieved from /opt/airflow/dags/data_ingestion_gcs_dag_v3.py
[2022-02-05 18:50:07,248] {logging_mixin.py:109} INFO - [2022-02-05 18:50:07,247] {dag.py:2396} INFO - Sync 1 DAGs
[2022-02-05 18:50:07,335] {processor.py:171} INFO - Processing /opt/airflow/dags/data_ingestion_gcs_dag_v3.py took 4.231 seconds
[2022-02-05 18:50:18,299] {processor.py:163} INFO - Started process (PID=2659) to work on /opt/airflow/dags/data_ingestion_gcs_dag_v3.py
[2022-02-05 18:50:18,302] {processor.py:642} INFO - Processing file /opt/airflow/dags/data_ingestion_gcs_dag_v3.py for tasks to queue
[2022-02-05 18:50:18,304] {logging_mixin.py:109} INFO - [2022-02-05 18:50:18,304] {dagbag.py:500} INFO - Filling up the DagBag from /opt/airflow/dags/data_ingestion_gcs_dag_v3.py
[2022-02-05 18:50:21,026] {processor.py:690} INFO - Deactivated 1 DAGs which are no longer present in /opt/airflow/dags/data_ingestion_gcs_dag_v3.py
[2022-02-05 18:50:21,027] {processor.py:654} INFO - DAG(s) dict_keys(['fhv_trip_data_ingestion_gcs_dag']) retrieved from /opt/airflow/dags/data_ingestion_gcs_dag_v3.py
[2022-02-05 18:50:25,475] {logging_mixin.py:109} INFO - [2022-02-05 18:50:25,474] {manager.py:496} INFO - Created Permission View: can edit on DAG:fhv_trip_data_ingestion_gcs_dag
[2022-02-05 18:50:25,503] {logging_mixin.py:109} INFO - [2022-02-05 18:50:25,502] {manager.py:496} INFO - Created Permission View: can read on DAG:fhv_trip_data_ingestion_gcs_dag
[2022-02-05 18:50:25,506] {logging_mixin.py:109} INFO - [2022-02-05 18:50:25,504] {dag.py:2396} INFO - Sync 1 DAGs
[2022-02-05 18:50:25,534] {logging_mixin.py:109} INFO - [2022-02-05 18:50:25,533] {dag.py:2415} INFO - Creating ORM DAG for fhv_trip_data_ingestion_gcs_dag
[2022-02-05 18:50:25,569] {logging_mixin.py:109} INFO - [2022-02-05 18:50:25,569] {dag.py:2935} INFO - Setting next_dagrun for fhv_trip_data_ingestion_gcs_dag to 2019-01-01 00:00:00+00:00
[2022-02-05 18:50:25,605] {processor.py:171} INFO - Processing /opt/airflow/dags/data_ingestion_gcs_dag_v3.py took 7.313 seconds
[2022-02-05 18:50:35,577] {processor.py:163} INFO - Started process (PID=2704) to work on /opt/airflow/dags/data_ingestion_gcs_dag_v3.py
[2022-02-05 18:50:35,581] {processor.py:642} INFO - Processing file /opt/airflow/dags/data_ingestion_gcs_dag_v3.py for tasks to queue
[2022-02-05 18:50:35,585] {logging_mixin.py:109} INFO - [2022-02-05 18:50:35,584] {dagbag.py:500} INFO - Filling up the DagBag from /opt/airflow/dags/data_ingestion_gcs_dag_v3.py
[2022-02-05 18:50:38,558] {processor.py:654} INFO - DAG(s) dict_keys(['fhv_trip_data_ingestion_gcs_dag']) retrieved from /opt/airflow/dags/data_ingestion_gcs_dag_v3.py
[2022-02-05 18:50:38,568] {logging_mixin.py:109} INFO - [2022-02-05 18:50:38,567] {dag.py:2396} INFO - Sync 1 DAGs
[2022-02-05 18:50:38,620] {logging_mixin.py:109} INFO - [2022-02-05 18:50:38,619] {dag.py:2935} INFO - Setting next_dagrun for fhv_trip_data_ingestion_gcs_dag to 2019-01-01 00:00:00+00:00
[2022-02-05 18:50:38,647] {processor.py:171} INFO - Processing /opt/airflow/dags/data_ingestion_gcs_dag_v3.py took 3.077 seconds
[2022-02-05 18:51:08,934] {processor.py:163} INFO - Started process (PID=2766) to work on /opt/airflow/dags/data_ingestion_gcs_dag_v3.py
[2022-02-05 18:51:08,939] {processor.py:642} INFO - Processing file /opt/airflow/dags/data_ingestion_gcs_dag_v3.py for tasks to queue
[2022-02-05 18:51:08,943] {logging_mixin.py:109} INFO - [2022-02-05 18:51:08,942] {dagbag.py:500} INFO - Filling up the DagBag from /opt/airflow/dags/data_ingestion_gcs_dag_v3.py
[2022-02-05 18:51:12,233] {processor.py:654} INFO - DAG(s) dict_keys(['fhv_trip_data_ingestion_gcs_dag']) retrieved from /opt/airflow/dags/data_ingestion_gcs_dag_v3.py
[2022-02-05 18:51:13,071] {logging_mixin.py:109} INFO - [2022-02-05 18:51:13,070] {dag.py:2396} INFO - Sync 1 DAGs
[2022-02-05 18:51:13,128] {logging_mixin.py:109} INFO - [2022-02-05 18:51:13,128] {dag.py:2935} INFO - Setting next_dagrun for fhv_trip_data_ingestion_gcs_dag to 2019-01-01 00:00:00+00:00
[2022-02-05 18:51:13,159] {processor.py:171} INFO - Processing /opt/airflow/dags/data_ingestion_gcs_dag_v3.py took 4.232 seconds
[2022-02-05 18:51:43,383] {processor.py:163} INFO - Started process (PID=2855) to work on /opt/airflow/dags/data_ingestion_gcs_dag_v3.py
[2022-02-05 18:51:43,389] {processor.py:642} INFO - Processing file /opt/airflow/dags/data_ingestion_gcs_dag_v3.py for tasks to queue
[2022-02-05 18:51:43,391] {logging_mixin.py:109} INFO - [2022-02-05 18:51:43,391] {dagbag.py:500} INFO - Filling up the DagBag from /opt/airflow/dags/data_ingestion_gcs_dag_v3.py
[2022-02-05 18:51:46,658] {processor.py:654} INFO - DAG(s) dict_keys(['fhv_trip_data_ingestion_gcs_dag']) retrieved from /opt/airflow/dags/data_ingestion_gcs_dag_v3.py
[2022-02-05 18:51:46,689] {logging_mixin.py:109} INFO - [2022-02-05 18:51:46,688] {dag.py:2396} INFO - Sync 1 DAGs
[2022-02-05 18:51:46,755] {logging_mixin.py:109} INFO - [2022-02-05 18:51:46,755] {dag.py:2935} INFO - Setting next_dagrun for fhv_trip_data_ingestion_gcs_dag to 2019-01-01 00:00:00+00:00
[2022-02-05 18:51:46,781] {processor.py:171} INFO - Processing /opt/airflow/dags/data_ingestion_gcs_dag_v3.py took 3.405 seconds
[2022-02-05 18:52:16,988] {processor.py:163} INFO - Started process (PID=2902) to work on /opt/airflow/dags/data_ingestion_gcs_dag_v3.py
[2022-02-05 18:52:16,992] {processor.py:642} INFO - Processing file /opt/airflow/dags/data_ingestion_gcs_dag_v3.py for tasks to queue
[2022-02-05 18:52:16,995] {logging_mixin.py:109} INFO - [2022-02-05 18:52:16,994] {dagbag.py:500} INFO - Filling up the DagBag from /opt/airflow/dags/data_ingestion_gcs_dag_v3.py
[2022-02-05 18:52:20,023] {processor.py:654} INFO - DAG(s) dict_keys(['fhv_trip_data_ingestion_gcs_dag']) retrieved from /opt/airflow/dags/data_ingestion_gcs_dag_v3.py
[2022-02-05 18:52:20,053] {logging_mixin.py:109} INFO - [2022-02-05 18:52:20,052] {dag.py:2396} INFO - Sync 1 DAGs
[2022-02-05 18:52:20,104] {logging_mixin.py:109} INFO - [2022-02-05 18:52:20,104] {dag.py:2935} INFO - Setting next_dagrun for fhv_trip_data_ingestion_gcs_dag to 2019-01-01 00:00:00+00:00
[2022-02-05 18:52:20,125] {processor.py:171} INFO - Processing /opt/airflow/dags/data_ingestion_gcs_dag_v3.py took 3.143 seconds
[2022-02-05 18:52:50,393] {processor.py:163} INFO - Started process (PID=2966) to work on /opt/airflow/dags/data_ingestion_gcs_dag_v3.py
[2022-02-05 18:52:50,397] {processor.py:642} INFO - Processing file /opt/airflow/dags/data_ingestion_gcs_dag_v3.py for tasks to queue
[2022-02-05 18:52:50,400] {logging_mixin.py:109} INFO - [2022-02-05 18:52:50,399] {dagbag.py:500} INFO - Filling up the DagBag from /opt/airflow/dags/data_ingestion_gcs_dag_v3.py
[2022-02-05 18:52:53,210] {processor.py:654} INFO - DAG(s) dict_keys(['fhv_trip_data_ingestion_gcs_dag']) retrieved from /opt/airflow/dags/data_ingestion_gcs_dag_v3.py
[2022-02-05 18:52:53,239] {logging_mixin.py:109} INFO - [2022-02-05 18:52:53,238] {dag.py:2396} INFO - Sync 1 DAGs
[2022-02-05 18:52:53,306] {logging_mixin.py:109} INFO - [2022-02-05 18:52:53,305] {dag.py:2935} INFO - Setting next_dagrun for fhv_trip_data_ingestion_gcs_dag to 2019-01-01 00:00:00+00:00
[2022-02-05 18:52:53,329] {processor.py:171} INFO - Processing /opt/airflow/dags/data_ingestion_gcs_dag_v3.py took 2.942 seconds
[2022-02-05 18:53:24,491] {processor.py:163} INFO - Started process (PID=3032) to work on /opt/airflow/dags/data_ingestion_gcs_dag_v3.py
[2022-02-05 18:53:24,495] {processor.py:642} INFO - Processing file /opt/airflow/dags/data_ingestion_gcs_dag_v3.py for tasks to queue
[2022-02-05 18:53:24,498] {logging_mixin.py:109} INFO - [2022-02-05 18:53:24,497] {dagbag.py:500} INFO - Filling up the DagBag from /opt/airflow/dags/data_ingestion_gcs_dag_v3.py
[2022-02-05 18:53:27,655] {processor.py:654} INFO - DAG(s) dict_keys(['fhv_trip_data_ingestion_gcs_dag']) retrieved from /opt/airflow/dags/data_ingestion_gcs_dag_v3.py
[2022-02-05 18:53:27,689] {logging_mixin.py:109} INFO - [2022-02-05 18:53:27,688] {dag.py:2396} INFO - Sync 1 DAGs
[2022-02-05 18:53:27,748] {logging_mixin.py:109} INFO - [2022-02-05 18:53:27,748] {dag.py:2935} INFO - Setting next_dagrun for fhv_trip_data_ingestion_gcs_dag to 2019-01-01 00:00:00+00:00
[2022-02-05 18:53:27,774] {processor.py:171} INFO - Processing /opt/airflow/dags/data_ingestion_gcs_dag_v3.py took 3.270 seconds
[2022-02-05 18:53:58,473] {processor.py:163} INFO - Started process (PID=3078) to work on /opt/airflow/dags/data_ingestion_gcs_dag_v3.py
[2022-02-05 18:53:58,477] {processor.py:642} INFO - Processing file /opt/airflow/dags/data_ingestion_gcs_dag_v3.py for tasks to queue
[2022-02-05 18:53:58,479] {logging_mixin.py:109} INFO - [2022-02-05 18:53:58,479] {dagbag.py:500} INFO - Filling up the DagBag from /opt/airflow/dags/data_ingestion_gcs_dag_v3.py
[2022-02-05 18:54:01,847] {processor.py:654} INFO - DAG(s) dict_keys(['fhv_trip_data_ingestion_gcs_dag']) retrieved from /opt/airflow/dags/data_ingestion_gcs_dag_v3.py
[2022-02-05 18:54:01,881] {logging_mixin.py:109} INFO - [2022-02-05 18:54:01,880] {dag.py:2396} INFO - Sync 1 DAGs
[2022-02-05 18:54:01,944] {logging_mixin.py:109} INFO - [2022-02-05 18:54:01,943] {dag.py:2935} INFO - Setting next_dagrun for fhv_trip_data_ingestion_gcs_dag to 2019-01-01 00:00:00+00:00
[2022-02-05 18:54:01,968] {processor.py:171} INFO - Processing /opt/airflow/dags/data_ingestion_gcs_dag_v3.py took 3.501 seconds
[2022-02-05 18:54:32,225] {processor.py:163} INFO - Started process (PID=3141) to work on /opt/airflow/dags/data_ingestion_gcs_dag_v3.py
[2022-02-05 18:54:32,228] {processor.py:642} INFO - Processing file /opt/airflow/dags/data_ingestion_gcs_dag_v3.py for tasks to queue
[2022-02-05 18:54:32,231] {logging_mixin.py:109} INFO - [2022-02-05 18:54:32,230] {dagbag.py:500} INFO - Filling up the DagBag from /opt/airflow/dags/data_ingestion_gcs_dag_v3.py
[2022-02-05 18:54:35,476] {processor.py:654} INFO - DAG(s) dict_keys(['fhv_trip_data_ingestion_gcs_dag']) retrieved from /opt/airflow/dags/data_ingestion_gcs_dag_v3.py
[2022-02-05 18:54:35,507] {logging_mixin.py:109} INFO - [2022-02-05 18:54:35,506] {dag.py:2396} INFO - Sync 1 DAGs
[2022-02-05 18:54:35,561] {logging_mixin.py:109} INFO - [2022-02-05 18:54:35,560] {dag.py:2935} INFO - Setting next_dagrun for fhv_trip_data_ingestion_gcs_dag to 2019-01-01 00:00:00+00:00
[2022-02-05 18:54:35,572] {processor.py:174} ERROR - Got an exception! Propagating...
Traceback (most recent call last):
  File "/home/airflow/.local/lib/python3.7/site-packages/airflow/dag_processing/processor.py", line 168, in _run_file_processor
    callback_requests=callback_requests,
  File "/home/airflow/.local/lib/python3.7/site-packages/airflow/utils/session.py", line 70, in wrapper
    return func(*args, session=session, **kwargs)
  File "/home/airflow/.local/lib/python3.7/site-packages/airflow/dag_processing/processor.py", line 663, in process_file
    dagbag.sync_to_db()
  File "/home/airflow/.local/lib/python3.7/site-packages/airflow/utils/session.py", line 70, in wrapper
    return func(*args, session=session, **kwargs)
  File "/home/airflow/.local/lib/python3.7/site-packages/airflow/models/dagbag.py", line 608, in sync_to_db
    for attempt in run_with_db_retries(logger=self.log):
  File "/home/airflow/.local/lib/python3.7/site-packages/tenacity/__init__.py", line 382, in __iter__
    do = self.iter(retry_state=retry_state)
  File "/home/airflow/.local/lib/python3.7/site-packages/tenacity/__init__.py", line 349, in iter
    return fut.result()
  File "/usr/local/lib/python3.7/concurrent/futures/_base.py", line 428, in result
    return self.__get_result()
  File "/usr/local/lib/python3.7/concurrent/futures/_base.py", line 384, in __get_result
    raise self._exception
  File "/home/airflow/.local/lib/python3.7/site-packages/airflow/models/dagbag.py", line 622, in sync_to_db
    DAG.bulk_write_to_db(self.dags.values(), session=session)
  File "/home/airflow/.local/lib/python3.7/site-packages/airflow/utils/session.py", line 67, in wrapper
    return func(*args, **kwargs)
  File "/home/airflow/.local/lib/python3.7/site-packages/airflow/models/dag.py", line 2485, in bulk_write_to_db
    DagCode.bulk_sync_to_db(filelocs, session=session)
  File "/home/airflow/.local/lib/python3.7/site-packages/airflow/utils/session.py", line 67, in wrapper
    return func(*args, **kwargs)
  File "/home/airflow/.local/lib/python3.7/site-packages/airflow/models/dagcode.py", line 113, in bulk_sync_to_db
    os.path.getmtime(correct_maybe_zipped(fileloc)), tz=timezone.utc
  File "/usr/local/lib/python3.7/genericpath.py", line 55, in getmtime
    return os.stat(filename).st_mtime
FileNotFoundError: [Errno 2] No such file or directory: '/opt/airflow/dags/data_ingestion_gcs_dag_v3.py'
