[2022-02-06 18:41:00,781] {taskinstance.py:1032} INFO - Dependencies all met for <TaskInstance: yellow_taxi_data_ingestion_gcs_dag.local_to_gcs_task scheduled__2020-05-01T00:00:00+00:00 [queued]>
[2022-02-06 18:41:00,822] {taskinstance.py:1032} INFO - Dependencies all met for <TaskInstance: yellow_taxi_data_ingestion_gcs_dag.local_to_gcs_task scheduled__2020-05-01T00:00:00+00:00 [queued]>
[2022-02-06 18:41:00,824] {taskinstance.py:1238} INFO - 
--------------------------------------------------------------------------------
[2022-02-06 18:41:00,825] {taskinstance.py:1239} INFO - Starting attempt 1 of 1
[2022-02-06 18:41:00,827] {taskinstance.py:1240} INFO - 
--------------------------------------------------------------------------------
[2022-02-06 18:41:00,870] {taskinstance.py:1259} INFO - Executing <Task(PythonOperator): local_to_gcs_task> on 2020-05-01 00:00:00+00:00
[2022-02-06 18:41:00,880] {standard_task_runner.py:52} INFO - Started process 8804 to run task
[2022-02-06 18:41:00,890] {standard_task_runner.py:76} INFO - Running: ['***', 'tasks', 'run', 'yellow_taxi_data_ingestion_gcs_dag', 'local_to_gcs_task', 'scheduled__2020-05-01T00:00:00+00:00', '--job-id', '182', '--raw', '--subdir', 'DAGS_FOLDER/yellow_taxi_data_ingestion_gcs_dag.py', '--cfg-path', '/tmp/tmp_n63q3k6', '--error-file', '/tmp/tmp31qadku2']
[2022-02-06 18:41:00,893] {standard_task_runner.py:77} INFO - Job 182: Subtask local_to_gcs_task
[2022-02-06 18:41:01,052] {logging_mixin.py:109} INFO - Running <TaskInstance: yellow_taxi_data_ingestion_gcs_dag.local_to_gcs_task scheduled__2020-05-01T00:00:00+00:00 [running]> on host 4c7ee98729cc
[2022-02-06 18:41:01,234] {logging_mixin.py:109} WARNING - /home/***/.local/lib/python3.7/site-packages/***/utils/context.py:152 AirflowContextDeprecationWarning: Accessing 'execution_date' from the template is deprecated and will be removed in a future version. Please use 'data_interval_start' or 'logical_date' instead.
[2022-02-06 18:41:01,295] {taskinstance.py:1426} INFO - Exporting the following env vars:
AIRFLOW_CTX_DAG_OWNER=***
AIRFLOW_CTX_DAG_ID=yellow_taxi_data_ingestion_gcs_dag
AIRFLOW_CTX_TASK_ID=local_to_gcs_task
AIRFLOW_CTX_EXECUTION_DATE=2020-05-01T00:00:00+00:00
AIRFLOW_CTX_DAG_RUN_ID=scheduled__2020-05-01T00:00:00+00:00
[2022-02-06 18:41:08,482] {python.py:175} INFO - Done. Returned value was: None
[2022-02-06 18:41:08,546] {taskinstance.py:1277} INFO - Marking task as SUCCESS. dag_id=yellow_taxi_data_ingestion_gcs_dag, task_id=local_to_gcs_task, execution_date=20200501T000000, start_date=20220206T184100, end_date=20220206T184108
[2022-02-06 18:41:08,649] {local_task_job.py:154} INFO - Task exited with return code 0
[2022-02-06 18:41:08,751] {local_task_job.py:264} INFO - 0 downstream tasks scheduled from follow-on schedule check
