[2022-02-06 18:42:00,586] {taskinstance.py:1032} INFO - Dependencies all met for <TaskInstance: yellow_taxi_data_ingestion_gcs_dag.local_to_gcs_task scheduled__2020-06-01T00:00:00+00:00 [queued]>
[2022-02-06 18:42:00,633] {taskinstance.py:1032} INFO - Dependencies all met for <TaskInstance: yellow_taxi_data_ingestion_gcs_dag.local_to_gcs_task scheduled__2020-06-01T00:00:00+00:00 [queued]>
[2022-02-06 18:42:00,635] {taskinstance.py:1238} INFO - 
--------------------------------------------------------------------------------
[2022-02-06 18:42:00,636] {taskinstance.py:1239} INFO - Starting attempt 1 of 1
[2022-02-06 18:42:00,637] {taskinstance.py:1240} INFO - 
--------------------------------------------------------------------------------
[2022-02-06 18:42:00,684] {taskinstance.py:1259} INFO - Executing <Task(PythonOperator): local_to_gcs_task> on 2020-06-01 00:00:00+00:00
[2022-02-06 18:42:00,696] {standard_task_runner.py:52} INFO - Started process 8956 to run task
[2022-02-06 18:42:00,705] {standard_task_runner.py:76} INFO - Running: ['***', 'tasks', 'run', 'yellow_taxi_data_ingestion_gcs_dag', 'local_to_gcs_task', 'scheduled__2020-06-01T00:00:00+00:00', '--job-id', '185', '--raw', '--subdir', 'DAGS_FOLDER/yellow_taxi_data_ingestion_gcs_dag.py', '--cfg-path', '/tmp/tmpsxkb3map', '--error-file', '/tmp/tmpchdenbid']
[2022-02-06 18:42:00,708] {standard_task_runner.py:77} INFO - Job 185: Subtask local_to_gcs_task
[2022-02-06 18:42:00,931] {logging_mixin.py:109} INFO - Running <TaskInstance: yellow_taxi_data_ingestion_gcs_dag.local_to_gcs_task scheduled__2020-06-01T00:00:00+00:00 [running]> on host 4c7ee98729cc
[2022-02-06 18:42:01,323] {logging_mixin.py:109} WARNING - /home/***/.local/lib/python3.7/site-packages/***/utils/context.py:152 AirflowContextDeprecationWarning: Accessing 'execution_date' from the template is deprecated and will be removed in a future version. Please use 'data_interval_start' or 'logical_date' instead.
[2022-02-06 18:42:01,387] {taskinstance.py:1426} INFO - Exporting the following env vars:
AIRFLOW_CTX_DAG_OWNER=***
AIRFLOW_CTX_DAG_ID=yellow_taxi_data_ingestion_gcs_dag
AIRFLOW_CTX_TASK_ID=local_to_gcs_task
AIRFLOW_CTX_EXECUTION_DATE=2020-06-01T00:00:00+00:00
AIRFLOW_CTX_DAG_RUN_ID=scheduled__2020-06-01T00:00:00+00:00
[2022-02-06 18:42:10,525] {python.py:175} INFO - Done. Returned value was: None
[2022-02-06 18:42:10,615] {taskinstance.py:1277} INFO - Marking task as SUCCESS. dag_id=yellow_taxi_data_ingestion_gcs_dag, task_id=local_to_gcs_task, execution_date=20200601T000000, start_date=20220206T184200, end_date=20220206T184210
[2022-02-06 18:42:10,725] {local_task_job.py:154} INFO - Task exited with return code 0
[2022-02-06 18:42:10,806] {local_task_job.py:264} INFO - 0 downstream tasks scheduled from follow-on schedule check
