[2022-02-03 20:34:59,662] {taskinstance.py:1032} INFO - Dependencies all met for <TaskInstance: data_ingestion_gcs_dag_2.print_sth scheduled__2019-01-02T06:00:00+00:00 [queued]>
[2022-02-03 20:34:59,707] {taskinstance.py:1032} INFO - Dependencies all met for <TaskInstance: data_ingestion_gcs_dag_2.print_sth scheduled__2019-01-02T06:00:00+00:00 [queued]>
[2022-02-03 20:34:59,708] {taskinstance.py:1238} INFO - 
--------------------------------------------------------------------------------
[2022-02-03 20:34:59,709] {taskinstance.py:1239} INFO - Starting attempt 1 of 2
[2022-02-03 20:34:59,710] {taskinstance.py:1240} INFO - 
--------------------------------------------------------------------------------
[2022-02-03 20:34:59,748] {taskinstance.py:1259} INFO - Executing <Task(BashOperator): print_sth> on 2019-01-02 06:00:00+00:00
[2022-02-03 20:34:59,758] {standard_task_runner.py:52} INFO - Started process 4955 to run task
[2022-02-03 20:34:59,766] {standard_task_runner.py:76} INFO - Running: ['***', 'tasks', 'run', 'data_ingestion_gcs_dag_2', 'print_sth', 'scheduled__2019-01-02T06:00:00+00:00', '--job-id', '28', '--raw', '--subdir', 'DAGS_FOLDER/data_ingestion_gcs_dag_2.py', '--cfg-path', '/tmp/tmpockkx6uk', '--error-file', '/tmp/tmp1li89i9p']
[2022-02-03 20:34:59,769] {standard_task_runner.py:77} INFO - Job 28: Subtask print_sth
[2022-02-03 20:34:59,885] {logging_mixin.py:109} INFO - Running <TaskInstance: data_ingestion_gcs_dag_2.print_sth scheduled__2019-01-02T06:00:00+00:00 [running]> on host 985445ce9491
[2022-02-03 20:35:00,037] {taskinstance.py:1426} INFO - Exporting the following env vars:
AIRFLOW_CTX_DAG_OWNER=***
AIRFLOW_CTX_DAG_ID=data_ingestion_gcs_dag_2
AIRFLOW_CTX_TASK_ID=print_sth
AIRFLOW_CTX_EXECUTION_DATE=2019-01-02T06:00:00+00:00
AIRFLOW_CTX_DAG_RUN_ID=scheduled__2019-01-02T06:00:00+00:00
[2022-02-03 20:35:00,045] {subprocess.py:62} INFO - Tmp dir root location: 
 /tmp
[2022-02-03 20:35:00,048] {subprocess.py:74} INFO - Running command: ['bash', '-c', "echo 'helloworld'"]
[2022-02-03 20:35:00,067] {subprocess.py:85} INFO - Output:
[2022-02-03 20:35:00,107] {subprocess.py:89} INFO - helloworld
[2022-02-03 20:35:00,110] {subprocess.py:93} INFO - Command exited with return code 0
[2022-02-03 20:35:00,188] {taskinstance.py:1277} INFO - Marking task as SUCCESS. dag_id=data_ingestion_gcs_dag_2, task_id=print_sth, execution_date=20190102T060000, start_date=20220203T203459, end_date=20220203T203500
[2022-02-03 20:35:00,262] {local_task_job.py:154} INFO - Task exited with return code 0
[2022-02-03 20:35:00,334] {local_task_job.py:264} INFO - 0 downstream tasks scheduled from follow-on schedule check
