[2022-02-06 12:38:29,520] {taskinstance.py:1032} INFO - Dependencies all met for <TaskInstance: fhv_trip_data_ingestion_gcs_dag.local_to_gcs_task scheduled__2019-02-01T00:00:00+00:00 [queued]>
[2022-02-06 12:38:29,562] {taskinstance.py:1032} INFO - Dependencies all met for <TaskInstance: fhv_trip_data_ingestion_gcs_dag.local_to_gcs_task scheduled__2019-02-01T00:00:00+00:00 [queued]>
[2022-02-06 12:38:29,564] {taskinstance.py:1238} INFO - 
--------------------------------------------------------------------------------
[2022-02-06 12:38:29,565] {taskinstance.py:1239} INFO - Starting attempt 1 of 1
[2022-02-06 12:38:29,566] {taskinstance.py:1240} INFO - 
--------------------------------------------------------------------------------
[2022-02-06 12:38:29,607] {taskinstance.py:1259} INFO - Executing <Task(PythonOperator): local_to_gcs_task> on 2019-02-01 00:00:00+00:00
[2022-02-06 12:38:29,617] {standard_task_runner.py:52} INFO - Started process 3204 to run task
[2022-02-06 12:38:29,626] {standard_task_runner.py:76} INFO - Running: ['***', 'tasks', 'run', 'fhv_trip_data_ingestion_gcs_dag', 'local_to_gcs_task', 'scheduled__2019-02-01T00:00:00+00:00', '--job-id', '133', '--raw', '--subdir', 'DAGS_FOLDER/fhv_data_ingestion_gcs_dag.py', '--cfg-path', '/tmp/tmpd4vt3kab', '--error-file', '/tmp/tmpo7empgfa']
[2022-02-06 12:38:29,629] {standard_task_runner.py:77} INFO - Job 133: Subtask local_to_gcs_task
[2022-02-06 12:38:29,783] {logging_mixin.py:109} INFO - Running <TaskInstance: fhv_trip_data_ingestion_gcs_dag.local_to_gcs_task scheduled__2019-02-01T00:00:00+00:00 [running]> on host c9d16932214b
[2022-02-06 12:38:29,973] {logging_mixin.py:109} WARNING - /home/***/.local/lib/python3.7/site-packages/***/utils/context.py:152 AirflowContextDeprecationWarning: Accessing 'execution_date' from the template is deprecated and will be removed in a future version. Please use 'data_interval_start' or 'logical_date' instead.
[2022-02-06 12:38:30,037] {taskinstance.py:1426} INFO - Exporting the following env vars:
AIRFLOW_CTX_DAG_OWNER=***
AIRFLOW_CTX_DAG_ID=fhv_trip_data_ingestion_gcs_dag
AIRFLOW_CTX_TASK_ID=local_to_gcs_task
AIRFLOW_CTX_EXECUTION_DATE=2019-02-01T00:00:00+00:00
AIRFLOW_CTX_DAG_RUN_ID=scheduled__2019-02-01T00:00:00+00:00
[2022-02-06 12:38:38,310] {python.py:175} INFO - Done. Returned value was: None
[2022-02-06 12:38:38,350] {taskinstance.py:1277} INFO - Marking task as SUCCESS. dag_id=fhv_trip_data_ingestion_gcs_dag, task_id=local_to_gcs_task, execution_date=20190201T000000, start_date=20220206T123829, end_date=20220206T123838
[2022-02-06 12:38:38,437] {local_task_job.py:154} INFO - Task exited with return code 0
[2022-02-06 12:38:38,522] {local_task_job.py:264} INFO - 0 downstream tasks scheduled from follow-on schedule check
