[2022-01-26 21:12:54,680] {manager.py:514} INFO - Processing files using up to 2 processes at a time 
[2022-01-26 21:12:54,716] {manager.py:515} INFO - Process each file at most once every 30 seconds
[2022-01-26 21:12:54,727] {manager.py:517} INFO - Checking for new files in /opt/airflow/dags every 300 seconds
[2022-01-26 21:12:54,742] {manager.py:663} INFO - Searching for files in /opt/airflow/dags
[2022-01-26 21:12:54,776] {manager.py:666} INFO - There are 0 files in /opt/airflow/dags
[2022-01-26 21:12:55,375] {manager.py:1065} INFO - Finding 'running' jobs without a recent heartbeat
[2022-01-26 21:12:55,384] {manager.py:1069} INFO - Failing jobs without heartbeat after 2022-01-26 21:07:55.383776+00:00
[2022-01-26 21:13:06,278] {manager.py:1065} INFO - Finding 'running' jobs without a recent heartbeat
[2022-01-26 21:13:06,289] {manager.py:1069} INFO - Failing jobs without heartbeat after 2022-01-26 21:08:06.288737+00:00
[2022-01-26 21:13:16,517] {manager.py:1065} INFO - Finding 'running' jobs without a recent heartbeat
[2022-01-26 21:13:16,543] {manager.py:1069} INFO - Failing jobs without heartbeat after 2022-01-26 21:08:16.543290+00:00
[2022-01-26 21:13:26,958] {manager.py:1065} INFO - Finding 'running' jobs without a recent heartbeat
[2022-01-26 21:13:26,974] {manager.py:1069} INFO - Failing jobs without heartbeat after 2022-01-26 21:08:26.974480+00:00
[2022-01-26 21:13:29,008] {manager.py:495} INFO - Exiting gracefully upon receiving signal 15
[2022-01-26 21:24:14,119] {manager.py:514} INFO - Processing files using up to 2 processes at a time 
[2022-01-26 21:24:14,159] {manager.py:515} INFO - Process each file at most once every 30 seconds
[2022-01-26 21:24:14,172] {manager.py:517} INFO - Checking for new files in /opt/airflow/dags every 300 seconds
[2022-01-26 21:24:14,176] {manager.py:663} INFO - Searching for files in /opt/airflow/dags
[2022-01-26 21:24:14,220] {manager.py:666} INFO - There are 0 files in /opt/airflow/dags
[2022-01-26 21:24:14,866] {manager.py:1065} INFO - Finding 'running' jobs without a recent heartbeat
[2022-01-26 21:24:14,888] {manager.py:1069} INFO - Failing jobs without heartbeat after 2022-01-26 21:19:14.883968+00:00
[2022-01-26 21:24:25,827] {manager.py:1065} INFO - Finding 'running' jobs without a recent heartbeat
[2022-01-26 21:24:25,858] {manager.py:1069} INFO - Failing jobs without heartbeat after 2022-01-26 21:19:25.858352+00:00
[2022-01-26 21:24:36,412] {manager.py:1065} INFO - Finding 'running' jobs without a recent heartbeat
[2022-01-26 21:24:36,424] {manager.py:1069} INFO - Failing jobs without heartbeat after 2022-01-26 21:19:36.423875+00:00
[2022-01-26 21:24:46,919] {manager.py:1065} INFO - Finding 'running' jobs without a recent heartbeat
[2022-01-26 21:24:46,928] {manager.py:1069} INFO - Failing jobs without heartbeat after 2022-01-26 21:19:46.927824+00:00
[2022-01-26 21:24:57,423] {manager.py:1065} INFO - Finding 'running' jobs without a recent heartbeat
[2022-01-26 21:24:57,471] {manager.py:1069} INFO - Failing jobs without heartbeat after 2022-01-26 21:19:57.470938+00:00
[2022-01-26 21:25:08,079] {manager.py:1065} INFO - Finding 'running' jobs without a recent heartbeat
[2022-01-26 21:25:08,094] {manager.py:1069} INFO - Failing jobs without heartbeat after 2022-01-26 21:20:08.094703+00:00
[2022-01-26 21:25:18,647] {manager.py:1065} INFO - Finding 'running' jobs without a recent heartbeat
[2022-01-26 21:25:18,657] {manager.py:1069} INFO - Failing jobs without heartbeat after 2022-01-26 21:20:18.656735+00:00
[2022-01-26 21:25:29,171] {manager.py:1065} INFO - Finding 'running' jobs without a recent heartbeat
[2022-01-26 21:25:29,186] {manager.py:1069} INFO - Failing jobs without heartbeat after 2022-01-26 21:20:29.186685+00:00
[2022-01-26 21:25:39,754] {manager.py:1065} INFO - Finding 'running' jobs without a recent heartbeat
[2022-01-26 21:25:39,778] {manager.py:1069} INFO - Failing jobs without heartbeat after 2022-01-26 21:20:39.778517+00:00
[2022-01-26 21:25:43,699] {manager.py:495} INFO - Exiting gracefully upon receiving signal 15
