[2022-02-05 18:40:26,285] {taskinstance.py:1032} INFO - Dependencies all met for <TaskInstance: yellow_taxi_data_ingestion_gcs_dag_2.format_to_parquet_task scheduled__2019-03-01T00:00:00+00:00 [queued]>
[2022-02-05 18:40:26,321] {taskinstance.py:1032} INFO - Dependencies all met for <TaskInstance: yellow_taxi_data_ingestion_gcs_dag_2.format_to_parquet_task scheduled__2019-03-01T00:00:00+00:00 [queued]>
[2022-02-05 18:40:26,323] {taskinstance.py:1238} INFO - 
--------------------------------------------------------------------------------
[2022-02-05 18:40:26,324] {taskinstance.py:1239} INFO - Starting attempt 1 of 1
[2022-02-05 18:40:26,325] {taskinstance.py:1240} INFO - 
--------------------------------------------------------------------------------
[2022-02-05 18:40:26,363] {taskinstance.py:1259} INFO - Executing <Task(PythonOperator): format_to_parquet_task> on 2019-03-01 00:00:00+00:00
[2022-02-05 18:40:26,373] {standard_task_runner.py:52} INFO - Started process 1695 to run task
[2022-02-05 18:40:26,380] {standard_task_runner.py:76} INFO - Running: ['***', 'tasks', 'run', 'yellow_taxi_data_ingestion_gcs_dag_2', 'format_to_parquet_task', 'scheduled__2019-03-01T00:00:00+00:00', '--job-id', '93', '--raw', '--subdir', 'DAGS_FOLDER/data_ingestion_gcs_dag_2.py', '--cfg-path', '/tmp/tmpmi92p1b0', '--error-file', '/tmp/tmpmh6604gp']
[2022-02-05 18:40:26,383] {standard_task_runner.py:77} INFO - Job 93: Subtask format_to_parquet_task
[2022-02-05 18:40:26,520] {logging_mixin.py:109} INFO - Running <TaskInstance: yellow_taxi_data_ingestion_gcs_dag_2.format_to_parquet_task scheduled__2019-03-01T00:00:00+00:00 [running]> on host 29223c71f18a
[2022-02-05 18:40:26,699] {logging_mixin.py:109} WARNING - /home/***/.local/lib/python3.7/site-packages/***/utils/context.py:152 AirflowContextDeprecationWarning: Accessing 'execution_date' from the template is deprecated and will be removed in a future version. Please use 'data_interval_start' or 'logical_date' instead.
[2022-02-05 18:40:26,743] {taskinstance.py:1426} INFO - Exporting the following env vars:
AIRFLOW_CTX_DAG_OWNER=***
AIRFLOW_CTX_DAG_ID=yellow_taxi_data_ingestion_gcs_dag_2
AIRFLOW_CTX_TASK_ID=format_to_parquet_task
AIRFLOW_CTX_EXECUTION_DATE=2019-03-01T00:00:00+00:00
AIRFLOW_CTX_DAG_RUN_ID=scheduled__2019-03-01T00:00:00+00:00
[2022-02-05 18:40:54,840] {python.py:175} INFO - Done. Returned value was: None
[2022-02-05 18:40:54,908] {taskinstance.py:1277} INFO - Marking task as SUCCESS. dag_id=yellow_taxi_data_ingestion_gcs_dag_2, task_id=format_to_parquet_task, execution_date=20190301T000000, start_date=20220205T184026, end_date=20220205T184054
[2022-02-05 18:40:56,574] {local_task_job.py:154} INFO - Task exited with return code 0
[2022-02-05 18:40:56,763] {local_task_job.py:264} INFO - 0 downstream tasks scheduled from follow-on schedule check
