[2022-02-03 20:54:15,547] {taskinstance.py:1032} INFO - Dependencies all met for <TaskInstance: data_ingestion_gcs_dag_5.print_sth scheduled__2020-01-01T00:00:00+00:00 [queued]>
[2022-02-03 20:54:15,730] {taskinstance.py:1032} INFO - Dependencies all met for <TaskInstance: data_ingestion_gcs_dag_5.print_sth scheduled__2020-01-01T00:00:00+00:00 [queued]>
[2022-02-03 20:54:15,747] {taskinstance.py:1238} INFO - 
--------------------------------------------------------------------------------
[2022-02-03 20:54:15,750] {taskinstance.py:1239} INFO - Starting attempt 1 of 1
[2022-02-03 20:54:15,752] {taskinstance.py:1240} INFO - 
--------------------------------------------------------------------------------
[2022-02-03 20:54:15,989] {taskinstance.py:1259} INFO - Executing <Task(BashOperator): print_sth> on 2020-01-01 00:00:00+00:00
[2022-02-03 20:54:16,057] {standard_task_runner.py:52} INFO - Started process 7055 to run task
[2022-02-03 20:54:16,084] {standard_task_runner.py:76} INFO - Running: ['***', 'tasks', 'run', 'data_ingestion_gcs_dag_5', 'print_sth', 'scheduled__2020-01-01T00:00:00+00:00', '--job-id', '60', '--raw', '--subdir', 'DAGS_FOLDER/data_ingestion_gcs_dag_2.py', '--cfg-path', '/tmp/tmp01_t86h2', '--error-file', '/tmp/tmp16g45ag7']
[2022-02-03 20:54:16,092] {standard_task_runner.py:77} INFO - Job 60: Subtask print_sth
[2022-02-03 20:54:16,713] {logging_mixin.py:109} INFO - Running <TaskInstance: data_ingestion_gcs_dag_5.print_sth scheduled__2020-01-01T00:00:00+00:00 [running]> on host 985445ce9491
[2022-02-03 20:54:17,214] {taskinstance.py:1426} INFO - Exporting the following env vars:
AIRFLOW_CTX_DAG_OWNER=***
AIRFLOW_CTX_DAG_ID=data_ingestion_gcs_dag_5
AIRFLOW_CTX_TASK_ID=print_sth
AIRFLOW_CTX_EXECUTION_DATE=2020-01-01T00:00:00+00:00
AIRFLOW_CTX_DAG_RUN_ID=scheduled__2020-01-01T00:00:00+00:00
[2022-02-03 20:54:17,224] {subprocess.py:62} INFO - Tmp dir root location: 
 /tmp
[2022-02-03 20:54:17,229] {subprocess.py:74} INFO - Running command: ['bash', '-c', "echo 'helloworld'"]
[2022-02-03 20:54:17,285] {subprocess.py:85} INFO - Output:
[2022-02-03 20:54:17,350] {subprocess.py:89} INFO - helloworld
[2022-02-03 20:54:17,356] {subprocess.py:93} INFO - Command exited with return code 0
[2022-02-03 20:54:17,488] {taskinstance.py:1277} INFO - Marking task as SUCCESS. dag_id=data_ingestion_gcs_dag_5, task_id=print_sth, execution_date=20200101T000000, start_date=20220203T205415, end_date=20220203T205417
[2022-02-03 20:54:17,623] {local_task_job.py:154} INFO - Task exited with return code 0
[2022-02-03 20:54:17,826] {local_task_job.py:264} INFO - 0 downstream tasks scheduled from follow-on schedule check
