[2022-02-03 21:09:31,467] {taskinstance.py:1032} INFO - Dependencies all met for <TaskInstance: yellow_taxi_data_ingestion_gcs_dag_1.format_to_parquet_task scheduled__2019-01-01T00:00:00+00:00 [queued]>
[2022-02-03 21:09:31,518] {taskinstance.py:1032} INFO - Dependencies all met for <TaskInstance: yellow_taxi_data_ingestion_gcs_dag_1.format_to_parquet_task scheduled__2019-01-01T00:00:00+00:00 [queued]>
[2022-02-03 21:09:31,520] {taskinstance.py:1238} INFO - 
--------------------------------------------------------------------------------
[2022-02-03 21:09:31,521] {taskinstance.py:1239} INFO - Starting attempt 1 of 1
[2022-02-03 21:09:31,522] {taskinstance.py:1240} INFO - 
--------------------------------------------------------------------------------
[2022-02-03 21:09:31,571] {taskinstance.py:1259} INFO - Executing <Task(PythonOperator): format_to_parquet_task> on 2019-01-01 00:00:00+00:00
[2022-02-03 21:09:31,582] {standard_task_runner.py:52} INFO - Started process 8670 to run task
[2022-02-03 21:09:31,591] {standard_task_runner.py:76} INFO - Running: ['***', 'tasks', 'run', 'yellow_taxi_data_ingestion_gcs_dag_1', 'format_to_parquet_task', 'scheduled__2019-01-01T00:00:00+00:00', '--job-id', '84', '--raw', '--subdir', 'DAGS_FOLDER/data_ingestion_gcs_dag_2.py', '--cfg-path', '/tmp/tmpjplx2mup', '--error-file', '/tmp/tmpq166mvkz']
[2022-02-03 21:09:31,594] {standard_task_runner.py:77} INFO - Job 84: Subtask format_to_parquet_task
[2022-02-03 21:09:31,736] {logging_mixin.py:109} INFO - Running <TaskInstance: yellow_taxi_data_ingestion_gcs_dag_1.format_to_parquet_task scheduled__2019-01-01T00:00:00+00:00 [running]> on host 985445ce9491
[2022-02-03 21:09:31,925] {logging_mixin.py:109} WARNING - /home/***/.local/lib/python3.7/site-packages/***/utils/context.py:152 AirflowContextDeprecationWarning: Accessing 'execution_date' from the template is deprecated and will be removed in a future version. Please use 'data_interval_start' or 'logical_date' instead.
[2022-02-03 21:09:31,999] {taskinstance.py:1426} INFO - Exporting the following env vars:
AIRFLOW_CTX_DAG_OWNER=***
AIRFLOW_CTX_DAG_ID=yellow_taxi_data_ingestion_gcs_dag_1
AIRFLOW_CTX_TASK_ID=format_to_parquet_task
AIRFLOW_CTX_EXECUTION_DATE=2019-01-01T00:00:00+00:00
AIRFLOW_CTX_DAG_RUN_ID=scheduled__2019-01-01T00:00:00+00:00
[2022-02-03 21:10:04,083] {python.py:175} INFO - Done. Returned value was: None
[2022-02-03 21:10:04,178] {taskinstance.py:1277} INFO - Marking task as SUCCESS. dag_id=yellow_taxi_data_ingestion_gcs_dag_1, task_id=format_to_parquet_task, execution_date=20190101T000000, start_date=20220203T210931, end_date=20220203T211004
[2022-02-03 21:10:05,825] {local_task_job.py:154} INFO - Task exited with return code 0
[2022-02-03 21:10:05,950] {local_task_job.py:264} INFO - 0 downstream tasks scheduled from follow-on schedule check
