[2022-02-06 12:58:33,625] {taskinstance.py:1032} INFO - Dependencies all met for <TaskInstance: zones_data_ingestion_gcs_dag.format_to_parquet_task scheduled__2022-02-05T00:00:00+00:00 [queued]>
[2022-02-06 12:58:33,662] {taskinstance.py:1032} INFO - Dependencies all met for <TaskInstance: zones_data_ingestion_gcs_dag.format_to_parquet_task scheduled__2022-02-05T00:00:00+00:00 [queued]>
[2022-02-06 12:58:33,664] {taskinstance.py:1238} INFO - 
--------------------------------------------------------------------------------
[2022-02-06 12:58:33,665] {taskinstance.py:1239} INFO - Starting attempt 1 of 2
[2022-02-06 12:58:33,666] {taskinstance.py:1240} INFO - 
--------------------------------------------------------------------------------
[2022-02-06 12:58:33,705] {taskinstance.py:1259} INFO - Executing <Task(PythonOperator): format_to_parquet_task> on 2022-02-05 00:00:00+00:00
[2022-02-06 12:58:33,715] {standard_task_runner.py:52} INFO - Started process 6025 to run task
[2022-02-06 12:58:33,724] {standard_task_runner.py:76} INFO - Running: ['***', 'tasks', 'run', 'zones_data_ingestion_gcs_dag', 'format_to_parquet_task', 'scheduled__2022-02-05T00:00:00+00:00', '--job-id', '165', '--raw', '--subdir', 'DAGS_FOLDER/zones_data_ingestion_gcs_dag.py', '--cfg-path', '/tmp/tmpoli7563s', '--error-file', '/tmp/tmp0fwcibeh']
[2022-02-06 12:58:33,727] {standard_task_runner.py:77} INFO - Job 165: Subtask format_to_parquet_task
[2022-02-06 12:58:33,853] {logging_mixin.py:109} INFO - Running <TaskInstance: zones_data_ingestion_gcs_dag.format_to_parquet_task scheduled__2022-02-05T00:00:00+00:00 [running]> on host c9d16932214b
[2022-02-06 12:58:34,012] {taskinstance.py:1426} INFO - Exporting the following env vars:
AIRFLOW_CTX_DAG_OWNER=***
AIRFLOW_CTX_DAG_ID=zones_data_ingestion_gcs_dag
AIRFLOW_CTX_TASK_ID=format_to_parquet_task
AIRFLOW_CTX_EXECUTION_DATE=2022-02-05T00:00:00+00:00
AIRFLOW_CTX_DAG_RUN_ID=scheduled__2022-02-05T00:00:00+00:00
[2022-02-06 12:58:34,316] {python.py:175} INFO - Done. Returned value was: None
[2022-02-06 12:58:34,347] {taskinstance.py:1277} INFO - Marking task as SUCCESS. dag_id=zones_data_ingestion_gcs_dag, task_id=format_to_parquet_task, execution_date=20220205T000000, start_date=20220206T125833, end_date=20220206T125834
[2022-02-06 12:58:34,428] {local_task_job.py:154} INFO - Task exited with return code 0
[2022-02-06 12:58:34,514] {local_task_job.py:264} INFO - 1 downstream tasks scheduled from follow-on schedule check
