[2022-02-05 18:32:55,346] {taskinstance.py:1032} INFO - Dependencies all met for <TaskInstance: yellow_taxi_data_ingestion_gcs_dag_2.local_to_gcs_task scheduled__2019-02-01T00:00:00+00:00 [queued]>
[2022-02-05 18:32:55,397] {taskinstance.py:1032} INFO - Dependencies all met for <TaskInstance: yellow_taxi_data_ingestion_gcs_dag_2.local_to_gcs_task scheduled__2019-02-01T00:00:00+00:00 [queued]>
[2022-02-05 18:32:55,399] {taskinstance.py:1238} INFO - 
--------------------------------------------------------------------------------
[2022-02-05 18:32:55,400] {taskinstance.py:1239} INFO - Starting attempt 1 of 1
[2022-02-05 18:32:55,402] {taskinstance.py:1240} INFO - 
--------------------------------------------------------------------------------
[2022-02-05 18:32:55,448] {taskinstance.py:1259} INFO - Executing <Task(PythonOperator): local_to_gcs_task> on 2019-02-01 00:00:00+00:00
[2022-02-05 18:32:55,460] {standard_task_runner.py:52} INFO - Started process 995 to run task
[2022-02-05 18:32:55,468] {standard_task_runner.py:76} INFO - Running: ['***', 'tasks', 'run', 'yellow_taxi_data_ingestion_gcs_dag_2', 'local_to_gcs_task', 'scheduled__2019-02-01T00:00:00+00:00', '--job-id', '90', '--raw', '--subdir', 'DAGS_FOLDER/data_ingestion_gcs_dag_2.py', '--cfg-path', '/tmp/tmp40vplgys', '--error-file', '/tmp/tmpd12z7c89']
[2022-02-05 18:32:55,471] {standard_task_runner.py:77} INFO - Job 90: Subtask local_to_gcs_task
[2022-02-05 18:32:55,599] {logging_mixin.py:109} INFO - Running <TaskInstance: yellow_taxi_data_ingestion_gcs_dag_2.local_to_gcs_task scheduled__2019-02-01T00:00:00+00:00 [running]> on host 29223c71f18a
[2022-02-05 18:32:55,754] {logging_mixin.py:109} WARNING - /home/***/.local/lib/python3.7/site-packages/***/utils/context.py:152 AirflowContextDeprecationWarning: Accessing 'execution_date' from the template is deprecated and will be removed in a future version. Please use 'data_interval_start' or 'logical_date' instead.
[2022-02-05 18:32:55,816] {taskinstance.py:1426} INFO - Exporting the following env vars:
AIRFLOW_CTX_DAG_OWNER=***
AIRFLOW_CTX_DAG_ID=yellow_taxi_data_ingestion_gcs_dag_2
AIRFLOW_CTX_TASK_ID=local_to_gcs_task
AIRFLOW_CTX_EXECUTION_DATE=2019-02-01T00:00:00+00:00
AIRFLOW_CTX_DAG_RUN_ID=scheduled__2019-02-01T00:00:00+00:00
[2022-02-05 18:33:44,912] {python.py:175} INFO - Done. Returned value was: None
[2022-02-05 18:33:44,948] {taskinstance.py:1277} INFO - Marking task as SUCCESS. dag_id=yellow_taxi_data_ingestion_gcs_dag_2, task_id=local_to_gcs_task, execution_date=20190201T000000, start_date=20220205T183255, end_date=20220205T183344
[2022-02-05 18:33:45,022] {local_task_job.py:154} INFO - Task exited with return code 0
[2022-02-05 18:33:45,098] {local_task_job.py:264} INFO - 0 downstream tasks scheduled from follow-on schedule check
