[2022-02-06 18:56:44,802] {taskinstance.py:1032} INFO - Dependencies all met for <TaskInstance: yellow_taxi_data_ingestion_gcs_dag.local_to_gcs_task scheduled__2020-12-01T00:00:00+00:00 [queued]>
[2022-02-06 18:56:44,839] {taskinstance.py:1032} INFO - Dependencies all met for <TaskInstance: yellow_taxi_data_ingestion_gcs_dag.local_to_gcs_task scheduled__2020-12-01T00:00:00+00:00 [queued]>
[2022-02-06 18:56:44,841] {taskinstance.py:1238} INFO - 
--------------------------------------------------------------------------------
[2022-02-06 18:56:44,842] {taskinstance.py:1239} INFO - Starting attempt 1 of 1
[2022-02-06 18:56:44,843] {taskinstance.py:1240} INFO - 
--------------------------------------------------------------------------------
[2022-02-06 18:56:44,883] {taskinstance.py:1259} INFO - Executing <Task(PythonOperator): local_to_gcs_task> on 2020-12-01 00:00:00+00:00
[2022-02-06 18:56:44,896] {standard_task_runner.py:52} INFO - Started process 10970 to run task
[2022-02-06 18:56:44,907] {standard_task_runner.py:76} INFO - Running: ['***', 'tasks', 'run', 'yellow_taxi_data_ingestion_gcs_dag', 'local_to_gcs_task', 'scheduled__2020-12-01T00:00:00+00:00', '--job-id', '203', '--raw', '--subdir', 'DAGS_FOLDER/yellow_taxi_data_ingestion_gcs_dag.py', '--cfg-path', '/tmp/tmps0g462rm', '--error-file', '/tmp/tmprcyf4fzp']
[2022-02-06 18:56:44,910] {standard_task_runner.py:77} INFO - Job 203: Subtask local_to_gcs_task
[2022-02-06 18:56:45,054] {logging_mixin.py:109} INFO - Running <TaskInstance: yellow_taxi_data_ingestion_gcs_dag.local_to_gcs_task scheduled__2020-12-01T00:00:00+00:00 [running]> on host 4c7ee98729cc
[2022-02-06 18:56:45,262] {logging_mixin.py:109} WARNING - /home/***/.local/lib/python3.7/site-packages/***/utils/context.py:152 AirflowContextDeprecationWarning: Accessing 'execution_date' from the template is deprecated and will be removed in a future version. Please use 'data_interval_start' or 'logical_date' instead.
[2022-02-06 18:56:45,307] {taskinstance.py:1426} INFO - Exporting the following env vars:
AIRFLOW_CTX_DAG_OWNER=***
AIRFLOW_CTX_DAG_ID=yellow_taxi_data_ingestion_gcs_dag
AIRFLOW_CTX_TASK_ID=local_to_gcs_task
AIRFLOW_CTX_EXECUTION_DATE=2020-12-01T00:00:00+00:00
AIRFLOW_CTX_DAG_RUN_ID=scheduled__2020-12-01T00:00:00+00:00
[2022-02-06 18:57:01,698] {python.py:175} INFO - Done. Returned value was: None
[2022-02-06 18:57:01,751] {taskinstance.py:1277} INFO - Marking task as SUCCESS. dag_id=yellow_taxi_data_ingestion_gcs_dag, task_id=local_to_gcs_task, execution_date=20201201T000000, start_date=20220206T185644, end_date=20220206T185701
[2022-02-06 18:57:01,848] {local_task_job.py:154} INFO - Task exited with return code 0
[2022-02-06 18:57:01,947] {local_task_job.py:264} INFO - 0 downstream tasks scheduled from follow-on schedule check
