[2022-02-06 12:41:42,356] {taskinstance.py:1032} INFO - Dependencies all met for <TaskInstance: fhv_trip_data_ingestion_gcs_dag.download_dataset_task scheduled__2019-05-01T00:00:00+00:00 [queued]>
[2022-02-06 12:41:42,392] {taskinstance.py:1032} INFO - Dependencies all met for <TaskInstance: fhv_trip_data_ingestion_gcs_dag.download_dataset_task scheduled__2019-05-01T00:00:00+00:00 [queued]>
[2022-02-06 12:41:42,393] {taskinstance.py:1238} INFO - 
--------------------------------------------------------------------------------
[2022-02-06 12:41:42,395] {taskinstance.py:1239} INFO - Starting attempt 1 of 1
[2022-02-06 12:41:42,396] {taskinstance.py:1240} INFO - 
--------------------------------------------------------------------------------
[2022-02-06 12:41:42,434] {taskinstance.py:1259} INFO - Executing <Task(BashOperator): download_dataset_task> on 2019-05-01 00:00:00+00:00
[2022-02-06 12:41:42,443] {standard_task_runner.py:52} INFO - Started process 3663 to run task
[2022-02-06 12:41:42,451] {standard_task_runner.py:76} INFO - Running: ['***', 'tasks', 'run', 'fhv_trip_data_ingestion_gcs_dag', 'download_dataset_task', 'scheduled__2019-05-01T00:00:00+00:00', '--job-id', '140', '--raw', '--subdir', 'DAGS_FOLDER/fhv_data_ingestion_gcs_dag.py', '--cfg-path', '/tmp/tmpu3mpd_0n', '--error-file', '/tmp/tmpz2xf3ruq']
[2022-02-06 12:41:42,454] {standard_task_runner.py:77} INFO - Job 140: Subtask download_dataset_task
[2022-02-06 12:41:42,593] {logging_mixin.py:109} INFO - Running <TaskInstance: fhv_trip_data_ingestion_gcs_dag.download_dataset_task scheduled__2019-05-01T00:00:00+00:00 [running]> on host c9d16932214b
[2022-02-06 12:41:42,744] {logging_mixin.py:109} WARNING - /home/***/.local/lib/python3.7/site-packages/***/utils/context.py:152 AirflowContextDeprecationWarning: Accessing 'execution_date' from the template is deprecated and will be removed in a future version. Please use 'data_interval_start' or 'logical_date' instead.
[2022-02-06 12:41:42,784] {taskinstance.py:1426} INFO - Exporting the following env vars:
AIRFLOW_CTX_DAG_OWNER=***
AIRFLOW_CTX_DAG_ID=fhv_trip_data_ingestion_gcs_dag
AIRFLOW_CTX_TASK_ID=download_dataset_task
AIRFLOW_CTX_EXECUTION_DATE=2019-05-01T00:00:00+00:00
AIRFLOW_CTX_DAG_RUN_ID=scheduled__2019-05-01T00:00:00+00:00
[2022-02-06 12:41:42,789] {subprocess.py:62} INFO - Tmp dir root location: 
 /tmp
[2022-02-06 12:41:42,791] {subprocess.py:74} INFO - Running command: ['bash', '-c', 'curl -sS https://nyc-tlc.s3.amazonaws.com/trip+data/fhv_tripdata_2019-05.csv > /opt/***/fhv_tripdata_2019-05.csv']
[2022-02-06 12:41:42,807] {subprocess.py:85} INFO - Output:
[2022-02-06 12:42:25,191] {subprocess.py:93} INFO - Command exited with return code 0
[2022-02-06 12:42:25,270] {taskinstance.py:1277} INFO - Marking task as SUCCESS. dag_id=fhv_trip_data_ingestion_gcs_dag, task_id=download_dataset_task, execution_date=20190501T000000, start_date=20220206T124142, end_date=20220206T124225
[2022-02-06 12:42:25,342] {local_task_job.py:154} INFO - Task exited with return code 0
[2022-02-06 12:42:25,452] {local_task_job.py:264} INFO - 1 downstream tasks scheduled from follow-on schedule check
