[2022-02-06 18:46:37,103] {taskinstance.py:1032} INFO - Dependencies all met for <TaskInstance: yellow_taxi_data_ingestion_gcs_dag.local_to_gcs_task scheduled__2020-09-01T00:00:00+00:00 [queued]>
[2022-02-06 18:46:37,149] {taskinstance.py:1032} INFO - Dependencies all met for <TaskInstance: yellow_taxi_data_ingestion_gcs_dag.local_to_gcs_task scheduled__2020-09-01T00:00:00+00:00 [queued]>
[2022-02-06 18:46:37,151] {taskinstance.py:1238} INFO - 
--------------------------------------------------------------------------------
[2022-02-06 18:46:37,153] {taskinstance.py:1239} INFO - Starting attempt 1 of 1
[2022-02-06 18:46:37,155] {taskinstance.py:1240} INFO - 
--------------------------------------------------------------------------------
[2022-02-06 18:46:37,202] {taskinstance.py:1259} INFO - Executing <Task(PythonOperator): local_to_gcs_task> on 2020-09-01 00:00:00+00:00
[2022-02-06 18:46:37,217] {standard_task_runner.py:52} INFO - Started process 9641 to run task
[2022-02-06 18:46:37,230] {standard_task_runner.py:76} INFO - Running: ['***', 'tasks', 'run', 'yellow_taxi_data_ingestion_gcs_dag', 'local_to_gcs_task', 'scheduled__2020-09-01T00:00:00+00:00', '--job-id', '194', '--raw', '--subdir', 'DAGS_FOLDER/yellow_taxi_data_ingestion_gcs_dag.py', '--cfg-path', '/tmp/tmpwodltp1r', '--error-file', '/tmp/tmpke52zcro']
[2022-02-06 18:46:37,233] {standard_task_runner.py:77} INFO - Job 194: Subtask local_to_gcs_task
[2022-02-06 18:46:37,410] {logging_mixin.py:109} INFO - Running <TaskInstance: yellow_taxi_data_ingestion_gcs_dag.local_to_gcs_task scheduled__2020-09-01T00:00:00+00:00 [running]> on host 4c7ee98729cc
[2022-02-06 18:46:37,699] {logging_mixin.py:109} WARNING - /home/***/.local/lib/python3.7/site-packages/***/utils/context.py:152 AirflowContextDeprecationWarning: Accessing 'execution_date' from the template is deprecated and will be removed in a future version. Please use 'data_interval_start' or 'logical_date' instead.
[2022-02-06 18:46:37,759] {taskinstance.py:1426} INFO - Exporting the following env vars:
AIRFLOW_CTX_DAG_OWNER=***
AIRFLOW_CTX_DAG_ID=yellow_taxi_data_ingestion_gcs_dag
AIRFLOW_CTX_TASK_ID=local_to_gcs_task
AIRFLOW_CTX_EXECUTION_DATE=2020-09-01T00:00:00+00:00
AIRFLOW_CTX_DAG_RUN_ID=scheduled__2020-09-01T00:00:00+00:00
[2022-02-06 18:46:49,479] {python.py:175} INFO - Done. Returned value was: None
[2022-02-06 18:46:49,525] {taskinstance.py:1277} INFO - Marking task as SUCCESS. dag_id=yellow_taxi_data_ingestion_gcs_dag, task_id=local_to_gcs_task, execution_date=20200901T000000, start_date=20220206T184637, end_date=20220206T184649
[2022-02-06 18:46:49,626] {local_task_job.py:154} INFO - Task exited with return code 0
[2022-02-06 18:46:49,783] {local_task_job.py:264} INFO - 0 downstream tasks scheduled from follow-on schedule check
