[2022-02-03 21:10:09,466] {taskinstance.py:1032} INFO - Dependencies all met for <TaskInstance: yellow_taxi_data_ingestion_gcs_dag_1.local_to_gcs_task scheduled__2019-01-01T00:00:00+00:00 [queued]>
[2022-02-03 21:10:09,503] {taskinstance.py:1032} INFO - Dependencies all met for <TaskInstance: yellow_taxi_data_ingestion_gcs_dag_1.local_to_gcs_task scheduled__2019-01-01T00:00:00+00:00 [queued]>
[2022-02-03 21:10:09,504] {taskinstance.py:1238} INFO - 
--------------------------------------------------------------------------------
[2022-02-03 21:10:09,505] {taskinstance.py:1239} INFO - Starting attempt 1 of 1
[2022-02-03 21:10:09,507] {taskinstance.py:1240} INFO - 
--------------------------------------------------------------------------------
[2022-02-03 21:10:09,546] {taskinstance.py:1259} INFO - Executing <Task(PythonOperator): local_to_gcs_task> on 2019-01-01 00:00:00+00:00
[2022-02-03 21:10:09,558] {standard_task_runner.py:52} INFO - Started process 8727 to run task
[2022-02-03 21:10:09,566] {standard_task_runner.py:76} INFO - Running: ['***', 'tasks', 'run', 'yellow_taxi_data_ingestion_gcs_dag_1', 'local_to_gcs_task', 'scheduled__2019-01-01T00:00:00+00:00', '--job-id', '85', '--raw', '--subdir', 'DAGS_FOLDER/data_ingestion_gcs_dag_2.py', '--cfg-path', '/tmp/tmpexkqbpdr', '--error-file', '/tmp/tmpwoxw1krx']
[2022-02-03 21:10:09,568] {standard_task_runner.py:77} INFO - Job 85: Subtask local_to_gcs_task
[2022-02-03 21:10:09,689] {logging_mixin.py:109} INFO - Running <TaskInstance: yellow_taxi_data_ingestion_gcs_dag_1.local_to_gcs_task scheduled__2019-01-01T00:00:00+00:00 [running]> on host 985445ce9491
[2022-02-03 21:10:09,842] {logging_mixin.py:109} WARNING - /home/***/.local/lib/python3.7/site-packages/***/utils/context.py:152 AirflowContextDeprecationWarning: Accessing 'execution_date' from the template is deprecated and will be removed in a future version. Please use 'data_interval_start' or 'logical_date' instead.
[2022-02-03 21:10:09,899] {taskinstance.py:1426} INFO - Exporting the following env vars:
AIRFLOW_CTX_DAG_OWNER=***
AIRFLOW_CTX_DAG_ID=yellow_taxi_data_ingestion_gcs_dag_1
AIRFLOW_CTX_TASK_ID=local_to_gcs_task
AIRFLOW_CTX_EXECUTION_DATE=2019-01-01T00:00:00+00:00
AIRFLOW_CTX_DAG_RUN_ID=scheduled__2019-01-01T00:00:00+00:00
[2022-02-03 21:10:59,564] {python.py:175} INFO - Done. Returned value was: None
[2022-02-03 21:10:59,609] {taskinstance.py:1277} INFO - Marking task as SUCCESS. dag_id=yellow_taxi_data_ingestion_gcs_dag_1, task_id=local_to_gcs_task, execution_date=20190101T000000, start_date=20220203T211009, end_date=20220203T211059
[2022-02-03 21:10:59,709] {local_task_job.py:154} INFO - Task exited with return code 0
[2022-02-03 21:10:59,788] {local_task_job.py:264} INFO - 0 downstream tasks scheduled from follow-on schedule check
