[2022-02-06 18:41:33,875] {taskinstance.py:1032} INFO - Dependencies all met for <TaskInstance: yellow_taxi_data_ingestion_gcs_dag.download_dataset_task scheduled__2020-06-01T00:00:00+00:00 [queued]>
[2022-02-06 18:41:33,910] {taskinstance.py:1032} INFO - Dependencies all met for <TaskInstance: yellow_taxi_data_ingestion_gcs_dag.download_dataset_task scheduled__2020-06-01T00:00:00+00:00 [queued]>
[2022-02-06 18:41:33,911] {taskinstance.py:1238} INFO - 
--------------------------------------------------------------------------------
[2022-02-06 18:41:33,912] {taskinstance.py:1239} INFO - Starting attempt 1 of 1
[2022-02-06 18:41:33,913] {taskinstance.py:1240} INFO - 
--------------------------------------------------------------------------------
[2022-02-06 18:41:33,951] {taskinstance.py:1259} INFO - Executing <Task(BashOperator): download_dataset_task> on 2020-06-01 00:00:00+00:00
[2022-02-06 18:41:33,961] {standard_task_runner.py:52} INFO - Started process 8869 to run task
[2022-02-06 18:41:33,968] {standard_task_runner.py:76} INFO - Running: ['***', 'tasks', 'run', 'yellow_taxi_data_ingestion_gcs_dag', 'download_dataset_task', 'scheduled__2020-06-01T00:00:00+00:00', '--job-id', '183', '--raw', '--subdir', 'DAGS_FOLDER/yellow_taxi_data_ingestion_gcs_dag.py', '--cfg-path', '/tmp/tmpjk0086tj', '--error-file', '/tmp/tmp0bp3ut3b']
[2022-02-06 18:41:33,971] {standard_task_runner.py:77} INFO - Job 183: Subtask download_dataset_task
[2022-02-06 18:41:34,107] {logging_mixin.py:109} INFO - Running <TaskInstance: yellow_taxi_data_ingestion_gcs_dag.download_dataset_task scheduled__2020-06-01T00:00:00+00:00 [running]> on host 4c7ee98729cc
[2022-02-06 18:41:34,260] {logging_mixin.py:109} WARNING - /home/***/.local/lib/python3.7/site-packages/***/utils/context.py:152 AirflowContextDeprecationWarning: Accessing 'execution_date' from the template is deprecated and will be removed in a future version. Please use 'data_interval_start' or 'logical_date' instead.
[2022-02-06 18:41:34,300] {taskinstance.py:1426} INFO - Exporting the following env vars:
AIRFLOW_CTX_DAG_OWNER=***
AIRFLOW_CTX_DAG_ID=yellow_taxi_data_ingestion_gcs_dag
AIRFLOW_CTX_TASK_ID=download_dataset_task
AIRFLOW_CTX_EXECUTION_DATE=2020-06-01T00:00:00+00:00
AIRFLOW_CTX_DAG_RUN_ID=scheduled__2020-06-01T00:00:00+00:00
[2022-02-06 18:41:34,305] {subprocess.py:62} INFO - Tmp dir root location: 
 /tmp
[2022-02-06 18:41:34,307] {subprocess.py:74} INFO - Running command: ['bash', '-c', 'curl -sS https://s3.amazonaws.com/nyc-tlc/trip+data/yellow_tripdata_2020-06.csv > /opt/***/yellow_tripdata_2020-06.csv']
[2022-02-06 18:41:34,329] {subprocess.py:85} INFO - Output:
[2022-02-06 18:41:48,386] {subprocess.py:93} INFO - Command exited with return code 0
[2022-02-06 18:41:48,484] {taskinstance.py:1277} INFO - Marking task as SUCCESS. dag_id=yellow_taxi_data_ingestion_gcs_dag, task_id=download_dataset_task, execution_date=20200601T000000, start_date=20220206T184133, end_date=20220206T184148
[2022-02-06 18:41:48,557] {local_task_job.py:154} INFO - Task exited with return code 0
[2022-02-06 18:41:48,665] {local_task_job.py:264} INFO - 1 downstream tasks scheduled from follow-on schedule check
