[2022-02-06 18:44:34,868] {taskinstance.py:1032} INFO - Dependencies all met for <TaskInstance: yellow_taxi_data_ingestion_gcs_dag.format_to_parquet_task scheduled__2020-08-01T00:00:00+00:00 [queued]>
[2022-02-06 18:44:34,916] {taskinstance.py:1032} INFO - Dependencies all met for <TaskInstance: yellow_taxi_data_ingestion_gcs_dag.format_to_parquet_task scheduled__2020-08-01T00:00:00+00:00 [queued]>
[2022-02-06 18:44:34,918] {taskinstance.py:1238} INFO - 
--------------------------------------------------------------------------------
[2022-02-06 18:44:34,919] {taskinstance.py:1239} INFO - Starting attempt 1 of 1
[2022-02-06 18:44:34,921] {taskinstance.py:1240} INFO - 
--------------------------------------------------------------------------------
[2022-02-06 18:44:34,970] {taskinstance.py:1259} INFO - Executing <Task(PythonOperator): format_to_parquet_task> on 2020-08-01 00:00:00+00:00
[2022-02-06 18:44:34,984] {standard_task_runner.py:52} INFO - Started process 9331 to run task
[2022-02-06 18:44:34,994] {standard_task_runner.py:76} INFO - Running: ['***', 'tasks', 'run', 'yellow_taxi_data_ingestion_gcs_dag', 'format_to_parquet_task', 'scheduled__2020-08-01T00:00:00+00:00', '--job-id', '190', '--raw', '--subdir', 'DAGS_FOLDER/yellow_taxi_data_ingestion_gcs_dag.py', '--cfg-path', '/tmp/tmpal0l0ob8', '--error-file', '/tmp/tmp71zyvik4']
[2022-02-06 18:44:34,997] {standard_task_runner.py:77} INFO - Job 190: Subtask format_to_parquet_task
[2022-02-06 18:44:35,182] {logging_mixin.py:109} INFO - Running <TaskInstance: yellow_taxi_data_ingestion_gcs_dag.format_to_parquet_task scheduled__2020-08-01T00:00:00+00:00 [running]> on host 4c7ee98729cc
[2022-02-06 18:44:35,471] {logging_mixin.py:109} WARNING - /home/***/.local/lib/python3.7/site-packages/***/utils/context.py:152 AirflowContextDeprecationWarning: Accessing 'execution_date' from the template is deprecated and will be removed in a future version. Please use 'data_interval_start' or 'logical_date' instead.
[2022-02-06 18:44:35,533] {taskinstance.py:1426} INFO - Exporting the following env vars:
AIRFLOW_CTX_DAG_OWNER=***
AIRFLOW_CTX_DAG_ID=yellow_taxi_data_ingestion_gcs_dag
AIRFLOW_CTX_TASK_ID=format_to_parquet_task
AIRFLOW_CTX_EXECUTION_DATE=2020-08-01T00:00:00+00:00
AIRFLOW_CTX_DAG_RUN_ID=scheduled__2020-08-01T00:00:00+00:00
[2022-02-06 18:44:39,707] {python.py:175} INFO - Done. Returned value was: None
[2022-02-06 18:44:39,756] {taskinstance.py:1277} INFO - Marking task as SUCCESS. dag_id=yellow_taxi_data_ingestion_gcs_dag, task_id=format_to_parquet_task, execution_date=20200801T000000, start_date=20220206T184434, end_date=20220206T184439
[2022-02-06 18:44:39,919] {local_task_job.py:154} INFO - Task exited with return code 0
[2022-02-06 18:44:40,047] {local_task_job.py:264} INFO - 1 downstream tasks scheduled from follow-on schedule check
