[2022-02-05 19:29:56,894] {taskinstance.py:1032} INFO - Dependencies all met for <TaskInstance: yellow_taxi_data_ingestion_gcs_dag_v3.format_to_parquet_task scheduled__2019-11-01T00:00:00+00:00 [queued]>
[2022-02-05 19:29:56,937] {taskinstance.py:1032} INFO - Dependencies all met for <TaskInstance: yellow_taxi_data_ingestion_gcs_dag_v3.format_to_parquet_task scheduled__2019-11-01T00:00:00+00:00 [queued]>
[2022-02-05 19:29:56,938] {taskinstance.py:1238} INFO - 
--------------------------------------------------------------------------------
[2022-02-05 19:29:56,940] {taskinstance.py:1239} INFO - Starting attempt 1 of 1
[2022-02-05 19:29:56,941] {taskinstance.py:1240} INFO - 
--------------------------------------------------------------------------------
[2022-02-05 19:29:56,986] {taskinstance.py:1259} INFO - Executing <Task(PythonOperator): format_to_parquet_task> on 2019-11-01 00:00:00+00:00
[2022-02-05 19:29:56,998] {standard_task_runner.py:52} INFO - Started process 7642 to run task
[2022-02-05 19:29:57,006] {standard_task_runner.py:76} INFO - Running: ['***', 'tasks', 'run', 'yellow_taxi_data_ingestion_gcs_dag_v3', 'format_to_parquet_task', 'scheduled__2019-11-01T00:00:00+00:00', '--job-id', '118', '--raw', '--subdir', 'DAGS_FOLDER/data_ingestion_gcs_dag_2.py', '--cfg-path', '/tmp/tmp1lzz1h3n', '--error-file', '/tmp/tmp5rz928bf']
[2022-02-05 19:29:57,009] {standard_task_runner.py:77} INFO - Job 118: Subtask format_to_parquet_task
[2022-02-05 19:29:57,168] {logging_mixin.py:109} INFO - Running <TaskInstance: yellow_taxi_data_ingestion_gcs_dag_v3.format_to_parquet_task scheduled__2019-11-01T00:00:00+00:00 [running]> on host 29223c71f18a
[2022-02-05 19:29:57,380] {logging_mixin.py:109} WARNING - /home/***/.local/lib/python3.7/site-packages/***/utils/context.py:152 AirflowContextDeprecationWarning: Accessing 'execution_date' from the template is deprecated and will be removed in a future version. Please use 'data_interval_start' or 'logical_date' instead.
[2022-02-05 19:29:57,447] {taskinstance.py:1426} INFO - Exporting the following env vars:
AIRFLOW_CTX_DAG_OWNER=***
AIRFLOW_CTX_DAG_ID=yellow_taxi_data_ingestion_gcs_dag_v3
AIRFLOW_CTX_TASK_ID=format_to_parquet_task
AIRFLOW_CTX_EXECUTION_DATE=2019-11-01T00:00:00+00:00
AIRFLOW_CTX_DAG_RUN_ID=scheduled__2019-11-01T00:00:00+00:00
[2022-02-05 19:30:29,109] {python.py:175} INFO - Done. Returned value was: None
[2022-02-05 19:30:29,184] {taskinstance.py:1277} INFO - Marking task as SUCCESS. dag_id=yellow_taxi_data_ingestion_gcs_dag_v3, task_id=format_to_parquet_task, execution_date=20191101T000000, start_date=20220205T192956, end_date=20220205T193029
[2022-02-05 19:30:30,835] {local_task_job.py:154} INFO - Task exited with return code 0
[2022-02-05 19:30:30,997] {local_task_job.py:264} INFO - 0 downstream tasks scheduled from follow-on schedule check
