[2022-02-03 20:53:39,220] {taskinstance.py:1032} INFO - Dependencies all met for <TaskInstance: data_ingestion_gcs_dag_5.print_sth scheduled__2019-03-01T00:00:00+00:00 [queued]>
[2022-02-03 20:53:39,645] {taskinstance.py:1032} INFO - Dependencies all met for <TaskInstance: data_ingestion_gcs_dag_5.print_sth scheduled__2019-03-01T00:00:00+00:00 [queued]>
[2022-02-03 20:53:39,677] {taskinstance.py:1238} INFO - 
--------------------------------------------------------------------------------
[2022-02-03 20:53:39,692] {taskinstance.py:1239} INFO - Starting attempt 1 of 1
[2022-02-03 20:53:39,700] {taskinstance.py:1240} INFO - 
--------------------------------------------------------------------------------
[2022-02-03 20:53:40,448] {taskinstance.py:1259} INFO - Executing <Task(BashOperator): print_sth> on 2019-03-01 00:00:00+00:00
[2022-02-03 20:53:40,589] {standard_task_runner.py:52} INFO - Started process 6892 to run task
[2022-02-03 20:53:40,640] {standard_task_runner.py:76} INFO - Running: ['***', 'tasks', 'run', 'data_ingestion_gcs_dag_5', 'print_sth', 'scheduled__2019-03-01T00:00:00+00:00', '--job-id', '47', '--raw', '--subdir', 'DAGS_FOLDER/data_ingestion_gcs_dag_2.py', '--cfg-path', '/tmp/tmphx2hrhk7', '--error-file', '/tmp/tmp02cuvu2t']
[2022-02-03 20:53:40,645] {standard_task_runner.py:77} INFO - Job 47: Subtask print_sth
[2022-02-03 20:53:41,467] {logging_mixin.py:109} INFO - Running <TaskInstance: data_ingestion_gcs_dag_5.print_sth scheduled__2019-03-01T00:00:00+00:00 [running]> on host 985445ce9491
[2022-02-03 20:53:42,080] {taskinstance.py:1426} INFO - Exporting the following env vars:
AIRFLOW_CTX_DAG_OWNER=***
AIRFLOW_CTX_DAG_ID=data_ingestion_gcs_dag_5
AIRFLOW_CTX_TASK_ID=print_sth
AIRFLOW_CTX_EXECUTION_DATE=2019-03-01T00:00:00+00:00
AIRFLOW_CTX_DAG_RUN_ID=scheduled__2019-03-01T00:00:00+00:00
[2022-02-03 20:53:42,115] {subprocess.py:62} INFO - Tmp dir root location: 
 /tmp
[2022-02-03 20:53:42,124] {subprocess.py:74} INFO - Running command: ['bash', '-c', "echo 'helloworld'"]
[2022-02-03 20:53:42,208] {subprocess.py:85} INFO - Output:
[2022-02-03 20:53:42,415] {subprocess.py:89} INFO - helloworld
[2022-02-03 20:53:42,449] {subprocess.py:93} INFO - Command exited with return code 0
[2022-02-03 20:53:44,574] {taskinstance.py:1277} INFO - Marking task as SUCCESS. dag_id=data_ingestion_gcs_dag_5, task_id=print_sth, execution_date=20190301T000000, start_date=20220203T205339, end_date=20220203T205344
[2022-02-03 20:53:45,019] {local_task_job.py:154} INFO - Task exited with return code 0
[2022-02-03 20:53:45,498] {local_task_job.py:264} INFO - 0 downstream tasks scheduled from follow-on schedule check
