[2022-02-05 19:24:28,452] {taskinstance.py:1032} INFO - Dependencies all met for <TaskInstance: yellow_taxi_data_ingestion_gcs_dag_v3.format_to_parquet_task scheduled__2019-10-01T00:00:00+00:00 [queued]>
[2022-02-05 19:24:28,495] {taskinstance.py:1032} INFO - Dependencies all met for <TaskInstance: yellow_taxi_data_ingestion_gcs_dag_v3.format_to_parquet_task scheduled__2019-10-01T00:00:00+00:00 [queued]>
[2022-02-05 19:24:28,497] {taskinstance.py:1238} INFO - 
--------------------------------------------------------------------------------
[2022-02-05 19:24:28,498] {taskinstance.py:1239} INFO - Starting attempt 1 of 1
[2022-02-05 19:24:28,499] {taskinstance.py:1240} INFO - 
--------------------------------------------------------------------------------
[2022-02-05 19:24:28,555] {taskinstance.py:1259} INFO - Executing <Task(PythonOperator): format_to_parquet_task> on 2019-10-01 00:00:00+00:00
[2022-02-05 19:24:28,580] {standard_task_runner.py:52} INFO - Started process 6924 to run task
[2022-02-05 19:24:28,587] {standard_task_runner.py:76} INFO - Running: ['***', 'tasks', 'run', 'yellow_taxi_data_ingestion_gcs_dag_v3', 'format_to_parquet_task', 'scheduled__2019-10-01T00:00:00+00:00', '--job-id', '115', '--raw', '--subdir', 'DAGS_FOLDER/data_ingestion_gcs_dag_2.py', '--cfg-path', '/tmp/tmp8xz45m8m', '--error-file', '/tmp/tmpk0zz35rb']
[2022-02-05 19:24:28,591] {standard_task_runner.py:77} INFO - Job 115: Subtask format_to_parquet_task
[2022-02-05 19:24:28,758] {logging_mixin.py:109} INFO - Running <TaskInstance: yellow_taxi_data_ingestion_gcs_dag_v3.format_to_parquet_task scheduled__2019-10-01T00:00:00+00:00 [running]> on host 29223c71f18a
[2022-02-05 19:24:28,950] {logging_mixin.py:109} WARNING - /home/***/.local/lib/python3.7/site-packages/***/utils/context.py:152 AirflowContextDeprecationWarning: Accessing 'execution_date' from the template is deprecated and will be removed in a future version. Please use 'data_interval_start' or 'logical_date' instead.
[2022-02-05 19:24:29,026] {taskinstance.py:1426} INFO - Exporting the following env vars:
AIRFLOW_CTX_DAG_OWNER=***
AIRFLOW_CTX_DAG_ID=yellow_taxi_data_ingestion_gcs_dag_v3
AIRFLOW_CTX_TASK_ID=format_to_parquet_task
AIRFLOW_CTX_EXECUTION_DATE=2019-10-01T00:00:00+00:00
AIRFLOW_CTX_DAG_RUN_ID=scheduled__2019-10-01T00:00:00+00:00
[2022-02-05 19:25:00,634] {python.py:175} INFO - Done. Returned value was: None
[2022-02-05 19:25:00,718] {taskinstance.py:1277} INFO - Marking task as SUCCESS. dag_id=yellow_taxi_data_ingestion_gcs_dag_v3, task_id=format_to_parquet_task, execution_date=20191001T000000, start_date=20220205T192428, end_date=20220205T192500
[2022-02-05 19:25:02,501] {local_task_job.py:154} INFO - Task exited with return code 0
[2022-02-05 19:25:02,644] {local_task_job.py:264} INFO - 0 downstream tasks scheduled from follow-on schedule check
