[2022-02-06 12:49:00,995] {taskinstance.py:1032} INFO - Dependencies all met for <TaskInstance: fhv_trip_data_ingestion_gcs_dag.format_to_parquet_task scheduled__2019-08-01T00:00:00+00:00 [queued]>
[2022-02-06 12:49:01,040] {taskinstance.py:1032} INFO - Dependencies all met for <TaskInstance: fhv_trip_data_ingestion_gcs_dag.format_to_parquet_task scheduled__2019-08-01T00:00:00+00:00 [queued]>
[2022-02-06 12:49:01,041] {taskinstance.py:1238} INFO - 
--------------------------------------------------------------------------------
[2022-02-06 12:49:01,043] {taskinstance.py:1239} INFO - Starting attempt 1 of 1
[2022-02-06 12:49:01,044] {taskinstance.py:1240} INFO - 
--------------------------------------------------------------------------------
[2022-02-06 12:49:01,098] {taskinstance.py:1259} INFO - Executing <Task(PythonOperator): format_to_parquet_task> on 2019-08-01 00:00:00+00:00
[2022-02-06 12:49:01,110] {standard_task_runner.py:52} INFO - Started process 4681 to run task
[2022-02-06 12:49:01,120] {standard_task_runner.py:76} INFO - Running: ['***', 'tasks', 'run', 'fhv_trip_data_ingestion_gcs_dag', 'format_to_parquet_task', 'scheduled__2019-08-01T00:00:00+00:00', '--job-id', '150', '--raw', '--subdir', 'DAGS_FOLDER/fhv_data_ingestion_gcs_dag.py', '--cfg-path', '/tmp/tmpz5rhfkj0', '--error-file', '/tmp/tmpa28c6v2n']
[2022-02-06 12:49:01,124] {standard_task_runner.py:77} INFO - Job 150: Subtask format_to_parquet_task
[2022-02-06 12:49:01,330] {logging_mixin.py:109} INFO - Running <TaskInstance: fhv_trip_data_ingestion_gcs_dag.format_to_parquet_task scheduled__2019-08-01T00:00:00+00:00 [running]> on host c9d16932214b
[2022-02-06 12:49:01,737] {logging_mixin.py:109} WARNING - /home/***/.local/lib/python3.7/site-packages/***/utils/context.py:152 AirflowContextDeprecationWarning: Accessing 'execution_date' from the template is deprecated and will be removed in a future version. Please use 'data_interval_start' or 'logical_date' instead.
[2022-02-06 12:49:01,836] {taskinstance.py:1426} INFO - Exporting the following env vars:
AIRFLOW_CTX_DAG_OWNER=***
AIRFLOW_CTX_DAG_ID=fhv_trip_data_ingestion_gcs_dag
AIRFLOW_CTX_TASK_ID=format_to_parquet_task
AIRFLOW_CTX_EXECUTION_DATE=2019-08-01T00:00:00+00:00
AIRFLOW_CTX_DAG_RUN_ID=scheduled__2019-08-01T00:00:00+00:00
[2022-02-06 12:49:04,824] {python.py:175} INFO - Done. Returned value was: None
[2022-02-06 12:49:04,871] {taskinstance.py:1277} INFO - Marking task as SUCCESS. dag_id=fhv_trip_data_ingestion_gcs_dag, task_id=format_to_parquet_task, execution_date=20190801T000000, start_date=20220206T124900, end_date=20220206T124904
[2022-02-06 12:49:05,077] {local_task_job.py:154} INFO - Task exited with return code 0
[2022-02-06 12:49:05,353] {local_task_job.py:264} INFO - 1 downstream tasks scheduled from follow-on schedule check
