[2022-02-06 12:42:29,618] {taskinstance.py:1032} INFO - Dependencies all met for <TaskInstance: fhv_trip_data_ingestion_gcs_dag.format_to_parquet_task scheduled__2019-05-01T00:00:00+00:00 [queued]>
[2022-02-06 12:42:29,657] {taskinstance.py:1032} INFO - Dependencies all met for <TaskInstance: fhv_trip_data_ingestion_gcs_dag.format_to_parquet_task scheduled__2019-05-01T00:00:00+00:00 [queued]>
[2022-02-06 12:42:29,659] {taskinstance.py:1238} INFO - 
--------------------------------------------------------------------------------
[2022-02-06 12:42:29,660] {taskinstance.py:1239} INFO - Starting attempt 1 of 1
[2022-02-06 12:42:29,661] {taskinstance.py:1240} INFO - 
--------------------------------------------------------------------------------
[2022-02-06 12:42:29,700] {taskinstance.py:1259} INFO - Executing <Task(PythonOperator): format_to_parquet_task> on 2019-05-01 00:00:00+00:00
[2022-02-06 12:42:29,711] {standard_task_runner.py:52} INFO - Started process 3789 to run task
[2022-02-06 12:42:29,720] {standard_task_runner.py:76} INFO - Running: ['***', 'tasks', 'run', 'fhv_trip_data_ingestion_gcs_dag', 'format_to_parquet_task', 'scheduled__2019-05-01T00:00:00+00:00', '--job-id', '141', '--raw', '--subdir', 'DAGS_FOLDER/fhv_data_ingestion_gcs_dag.py', '--cfg-path', '/tmp/tmpha84udcz', '--error-file', '/tmp/tmp9u1c4wtw']
[2022-02-06 12:42:29,723] {standard_task_runner.py:77} INFO - Job 141: Subtask format_to_parquet_task
[2022-02-06 12:42:29,876] {logging_mixin.py:109} INFO - Running <TaskInstance: fhv_trip_data_ingestion_gcs_dag.format_to_parquet_task scheduled__2019-05-01T00:00:00+00:00 [running]> on host c9d16932214b
[2022-02-06 12:42:30,043] {logging_mixin.py:109} WARNING - /home/***/.local/lib/python3.7/site-packages/***/utils/context.py:152 AirflowContextDeprecationWarning: Accessing 'execution_date' from the template is deprecated and will be removed in a future version. Please use 'data_interval_start' or 'logical_date' instead.
[2022-02-06 12:42:30,101] {taskinstance.py:1426} INFO - Exporting the following env vars:
AIRFLOW_CTX_DAG_OWNER=***
AIRFLOW_CTX_DAG_ID=fhv_trip_data_ingestion_gcs_dag
AIRFLOW_CTX_TASK_ID=format_to_parquet_task
AIRFLOW_CTX_EXECUTION_DATE=2019-05-01T00:00:00+00:00
AIRFLOW_CTX_DAG_RUN_ID=scheduled__2019-05-01T00:00:00+00:00
[2022-02-06 12:42:33,002] {python.py:175} INFO - Done. Returned value was: None
[2022-02-06 12:42:33,048] {taskinstance.py:1277} INFO - Marking task as SUCCESS. dag_id=fhv_trip_data_ingestion_gcs_dag, task_id=format_to_parquet_task, execution_date=20190501T000000, start_date=20220206T124229, end_date=20220206T124233
[2022-02-06 12:42:33,198] {local_task_job.py:154} INFO - Task exited with return code 0
[2022-02-06 12:42:33,314] {local_task_job.py:264} INFO - 1 downstream tasks scheduled from follow-on schedule check
