[2022-02-06 12:58:58,513] {taskinstance.py:1032} INFO - Dependencies all met for <TaskInstance: zones_data_ingestion_gcs_dag.local_to_gcs_task manual__2022-02-06T12:58:23.512616+00:00 [queued]>
[2022-02-06 12:58:58,558] {taskinstance.py:1032} INFO - Dependencies all met for <TaskInstance: zones_data_ingestion_gcs_dag.local_to_gcs_task manual__2022-02-06T12:58:23.512616+00:00 [queued]>
[2022-02-06 12:58:58,559] {taskinstance.py:1238} INFO - 
--------------------------------------------------------------------------------
[2022-02-06 12:58:58,561] {taskinstance.py:1239} INFO - Starting attempt 1 of 2
[2022-02-06 12:58:58,562] {taskinstance.py:1240} INFO - 
--------------------------------------------------------------------------------
[2022-02-06 12:58:58,605] {taskinstance.py:1259} INFO - Executing <Task(PythonOperator): local_to_gcs_task> on 2022-02-06 12:58:23.512616+00:00
[2022-02-06 12:58:58,618] {standard_task_runner.py:52} INFO - Started process 6148 to run task
[2022-02-06 12:58:58,634] {standard_task_runner.py:76} INFO - Running: ['***', 'tasks', 'run', 'zones_data_ingestion_gcs_dag', 'local_to_gcs_task', 'manual__2022-02-06T12:58:23.512616+00:00', '--job-id', '169', '--raw', '--subdir', 'DAGS_FOLDER/zones_data_ingestion_gcs_dag.py', '--cfg-path', '/tmp/tmprj48t_5g', '--error-file', '/tmp/tmpgfvdvvg5']
[2022-02-06 12:58:58,637] {standard_task_runner.py:77} INFO - Job 169: Subtask local_to_gcs_task
[2022-02-06 12:58:58,794] {logging_mixin.py:109} INFO - Running <TaskInstance: zones_data_ingestion_gcs_dag.local_to_gcs_task manual__2022-02-06T12:58:23.512616+00:00 [running]> on host c9d16932214b
[2022-02-06 12:58:58,983] {taskinstance.py:1426} INFO - Exporting the following env vars:
AIRFLOW_CTX_DAG_OWNER=***
AIRFLOW_CTX_DAG_ID=zones_data_ingestion_gcs_dag
AIRFLOW_CTX_TASK_ID=local_to_gcs_task
AIRFLOW_CTX_EXECUTION_DATE=2022-02-06T12:58:23.512616+00:00
AIRFLOW_CTX_DAG_RUN_ID=manual__2022-02-06T12:58:23.512616+00:00
[2022-02-06 12:58:59,697] {python.py:175} INFO - Done. Returned value was: None
[2022-02-06 12:58:59,731] {taskinstance.py:1277} INFO - Marking task as SUCCESS. dag_id=zones_data_ingestion_gcs_dag, task_id=local_to_gcs_task, execution_date=20220206T125823, start_date=20220206T125858, end_date=20220206T125859
[2022-02-06 12:58:59,793] {local_task_job.py:154} INFO - Task exited with return code 0
[2022-02-06 12:58:59,870] {local_task_job.py:264} INFO - 0 downstream tasks scheduled from follow-on schedule check
