[2022-02-06 12:49:44,407] {taskinstance.py:1032} INFO - Dependencies all met for <TaskInstance: fhv_trip_data_ingestion_gcs_dag.download_dataset_task scheduled__2019-09-01T00:00:00+00:00 [queued]>
[2022-02-06 12:49:44,447] {taskinstance.py:1032} INFO - Dependencies all met for <TaskInstance: fhv_trip_data_ingestion_gcs_dag.download_dataset_task scheduled__2019-09-01T00:00:00+00:00 [queued]>
[2022-02-06 12:49:44,448] {taskinstance.py:1238} INFO - 
--------------------------------------------------------------------------------
[2022-02-06 12:49:44,450] {taskinstance.py:1239} INFO - Starting attempt 1 of 1
[2022-02-06 12:49:44,451] {taskinstance.py:1240} INFO - 
--------------------------------------------------------------------------------
[2022-02-06 12:49:44,490] {taskinstance.py:1259} INFO - Executing <Task(BashOperator): download_dataset_task> on 2019-09-01 00:00:00+00:00
[2022-02-06 12:49:44,500] {standard_task_runner.py:52} INFO - Started process 4800 to run task
[2022-02-06 12:49:44,508] {standard_task_runner.py:76} INFO - Running: ['***', 'tasks', 'run', 'fhv_trip_data_ingestion_gcs_dag', 'download_dataset_task', 'scheduled__2019-09-01T00:00:00+00:00', '--job-id', '152', '--raw', '--subdir', 'DAGS_FOLDER/fhv_data_ingestion_gcs_dag.py', '--cfg-path', '/tmp/tmp7ft84mgk', '--error-file', '/tmp/tmpvrjhinpx']
[2022-02-06 12:49:44,511] {standard_task_runner.py:77} INFO - Job 152: Subtask download_dataset_task
[2022-02-06 12:49:44,661] {logging_mixin.py:109} INFO - Running <TaskInstance: fhv_trip_data_ingestion_gcs_dag.download_dataset_task scheduled__2019-09-01T00:00:00+00:00 [running]> on host c9d16932214b
[2022-02-06 12:49:44,837] {logging_mixin.py:109} WARNING - /home/***/.local/lib/python3.7/site-packages/***/utils/context.py:152 AirflowContextDeprecationWarning: Accessing 'execution_date' from the template is deprecated and will be removed in a future version. Please use 'data_interval_start' or 'logical_date' instead.
[2022-02-06 12:49:44,886] {taskinstance.py:1426} INFO - Exporting the following env vars:
AIRFLOW_CTX_DAG_OWNER=***
AIRFLOW_CTX_DAG_ID=fhv_trip_data_ingestion_gcs_dag
AIRFLOW_CTX_TASK_ID=download_dataset_task
AIRFLOW_CTX_EXECUTION_DATE=2019-09-01T00:00:00+00:00
AIRFLOW_CTX_DAG_RUN_ID=scheduled__2019-09-01T00:00:00+00:00
[2022-02-06 12:49:44,892] {subprocess.py:62} INFO - Tmp dir root location: 
 /tmp
[2022-02-06 12:49:44,895] {subprocess.py:74} INFO - Running command: ['bash', '-c', 'curl -sS https://nyc-tlc.s3.amazonaws.com/trip+data/fhv_tripdata_2019-09.csv > /opt/***/fhv_tripdata_2019-09.csv']
[2022-02-06 12:49:44,914] {subprocess.py:85} INFO - Output:
[2022-02-06 12:50:01,319] {subprocess.py:93} INFO - Command exited with return code 0
[2022-02-06 12:50:01,401] {taskinstance.py:1277} INFO - Marking task as SUCCESS. dag_id=fhv_trip_data_ingestion_gcs_dag, task_id=download_dataset_task, execution_date=20190901T000000, start_date=20220206T124944, end_date=20220206T125001
[2022-02-06 12:50:01,484] {local_task_job.py:154} INFO - Task exited with return code 0
[2022-02-06 12:50:01,602] {local_task_job.py:264} INFO - 1 downstream tasks scheduled from follow-on schedule check
