[2022-02-03 20:55:25,116] {taskinstance.py:1032} INFO - Dependencies all met for <TaskInstance: data_ingestion_gcs_dag_5.print_sth scheduled__2020-12-01T00:00:00+00:00 [queued]>
[2022-02-03 20:55:25,169] {taskinstance.py:1032} INFO - Dependencies all met for <TaskInstance: data_ingestion_gcs_dag_5.print_sth scheduled__2020-12-01T00:00:00+00:00 [queued]>
[2022-02-03 20:55:25,171] {taskinstance.py:1238} INFO - 
--------------------------------------------------------------------------------
[2022-02-03 20:55:25,173] {taskinstance.py:1239} INFO - Starting attempt 1 of 1
[2022-02-03 20:55:25,175] {taskinstance.py:1240} INFO - 
--------------------------------------------------------------------------------
[2022-02-03 20:55:25,232] {taskinstance.py:1259} INFO - Executing <Task(BashOperator): print_sth> on 2020-12-01 00:00:00+00:00
[2022-02-03 20:55:25,245] {standard_task_runner.py:52} INFO - Started process 7370 to run task
[2022-02-03 20:55:25,257] {standard_task_runner.py:76} INFO - Running: ['***', 'tasks', 'run', 'data_ingestion_gcs_dag_5', 'print_sth', 'scheduled__2020-12-01T00:00:00+00:00', '--job-id', '82', '--raw', '--subdir', 'DAGS_FOLDER/data_ingestion_gcs_dag_2.py', '--cfg-path', '/tmp/tmp8rk_fvvg', '--error-file', '/tmp/tmp0muvhv64']
[2022-02-03 20:55:25,262] {standard_task_runner.py:77} INFO - Job 82: Subtask print_sth
[2022-02-03 20:55:25,462] {logging_mixin.py:109} INFO - Running <TaskInstance: data_ingestion_gcs_dag_5.print_sth scheduled__2020-12-01T00:00:00+00:00 [running]> on host 985445ce9491
[2022-02-03 20:55:25,741] {taskinstance.py:1426} INFO - Exporting the following env vars:
AIRFLOW_CTX_DAG_OWNER=***
AIRFLOW_CTX_DAG_ID=data_ingestion_gcs_dag_5
AIRFLOW_CTX_TASK_ID=print_sth
AIRFLOW_CTX_EXECUTION_DATE=2020-12-01T00:00:00+00:00
AIRFLOW_CTX_DAG_RUN_ID=scheduled__2020-12-01T00:00:00+00:00
[2022-02-03 20:55:25,751] {subprocess.py:62} INFO - Tmp dir root location: 
 /tmp
[2022-02-03 20:55:25,754] {subprocess.py:74} INFO - Running command: ['bash', '-c', "echo 'helloworld'"]
[2022-02-03 20:55:25,777] {subprocess.py:85} INFO - Output:
[2022-02-03 20:55:25,833] {subprocess.py:89} INFO - helloworld
[2022-02-03 20:55:25,838] {subprocess.py:93} INFO - Command exited with return code 0
[2022-02-03 20:55:25,925] {taskinstance.py:1277} INFO - Marking task as SUCCESS. dag_id=data_ingestion_gcs_dag_5, task_id=print_sth, execution_date=20201201T000000, start_date=20220203T205525, end_date=20220203T205525
[2022-02-03 20:55:26,031] {local_task_job.py:154} INFO - Task exited with return code 0
[2022-02-03 20:55:26,155] {local_task_job.py:264} INFO - 0 downstream tasks scheduled from follow-on schedule check
