[2022-02-06 18:52:22,865] {taskinstance.py:1032} INFO - Dependencies all met for <TaskInstance: yellow_taxi_data_ingestion_gcs_dag.format_to_parquet_task scheduled__2020-11-01T00:00:00+00:00 [queued]>
[2022-02-06 18:52:22,906] {taskinstance.py:1032} INFO - Dependencies all met for <TaskInstance: yellow_taxi_data_ingestion_gcs_dag.format_to_parquet_task scheduled__2020-11-01T00:00:00+00:00 [queued]>
[2022-02-06 18:52:22,908] {taskinstance.py:1238} INFO - 
--------------------------------------------------------------------------------
[2022-02-06 18:52:22,910] {taskinstance.py:1239} INFO - Starting attempt 1 of 1
[2022-02-06 18:52:22,911] {taskinstance.py:1240} INFO - 
--------------------------------------------------------------------------------
[2022-02-06 18:52:22,956] {taskinstance.py:1259} INFO - Executing <Task(PythonOperator): format_to_parquet_task> on 2020-11-01 00:00:00+00:00
[2022-02-06 18:52:22,972] {standard_task_runner.py:52} INFO - Started process 10391 to run task
[2022-02-06 18:52:22,986] {standard_task_runner.py:76} INFO - Running: ['***', 'tasks', 'run', 'yellow_taxi_data_ingestion_gcs_dag', 'format_to_parquet_task', 'scheduled__2020-11-01T00:00:00+00:00', '--job-id', '199', '--raw', '--subdir', 'DAGS_FOLDER/yellow_taxi_data_ingestion_gcs_dag.py', '--cfg-path', '/tmp/tmpc7_85r3f', '--error-file', '/tmp/tmpd8isib1n']
[2022-02-06 18:52:22,989] {standard_task_runner.py:77} INFO - Job 199: Subtask format_to_parquet_task
[2022-02-06 18:52:23,149] {logging_mixin.py:109} INFO - Running <TaskInstance: yellow_taxi_data_ingestion_gcs_dag.format_to_parquet_task scheduled__2020-11-01T00:00:00+00:00 [running]> on host 4c7ee98729cc
[2022-02-06 18:52:23,375] {logging_mixin.py:109} WARNING - /home/***/.local/lib/python3.7/site-packages/***/utils/context.py:152 AirflowContextDeprecationWarning: Accessing 'execution_date' from the template is deprecated and will be removed in a future version. Please use 'data_interval_start' or 'logical_date' instead.
[2022-02-06 18:52:23,448] {taskinstance.py:1426} INFO - Exporting the following env vars:
AIRFLOW_CTX_DAG_OWNER=***
AIRFLOW_CTX_DAG_ID=yellow_taxi_data_ingestion_gcs_dag
AIRFLOW_CTX_TASK_ID=format_to_parquet_task
AIRFLOW_CTX_EXECUTION_DATE=2020-11-01T00:00:00+00:00
AIRFLOW_CTX_DAG_RUN_ID=scheduled__2020-11-01T00:00:00+00:00
[2022-02-06 18:52:29,725] {python.py:175} INFO - Done. Returned value was: None
[2022-02-06 18:52:30,016] {taskinstance.py:1277} INFO - Marking task as SUCCESS. dag_id=yellow_taxi_data_ingestion_gcs_dag, task_id=format_to_parquet_task, execution_date=20201101T000000, start_date=20220206T185222, end_date=20220206T185230
[2022-02-06 18:52:30,642] {local_task_job.py:154} INFO - Task exited with return code 0
[2022-02-06 18:52:31,018] {local_task_job.py:264} INFO - 0 downstream tasks scheduled from follow-on schedule check
