[2022-02-03 10:15:37,662] {taskinstance.py:1032} INFO - Dependencies all met for <TaskInstance: data_ingestion_gcs_dag.local_to_gcs_task manual__2022-02-03T10:11:40.096798+00:00 [queued]>
[2022-02-03 10:15:37,711] {taskinstance.py:1032} INFO - Dependencies all met for <TaskInstance: data_ingestion_gcs_dag.local_to_gcs_task manual__2022-02-03T10:11:40.096798+00:00 [queued]>
[2022-02-03 10:15:37,713] {taskinstance.py:1238} INFO - 
--------------------------------------------------------------------------------
[2022-02-03 10:15:37,719] {taskinstance.py:1239} INFO - Starting attempt 1 of 2
[2022-02-03 10:15:37,721] {taskinstance.py:1240} INFO - 
--------------------------------------------------------------------------------
[2022-02-03 10:15:37,777] {taskinstance.py:1259} INFO - Executing <Task(PythonOperator): local_to_gcs_task> on 2022-02-03 10:11:40.096798+00:00
[2022-02-03 10:15:37,789] {standard_task_runner.py:52} INFO - Started process 3244 to run task
[2022-02-03 10:15:37,800] {standard_task_runner.py:76} INFO - Running: ['***', 'tasks', 'run', 'data_ingestion_gcs_dag', 'local_to_gcs_task', 'manual__2022-02-03T10:11:40.096798+00:00', '--job-id', '14', '--raw', '--subdir', 'DAGS_FOLDER/data_ingestion_gcs_dag.py', '--cfg-path', '/tmp/tmpnj9x6lti', '--error-file', '/tmp/tmpsdsyjc2m']
[2022-02-03 10:15:37,804] {standard_task_runner.py:77} INFO - Job 14: Subtask local_to_gcs_task
[2022-02-03 10:15:37,980] {logging_mixin.py:109} INFO - Running <TaskInstance: data_ingestion_gcs_dag.local_to_gcs_task manual__2022-02-03T10:11:40.096798+00:00 [running]> on host afdc3db97ffb
[2022-02-03 10:15:38,240] {taskinstance.py:1426} INFO - Exporting the following env vars:
AIRFLOW_CTX_DAG_OWNER=***
AIRFLOW_CTX_DAG_ID=data_ingestion_gcs_dag
AIRFLOW_CTX_TASK_ID=local_to_gcs_task
AIRFLOW_CTX_EXECUTION_DATE=2022-02-03T10:11:40.096798+00:00
AIRFLOW_CTX_DAG_RUN_ID=manual__2022-02-03T10:11:40.096798+00:00
[2022-02-03 10:15:57,538] {python.py:175} INFO - Done. Returned value was: None
[2022-02-03 10:15:57,584] {taskinstance.py:1277} INFO - Marking task as SUCCESS. dag_id=data_ingestion_gcs_dag, task_id=local_to_gcs_task, execution_date=20220203T101140, start_date=20220203T101537, end_date=20220203T101557
[2022-02-03 10:15:57,664] {local_task_job.py:154} INFO - Task exited with return code 0
[2022-02-03 10:15:57,765] {local_task_job.py:264} INFO - 1 downstream tasks scheduled from follow-on schedule check
