[2022-02-06 12:44:31,591] {taskinstance.py:1032} INFO - Dependencies all met for <TaskInstance: fhv_trip_data_ingestion_gcs_dag.local_to_gcs_task scheduled__2019-06-01T00:00:00+00:00 [queued]>
[2022-02-06 12:44:31,638] {taskinstance.py:1032} INFO - Dependencies all met for <TaskInstance: fhv_trip_data_ingestion_gcs_dag.local_to_gcs_task scheduled__2019-06-01T00:00:00+00:00 [queued]>
[2022-02-06 12:44:31,640] {taskinstance.py:1238} INFO - 
--------------------------------------------------------------------------------
[2022-02-06 12:44:31,641] {taskinstance.py:1239} INFO - Starting attempt 1 of 1
[2022-02-06 12:44:31,644] {taskinstance.py:1240} INFO - 
--------------------------------------------------------------------------------
[2022-02-06 12:44:31,690] {taskinstance.py:1259} INFO - Executing <Task(PythonOperator): local_to_gcs_task> on 2019-06-01 00:00:00+00:00
[2022-02-06 12:44:31,702] {standard_task_runner.py:52} INFO - Started process 4080 to run task
[2022-02-06 12:44:31,711] {standard_task_runner.py:76} INFO - Running: ['***', 'tasks', 'run', 'fhv_trip_data_ingestion_gcs_dag', 'local_to_gcs_task', 'scheduled__2019-06-01T00:00:00+00:00', '--job-id', '145', '--raw', '--subdir', 'DAGS_FOLDER/fhv_data_ingestion_gcs_dag.py', '--cfg-path', '/tmp/tmp_d5rn0j7', '--error-file', '/tmp/tmp6n3z_9zw']
[2022-02-06 12:44:31,714] {standard_task_runner.py:77} INFO - Job 145: Subtask local_to_gcs_task
[2022-02-06 12:44:31,872] {logging_mixin.py:109} INFO - Running <TaskInstance: fhv_trip_data_ingestion_gcs_dag.local_to_gcs_task scheduled__2019-06-01T00:00:00+00:00 [running]> on host c9d16932214b
[2022-02-06 12:44:32,063] {logging_mixin.py:109} WARNING - /home/***/.local/lib/python3.7/site-packages/***/utils/context.py:152 AirflowContextDeprecationWarning: Accessing 'execution_date' from the template is deprecated and will be removed in a future version. Please use 'data_interval_start' or 'logical_date' instead.
[2022-02-06 12:44:32,137] {taskinstance.py:1426} INFO - Exporting the following env vars:
AIRFLOW_CTX_DAG_OWNER=***
AIRFLOW_CTX_DAG_ID=fhv_trip_data_ingestion_gcs_dag
AIRFLOW_CTX_TASK_ID=local_to_gcs_task
AIRFLOW_CTX_EXECUTION_DATE=2019-06-01T00:00:00+00:00
AIRFLOW_CTX_DAG_RUN_ID=scheduled__2019-06-01T00:00:00+00:00
[2022-02-06 12:44:41,704] {python.py:175} INFO - Done. Returned value was: None
[2022-02-06 12:44:41,799] {taskinstance.py:1277} INFO - Marking task as SUCCESS. dag_id=fhv_trip_data_ingestion_gcs_dag, task_id=local_to_gcs_task, execution_date=20190601T000000, start_date=20220206T124431, end_date=20220206T124441
[2022-02-06 12:44:41,912] {local_task_job.py:154} INFO - Task exited with return code 0
[2022-02-06 12:44:42,013] {local_task_job.py:264} INFO - 0 downstream tasks scheduled from follow-on schedule check
