[2022-02-03 20:55:07,330] {taskinstance.py:1032} INFO - Dependencies all met for <TaskInstance: data_ingestion_gcs_dag_5.download_dataset_task scheduled__2020-12-01T00:00:00+00:00 [queued]>
[2022-02-03 20:55:07,501] {taskinstance.py:1032} INFO - Dependencies all met for <TaskInstance: data_ingestion_gcs_dag_5.download_dataset_task scheduled__2020-12-01T00:00:00+00:00 [queued]>
[2022-02-03 20:55:07,509] {taskinstance.py:1238} INFO - 
--------------------------------------------------------------------------------
[2022-02-03 20:55:07,510] {taskinstance.py:1239} INFO - Starting attempt 1 of 1
[2022-02-03 20:55:07,513] {taskinstance.py:1240} INFO - 
--------------------------------------------------------------------------------
[2022-02-03 20:55:07,753] {taskinstance.py:1259} INFO - Executing <Task(BashOperator): download_dataset_task> on 2020-12-01 00:00:00+00:00
[2022-02-03 20:55:07,809] {standard_task_runner.py:52} INFO - Started process 7297 to run task
[2022-02-03 20:55:07,888] {standard_task_runner.py:76} INFO - Running: ['***', 'tasks', 'run', 'data_ingestion_gcs_dag_5', 'download_dataset_task', 'scheduled__2020-12-01T00:00:00+00:00', '--job-id', '74', '--raw', '--subdir', 'DAGS_FOLDER/data_ingestion_gcs_dag_2.py', '--cfg-path', '/tmp/tmp8gw88ztx', '--error-file', '/tmp/tmpm5hv0kuc']
[2022-02-03 20:55:07,903] {standard_task_runner.py:77} INFO - Job 74: Subtask download_dataset_task
[2022-02-03 20:55:08,529] {logging_mixin.py:109} INFO - Running <TaskInstance: data_ingestion_gcs_dag_5.download_dataset_task scheduled__2020-12-01T00:00:00+00:00 [running]> on host 985445ce9491
[2022-02-03 20:55:09,251] {taskinstance.py:1426} INFO - Exporting the following env vars:
AIRFLOW_CTX_DAG_OWNER=***
AIRFLOW_CTX_DAG_ID=data_ingestion_gcs_dag_5
AIRFLOW_CTX_TASK_ID=download_dataset_task
AIRFLOW_CTX_EXECUTION_DATE=2020-12-01T00:00:00+00:00
AIRFLOW_CTX_DAG_RUN_ID=scheduled__2020-12-01T00:00:00+00:00
[2022-02-03 20:55:09,268] {subprocess.py:62} INFO - Tmp dir root location: 
 /tmp
[2022-02-03 20:55:09,277] {subprocess.py:74} INFO - Running command: ['bash', '-c', 'pwd']
[2022-02-03 20:55:09,343] {subprocess.py:85} INFO - Output:
[2022-02-03 20:55:09,443] {subprocess.py:89} INFO - /tmp/***tmp7idwhp7w
[2022-02-03 20:55:09,474] {subprocess.py:93} INFO - Command exited with return code 0
[2022-02-03 20:55:10,856] {taskinstance.py:1277} INFO - Marking task as SUCCESS. dag_id=data_ingestion_gcs_dag_5, task_id=download_dataset_task, execution_date=20201201T000000, start_date=20220203T205507, end_date=20220203T205510
[2022-02-03 20:55:11,234] {local_task_job.py:154} INFO - Task exited with return code 0
[2022-02-03 20:55:12,026] {local_task_job.py:264} INFO - 1 downstream tasks scheduled from follow-on schedule check
