[2022-02-05 19:30:34,771] {taskinstance.py:1032} INFO - Dependencies all met for <TaskInstance: yellow_taxi_data_ingestion_gcs_dag_v3.local_to_gcs_task scheduled__2019-11-01T00:00:00+00:00 [queued]>
[2022-02-05 19:30:34,808] {taskinstance.py:1032} INFO - Dependencies all met for <TaskInstance: yellow_taxi_data_ingestion_gcs_dag_v3.local_to_gcs_task scheduled__2019-11-01T00:00:00+00:00 [queued]>
[2022-02-05 19:30:34,810] {taskinstance.py:1238} INFO - 
--------------------------------------------------------------------------------
[2022-02-05 19:30:34,811] {taskinstance.py:1239} INFO - Starting attempt 1 of 1
[2022-02-05 19:30:34,812] {taskinstance.py:1240} INFO - 
--------------------------------------------------------------------------------
[2022-02-05 19:30:34,849] {taskinstance.py:1259} INFO - Executing <Task(PythonOperator): local_to_gcs_task> on 2019-11-01 00:00:00+00:00
[2022-02-05 19:30:34,858] {standard_task_runner.py:52} INFO - Started process 7721 to run task
[2022-02-05 19:30:34,865] {standard_task_runner.py:76} INFO - Running: ['***', 'tasks', 'run', 'yellow_taxi_data_ingestion_gcs_dag_v3', 'local_to_gcs_task', 'scheduled__2019-11-01T00:00:00+00:00', '--job-id', '119', '--raw', '--subdir', 'DAGS_FOLDER/data_ingestion_gcs_dag_2.py', '--cfg-path', '/tmp/tmp51aeo5bn', '--error-file', '/tmp/tmpkzuzwob9']
[2022-02-05 19:30:34,868] {standard_task_runner.py:77} INFO - Job 119: Subtask local_to_gcs_task
[2022-02-05 19:30:35,005] {logging_mixin.py:109} INFO - Running <TaskInstance: yellow_taxi_data_ingestion_gcs_dag_v3.local_to_gcs_task scheduled__2019-11-01T00:00:00+00:00 [running]> on host 29223c71f18a
[2022-02-05 19:30:35,157] {logging_mixin.py:109} WARNING - /home/***/.local/lib/python3.7/site-packages/***/utils/context.py:152 AirflowContextDeprecationWarning: Accessing 'execution_date' from the template is deprecated and will be removed in a future version. Please use 'data_interval_start' or 'logical_date' instead.
[2022-02-05 19:30:35,202] {taskinstance.py:1426} INFO - Exporting the following env vars:
AIRFLOW_CTX_DAG_OWNER=***
AIRFLOW_CTX_DAG_ID=yellow_taxi_data_ingestion_gcs_dag_v3
AIRFLOW_CTX_TASK_ID=local_to_gcs_task
AIRFLOW_CTX_EXECUTION_DATE=2019-11-01T00:00:00+00:00
AIRFLOW_CTX_DAG_RUN_ID=scheduled__2019-11-01T00:00:00+00:00
[2022-02-05 19:31:45,307] {python.py:175} INFO - Done. Returned value was: None
[2022-02-05 19:31:45,344] {taskinstance.py:1277} INFO - Marking task as SUCCESS. dag_id=yellow_taxi_data_ingestion_gcs_dag_v3, task_id=local_to_gcs_task, execution_date=20191101T000000, start_date=20220205T193034, end_date=20220205T193145
[2022-02-05 19:31:45,409] {local_task_job.py:154} INFO - Task exited with return code 0
[2022-02-05 19:31:45,479] {local_task_job.py:264} INFO - 0 downstream tasks scheduled from follow-on schedule check
