[2022-02-05 19:06:04,573] {taskinstance.py:1032} INFO - Dependencies all met for <TaskInstance: yellow_taxi_data_ingestion_gcs_dag_v3.download_dataset_task scheduled__2019-07-01T00:00:00+00:00 [queued]>
[2022-02-05 19:06:04,610] {taskinstance.py:1032} INFO - Dependencies all met for <TaskInstance: yellow_taxi_data_ingestion_gcs_dag_v3.download_dataset_task scheduled__2019-07-01T00:00:00+00:00 [queued]>
[2022-02-05 19:06:04,611] {taskinstance.py:1238} INFO - 
--------------------------------------------------------------------------------
[2022-02-05 19:06:04,612] {taskinstance.py:1239} INFO - Starting attempt 1 of 1
[2022-02-05 19:06:04,614] {taskinstance.py:1240} INFO - 
--------------------------------------------------------------------------------
[2022-02-05 19:06:04,655] {taskinstance.py:1259} INFO - Executing <Task(BashOperator): download_dataset_task> on 2019-07-01 00:00:00+00:00
[2022-02-05 19:06:04,665] {standard_task_runner.py:52} INFO - Started process 4539 to run task
[2022-02-05 19:06:04,673] {standard_task_runner.py:76} INFO - Running: ['***', 'tasks', 'run', 'yellow_taxi_data_ingestion_gcs_dag_v3', 'download_dataset_task', 'scheduled__2019-07-01T00:00:00+00:00', '--job-id', '105', '--raw', '--subdir', 'DAGS_FOLDER/data_ingestion_gcs_dag_2.py', '--cfg-path', '/tmp/tmp05l4sz85', '--error-file', '/tmp/tmp6lpgomu7']
[2022-02-05 19:06:04,675] {standard_task_runner.py:77} INFO - Job 105: Subtask download_dataset_task
[2022-02-05 19:06:04,817] {logging_mixin.py:109} INFO - Running <TaskInstance: yellow_taxi_data_ingestion_gcs_dag_v3.download_dataset_task scheduled__2019-07-01T00:00:00+00:00 [running]> on host 29223c71f18a
[2022-02-05 19:06:04,983] {logging_mixin.py:109} WARNING - /home/***/.local/lib/python3.7/site-packages/***/utils/context.py:152 AirflowContextDeprecationWarning: Accessing 'execution_date' from the template is deprecated and will be removed in a future version. Please use 'data_interval_start' or 'logical_date' instead.
[2022-02-05 19:06:05,033] {taskinstance.py:1426} INFO - Exporting the following env vars:
AIRFLOW_CTX_DAG_OWNER=***
AIRFLOW_CTX_DAG_ID=yellow_taxi_data_ingestion_gcs_dag_v3
AIRFLOW_CTX_TASK_ID=download_dataset_task
AIRFLOW_CTX_EXECUTION_DATE=2019-07-01T00:00:00+00:00
AIRFLOW_CTX_DAG_RUN_ID=scheduled__2019-07-01T00:00:00+00:00
[2022-02-05 19:06:05,038] {subprocess.py:62} INFO - Tmp dir root location: 
 /tmp
[2022-02-05 19:06:05,041] {subprocess.py:74} INFO - Running command: ['bash', '-c', 'curl -sS https://s3.amazonaws.com/nyc-tlc/trip+data/yellow_tripdata_2019-07.csv > /opt/***/yellow_tripdata_2019-07.csv']
[2022-02-05 19:06:05,058] {subprocess.py:85} INFO - Output:
[2022-02-05 19:08:23,382] {subprocess.py:93} INFO - Command exited with return code 0
[2022-02-05 19:08:23,487] {taskinstance.py:1277} INFO - Marking task as SUCCESS. dag_id=yellow_taxi_data_ingestion_gcs_dag_v3, task_id=download_dataset_task, execution_date=20190701T000000, start_date=20220205T190604, end_date=20220205T190823
[2022-02-05 19:08:23,577] {local_task_job.py:154} INFO - Task exited with return code 0
[2022-02-05 19:08:23,720] {local_task_job.py:264} INFO - 1 downstream tasks scheduled from follow-on schedule check
