[2022-02-06 12:35:38,947] {taskinstance.py:1032} INFO - Dependencies all met for <TaskInstance: fhv_trip_data_ingestion_gcs_dag.local_to_gcs_task scheduled__2019-01-01T00:00:00+00:00 [queued]>
[2022-02-06 12:35:38,991] {taskinstance.py:1032} INFO - Dependencies all met for <TaskInstance: fhv_trip_data_ingestion_gcs_dag.local_to_gcs_task scheduled__2019-01-01T00:00:00+00:00 [queued]>
[2022-02-06 12:35:38,993] {taskinstance.py:1238} INFO - 
--------------------------------------------------------------------------------
[2022-02-06 12:35:38,994] {taskinstance.py:1239} INFO - Starting attempt 1 of 1
[2022-02-06 12:35:38,996] {taskinstance.py:1240} INFO - 
--------------------------------------------------------------------------------
[2022-02-06 12:35:39,043] {taskinstance.py:1259} INFO - Executing <Task(PythonOperator): local_to_gcs_task> on 2019-01-01 00:00:00+00:00
[2022-02-06 12:35:39,055] {standard_task_runner.py:52} INFO - Started process 2815 to run task
[2022-02-06 12:35:39,064] {standard_task_runner.py:76} INFO - Running: ['***', 'tasks', 'run', 'fhv_trip_data_ingestion_gcs_dag', 'local_to_gcs_task', 'scheduled__2019-01-01T00:00:00+00:00', '--job-id', '129', '--raw', '--subdir', 'DAGS_FOLDER/fhv_data_ingestion_gcs_dag.py', '--cfg-path', '/tmp/tmprz2xcuk7', '--error-file', '/tmp/tmpuukz_62m']
[2022-02-06 12:35:39,067] {standard_task_runner.py:77} INFO - Job 129: Subtask local_to_gcs_task
[2022-02-06 12:35:39,202] {logging_mixin.py:109} INFO - Running <TaskInstance: fhv_trip_data_ingestion_gcs_dag.local_to_gcs_task scheduled__2019-01-01T00:00:00+00:00 [running]> on host c9d16932214b
[2022-02-06 12:35:39,364] {logging_mixin.py:109} WARNING - /home/***/.local/lib/python3.7/site-packages/***/utils/context.py:152 AirflowContextDeprecationWarning: Accessing 'execution_date' from the template is deprecated and will be removed in a future version. Please use 'data_interval_start' or 'logical_date' instead.
[2022-02-06 12:35:39,432] {taskinstance.py:1426} INFO - Exporting the following env vars:
AIRFLOW_CTX_DAG_OWNER=***
AIRFLOW_CTX_DAG_ID=fhv_trip_data_ingestion_gcs_dag
AIRFLOW_CTX_TASK_ID=local_to_gcs_task
AIRFLOW_CTX_EXECUTION_DATE=2019-01-01T00:00:00+00:00
AIRFLOW_CTX_DAG_RUN_ID=scheduled__2019-01-01T00:00:00+00:00
[2022-02-06 12:37:15,753] {python.py:175} INFO - Done. Returned value was: None
[2022-02-06 12:37:15,796] {taskinstance.py:1277} INFO - Marking task as SUCCESS. dag_id=fhv_trip_data_ingestion_gcs_dag, task_id=local_to_gcs_task, execution_date=20190101T000000, start_date=20220206T123538, end_date=20220206T123715
[2022-02-06 12:37:15,879] {local_task_job.py:154} INFO - Task exited with return code 0
[2022-02-06 12:37:15,956] {local_task_job.py:264} INFO - 0 downstream tasks scheduled from follow-on schedule check
