[2022-02-06 12:42:37,488] {taskinstance.py:1032} INFO - Dependencies all met for <TaskInstance: fhv_trip_data_ingestion_gcs_dag.local_to_gcs_task scheduled__2019-05-01T00:00:00+00:00 [queued]>
[2022-02-06 12:42:37,524] {taskinstance.py:1032} INFO - Dependencies all met for <TaskInstance: fhv_trip_data_ingestion_gcs_dag.local_to_gcs_task scheduled__2019-05-01T00:00:00+00:00 [queued]>
[2022-02-06 12:42:37,526] {taskinstance.py:1238} INFO - 
--------------------------------------------------------------------------------
[2022-02-06 12:42:37,527] {taskinstance.py:1239} INFO - Starting attempt 1 of 1
[2022-02-06 12:42:37,528] {taskinstance.py:1240} INFO - 
--------------------------------------------------------------------------------
[2022-02-06 12:42:37,564] {taskinstance.py:1259} INFO - Executing <Task(PythonOperator): local_to_gcs_task> on 2019-05-01 00:00:00+00:00
[2022-02-06 12:42:37,574] {standard_task_runner.py:52} INFO - Started process 3802 to run task
[2022-02-06 12:42:37,581] {standard_task_runner.py:76} INFO - Running: ['***', 'tasks', 'run', 'fhv_trip_data_ingestion_gcs_dag', 'local_to_gcs_task', 'scheduled__2019-05-01T00:00:00+00:00', '--job-id', '142', '--raw', '--subdir', 'DAGS_FOLDER/fhv_data_ingestion_gcs_dag.py', '--cfg-path', '/tmp/tmp_3t388mc', '--error-file', '/tmp/tmp9bdm91p3']
[2022-02-06 12:42:37,584] {standard_task_runner.py:77} INFO - Job 142: Subtask local_to_gcs_task
[2022-02-06 12:42:37,727] {logging_mixin.py:109} INFO - Running <TaskInstance: fhv_trip_data_ingestion_gcs_dag.local_to_gcs_task scheduled__2019-05-01T00:00:00+00:00 [running]> on host c9d16932214b
[2022-02-06 12:42:37,906] {logging_mixin.py:109} WARNING - /home/***/.local/lib/python3.7/site-packages/***/utils/context.py:152 AirflowContextDeprecationWarning: Accessing 'execution_date' from the template is deprecated and will be removed in a future version. Please use 'data_interval_start' or 'logical_date' instead.
[2022-02-06 12:42:37,965] {taskinstance.py:1426} INFO - Exporting the following env vars:
AIRFLOW_CTX_DAG_OWNER=***
AIRFLOW_CTX_DAG_ID=fhv_trip_data_ingestion_gcs_dag
AIRFLOW_CTX_TASK_ID=local_to_gcs_task
AIRFLOW_CTX_EXECUTION_DATE=2019-05-01T00:00:00+00:00
AIRFLOW_CTX_DAG_RUN_ID=scheduled__2019-05-01T00:00:00+00:00
[2022-02-06 12:42:46,274] {python.py:175} INFO - Done. Returned value was: None
[2022-02-06 12:42:46,347] {taskinstance.py:1277} INFO - Marking task as SUCCESS. dag_id=fhv_trip_data_ingestion_gcs_dag, task_id=local_to_gcs_task, execution_date=20190501T000000, start_date=20220206T124237, end_date=20220206T124246
[2022-02-06 12:42:46,470] {local_task_job.py:154} INFO - Task exited with return code 0
[2022-02-06 12:42:46,644] {local_task_job.py:264} INFO - 0 downstream tasks scheduled from follow-on schedule check
