[2022-02-03 10:13:08,201] {taskinstance.py:1032} INFO - Dependencies all met for <TaskInstance: data_ingestion_gcs_dag.format_to_parquet_task scheduled__2022-02-02T00:00:00+00:00 [queued]>
[2022-02-03 10:13:08,237] {taskinstance.py:1032} INFO - Dependencies all met for <TaskInstance: data_ingestion_gcs_dag.format_to_parquet_task scheduled__2022-02-02T00:00:00+00:00 [queued]>
[2022-02-03 10:13:08,239] {taskinstance.py:1238} INFO - 
--------------------------------------------------------------------------------
[2022-02-03 10:13:08,240] {taskinstance.py:1239} INFO - Starting attempt 1 of 2
[2022-02-03 10:13:08,241] {taskinstance.py:1240} INFO - 
--------------------------------------------------------------------------------
[2022-02-03 10:13:08,278] {taskinstance.py:1259} INFO - Executing <Task(PythonOperator): format_to_parquet_task> on 2022-02-02 00:00:00+00:00
[2022-02-03 10:13:08,287] {standard_task_runner.py:52} INFO - Started process 3000 to run task
[2022-02-03 10:13:08,294] {standard_task_runner.py:76} INFO - Running: ['***', 'tasks', 'run', 'data_ingestion_gcs_dag', 'format_to_parquet_task', 'scheduled__2022-02-02T00:00:00+00:00', '--job-id', '9', '--raw', '--subdir', 'DAGS_FOLDER/data_ingestion_gcs_dag.py', '--cfg-path', '/tmp/tmp1d8t5nev', '--error-file', '/tmp/tmptnxji28o']
[2022-02-03 10:13:08,297] {standard_task_runner.py:77} INFO - Job 9: Subtask format_to_parquet_task
[2022-02-03 10:13:08,410] {logging_mixin.py:109} INFO - Running <TaskInstance: data_ingestion_gcs_dag.format_to_parquet_task scheduled__2022-02-02T00:00:00+00:00 [running]> on host afdc3db97ffb
[2022-02-03 10:13:08,556] {taskinstance.py:1426} INFO - Exporting the following env vars:
AIRFLOW_CTX_DAG_OWNER=***
AIRFLOW_CTX_DAG_ID=data_ingestion_gcs_dag
AIRFLOW_CTX_TASK_ID=format_to_parquet_task
AIRFLOW_CTX_EXECUTION_DATE=2022-02-02T00:00:00+00:00
AIRFLOW_CTX_DAG_RUN_ID=scheduled__2022-02-02T00:00:00+00:00
[2022-02-03 10:13:13,517] {python.py:175} INFO - Done. Returned value was: None
[2022-02-03 10:13:13,559] {taskinstance.py:1277} INFO - Marking task as SUCCESS. dag_id=data_ingestion_gcs_dag, task_id=format_to_parquet_task, execution_date=20220202T000000, start_date=20220203T101308, end_date=20220203T101313
[2022-02-03 10:13:13,822] {local_task_job.py:154} INFO - Task exited with return code 0
[2022-02-03 10:13:14,019] {local_task_job.py:264} INFO - 0 downstream tasks scheduled from follow-on schedule check
