[2022-02-06 18:44:44,379] {taskinstance.py:1032} INFO - Dependencies all met for <TaskInstance: yellow_taxi_data_ingestion_gcs_dag.local_to_gcs_task scheduled__2020-08-01T00:00:00+00:00 [queued]>
[2022-02-06 18:44:44,426] {taskinstance.py:1032} INFO - Dependencies all met for <TaskInstance: yellow_taxi_data_ingestion_gcs_dag.local_to_gcs_task scheduled__2020-08-01T00:00:00+00:00 [queued]>
[2022-02-06 18:44:44,427] {taskinstance.py:1238} INFO - 
--------------------------------------------------------------------------------
[2022-02-06 18:44:44,429] {taskinstance.py:1239} INFO - Starting attempt 1 of 1
[2022-02-06 18:44:44,430] {taskinstance.py:1240} INFO - 
--------------------------------------------------------------------------------
[2022-02-06 18:44:44,477] {taskinstance.py:1259} INFO - Executing <Task(PythonOperator): local_to_gcs_task> on 2020-08-01 00:00:00+00:00
[2022-02-06 18:44:44,489] {standard_task_runner.py:52} INFO - Started process 9365 to run task
[2022-02-06 18:44:44,499] {standard_task_runner.py:76} INFO - Running: ['***', 'tasks', 'run', 'yellow_taxi_data_ingestion_gcs_dag', 'local_to_gcs_task', 'scheduled__2020-08-01T00:00:00+00:00', '--job-id', '191', '--raw', '--subdir', 'DAGS_FOLDER/yellow_taxi_data_ingestion_gcs_dag.py', '--cfg-path', '/tmp/tmp7jmmkyup', '--error-file', '/tmp/tmpcrkvo1w6']
[2022-02-06 18:44:44,502] {standard_task_runner.py:77} INFO - Job 191: Subtask local_to_gcs_task
[2022-02-06 18:44:44,662] {logging_mixin.py:109} INFO - Running <TaskInstance: yellow_taxi_data_ingestion_gcs_dag.local_to_gcs_task scheduled__2020-08-01T00:00:00+00:00 [running]> on host 4c7ee98729cc
[2022-02-06 18:44:44,872] {logging_mixin.py:109} WARNING - /home/***/.local/lib/python3.7/site-packages/***/utils/context.py:152 AirflowContextDeprecationWarning: Accessing 'execution_date' from the template is deprecated and will be removed in a future version. Please use 'data_interval_start' or 'logical_date' instead.
[2022-02-06 18:44:44,957] {taskinstance.py:1426} INFO - Exporting the following env vars:
AIRFLOW_CTX_DAG_OWNER=***
AIRFLOW_CTX_DAG_ID=yellow_taxi_data_ingestion_gcs_dag
AIRFLOW_CTX_TASK_ID=local_to_gcs_task
AIRFLOW_CTX_EXECUTION_DATE=2020-08-01T00:00:00+00:00
AIRFLOW_CTX_DAG_RUN_ID=scheduled__2020-08-01T00:00:00+00:00
[2022-02-06 18:45:03,432] {python.py:175} INFO - Done. Returned value was: None
[2022-02-06 18:45:03,488] {taskinstance.py:1277} INFO - Marking task as SUCCESS. dag_id=yellow_taxi_data_ingestion_gcs_dag, task_id=local_to_gcs_task, execution_date=20200801T000000, start_date=20220206T184444, end_date=20220206T184503
[2022-02-06 18:45:03,597] {local_task_job.py:154} INFO - Task exited with return code 0
[2022-02-06 18:45:03,693] {local_task_job.py:264} INFO - 0 downstream tasks scheduled from follow-on schedule check
