[2022-02-06 12:50:06,284] {taskinstance.py:1032} INFO - Dependencies all met for <TaskInstance: fhv_trip_data_ingestion_gcs_dag.format_to_parquet_task scheduled__2019-09-01T00:00:00+00:00 [queued]>
[2022-02-06 12:50:06,328] {taskinstance.py:1032} INFO - Dependencies all met for <TaskInstance: fhv_trip_data_ingestion_gcs_dag.format_to_parquet_task scheduled__2019-09-01T00:00:00+00:00 [queued]>
[2022-02-06 12:50:06,330] {taskinstance.py:1238} INFO - 
--------------------------------------------------------------------------------
[2022-02-06 12:50:06,332] {taskinstance.py:1239} INFO - Starting attempt 1 of 1
[2022-02-06 12:50:06,333] {taskinstance.py:1240} INFO - 
--------------------------------------------------------------------------------
[2022-02-06 12:50:06,373] {taskinstance.py:1259} INFO - Executing <Task(PythonOperator): format_to_parquet_task> on 2019-09-01 00:00:00+00:00
[2022-02-06 12:50:06,383] {standard_task_runner.py:52} INFO - Started process 4853 to run task
[2022-02-06 12:50:06,391] {standard_task_runner.py:76} INFO - Running: ['***', 'tasks', 'run', 'fhv_trip_data_ingestion_gcs_dag', 'format_to_parquet_task', 'scheduled__2019-09-01T00:00:00+00:00', '--job-id', '153', '--raw', '--subdir', 'DAGS_FOLDER/fhv_data_ingestion_gcs_dag.py', '--cfg-path', '/tmp/tmpa4jfstz7', '--error-file', '/tmp/tmpiysqcmmi']
[2022-02-06 12:50:06,394] {standard_task_runner.py:77} INFO - Job 153: Subtask format_to_parquet_task
[2022-02-06 12:50:06,550] {logging_mixin.py:109} INFO - Running <TaskInstance: fhv_trip_data_ingestion_gcs_dag.format_to_parquet_task scheduled__2019-09-01T00:00:00+00:00 [running]> on host c9d16932214b
[2022-02-06 12:50:06,744] {logging_mixin.py:109} WARNING - /home/***/.local/lib/python3.7/site-packages/***/utils/context.py:152 AirflowContextDeprecationWarning: Accessing 'execution_date' from the template is deprecated and will be removed in a future version. Please use 'data_interval_start' or 'logical_date' instead.
[2022-02-06 12:50:06,816] {taskinstance.py:1426} INFO - Exporting the following env vars:
AIRFLOW_CTX_DAG_OWNER=***
AIRFLOW_CTX_DAG_ID=fhv_trip_data_ingestion_gcs_dag
AIRFLOW_CTX_TASK_ID=format_to_parquet_task
AIRFLOW_CTX_EXECUTION_DATE=2019-09-01T00:00:00+00:00
AIRFLOW_CTX_DAG_RUN_ID=scheduled__2019-09-01T00:00:00+00:00
[2022-02-06 12:50:08,371] {python.py:175} INFO - Done. Returned value was: None
[2022-02-06 12:50:08,408] {taskinstance.py:1277} INFO - Marking task as SUCCESS. dag_id=fhv_trip_data_ingestion_gcs_dag, task_id=format_to_parquet_task, execution_date=20190901T000000, start_date=20220206T125006, end_date=20220206T125008
[2022-02-06 12:50:08,510] {local_task_job.py:154} INFO - Task exited with return code 0
[2022-02-06 12:50:08,611] {local_task_job.py:264} INFO - 1 downstream tasks scheduled from follow-on schedule check
