[2022-02-03 20:54:37,061] {taskinstance.py:1032} INFO - Dependencies all met for <TaskInstance: data_ingestion_gcs_dag_5.print_sth scheduled__2020-02-01T00:00:00+00:00 [queued]>
[2022-02-03 20:54:37,285] {taskinstance.py:1032} INFO - Dependencies all met for <TaskInstance: data_ingestion_gcs_dag_5.print_sth scheduled__2020-02-01T00:00:00+00:00 [queued]>
[2022-02-03 20:54:37,290] {taskinstance.py:1238} INFO - 
--------------------------------------------------------------------------------
[2022-02-03 20:54:37,295] {taskinstance.py:1239} INFO - Starting attempt 1 of 1
[2022-02-03 20:54:37,304] {taskinstance.py:1240} INFO - 
--------------------------------------------------------------------------------
[2022-02-03 20:54:37,710] {taskinstance.py:1259} INFO - Executing <Task(BashOperator): print_sth> on 2020-02-01 00:00:00+00:00
[2022-02-03 20:54:37,809] {standard_task_runner.py:52} INFO - Started process 7156 to run task
[2022-02-03 20:54:37,849] {standard_task_runner.py:76} INFO - Running: ['***', 'tasks', 'run', 'data_ingestion_gcs_dag_5', 'print_sth', 'scheduled__2020-02-01T00:00:00+00:00', '--job-id', '64', '--raw', '--subdir', 'DAGS_FOLDER/data_ingestion_gcs_dag_2.py', '--cfg-path', '/tmp/tmp1g4ljk7k', '--error-file', '/tmp/tmpn0jjmup0']
[2022-02-03 20:54:37,871] {standard_task_runner.py:77} INFO - Job 64: Subtask print_sth
[2022-02-03 20:54:38,541] {logging_mixin.py:109} INFO - Running <TaskInstance: data_ingestion_gcs_dag_5.print_sth scheduled__2020-02-01T00:00:00+00:00 [running]> on host 985445ce9491
[2022-02-03 20:54:39,448] {taskinstance.py:1426} INFO - Exporting the following env vars:
AIRFLOW_CTX_DAG_OWNER=***
AIRFLOW_CTX_DAG_ID=data_ingestion_gcs_dag_5
AIRFLOW_CTX_TASK_ID=print_sth
AIRFLOW_CTX_EXECUTION_DATE=2020-02-01T00:00:00+00:00
AIRFLOW_CTX_DAG_RUN_ID=scheduled__2020-02-01T00:00:00+00:00
[2022-02-03 20:54:39,475] {subprocess.py:62} INFO - Tmp dir root location: 
 /tmp
[2022-02-03 20:54:39,480] {subprocess.py:74} INFO - Running command: ['bash', '-c', "echo 'helloworld'"]
[2022-02-03 20:54:39,581] {subprocess.py:85} INFO - Output:
[2022-02-03 20:54:39,696] {subprocess.py:89} INFO - helloworld
[2022-02-03 20:54:39,704] {subprocess.py:93} INFO - Command exited with return code 0
[2022-02-03 20:54:42,581] {taskinstance.py:1277} INFO - Marking task as SUCCESS. dag_id=data_ingestion_gcs_dag_5, task_id=print_sth, execution_date=20200201T000000, start_date=20220203T205437, end_date=20220203T205442
[2022-02-03 20:54:43,801] {local_task_job.py:154} INFO - Task exited with return code 0
[2022-02-03 20:54:47,986] {local_task_job.py:264} INFO - 0 downstream tasks scheduled from follow-on schedule check
