[2022-02-06 18:40:05,986] {taskinstance.py:1032} INFO - Dependencies all met for <TaskInstance: yellow_taxi_data_ingestion_gcs_dag.format_to_parquet_task scheduled__2020-04-01T00:00:00+00:00 [queued]>
[2022-02-06 18:40:06,027] {taskinstance.py:1032} INFO - Dependencies all met for <TaskInstance: yellow_taxi_data_ingestion_gcs_dag.format_to_parquet_task scheduled__2020-04-01T00:00:00+00:00 [queued]>
[2022-02-06 18:40:06,029] {taskinstance.py:1238} INFO - 
--------------------------------------------------------------------------------
[2022-02-06 18:40:06,030] {taskinstance.py:1239} INFO - Starting attempt 1 of 1
[2022-02-06 18:40:06,031] {taskinstance.py:1240} INFO - 
--------------------------------------------------------------------------------
[2022-02-06 18:40:06,072] {taskinstance.py:1259} INFO - Executing <Task(PythonOperator): format_to_parquet_task> on 2020-04-01 00:00:00+00:00
[2022-02-06 18:40:06,083] {standard_task_runner.py:52} INFO - Started process 8643 to run task
[2022-02-06 18:40:06,090] {standard_task_runner.py:76} INFO - Running: ['***', 'tasks', 'run', 'yellow_taxi_data_ingestion_gcs_dag', 'format_to_parquet_task', 'scheduled__2020-04-01T00:00:00+00:00', '--job-id', '178', '--raw', '--subdir', 'DAGS_FOLDER/yellow_taxi_data_ingestion_gcs_dag.py', '--cfg-path', '/tmp/tmp0n637jn_', '--error-file', '/tmp/tmplrjgcgh2']
[2022-02-06 18:40:06,093] {standard_task_runner.py:77} INFO - Job 178: Subtask format_to_parquet_task
[2022-02-06 18:40:06,248] {logging_mixin.py:109} INFO - Running <TaskInstance: yellow_taxi_data_ingestion_gcs_dag.format_to_parquet_task scheduled__2020-04-01T00:00:00+00:00 [running]> on host 4c7ee98729cc
[2022-02-06 18:40:06,422] {logging_mixin.py:109} WARNING - /home/***/.local/lib/python3.7/site-packages/***/utils/context.py:152 AirflowContextDeprecationWarning: Accessing 'execution_date' from the template is deprecated and will be removed in a future version. Please use 'data_interval_start' or 'logical_date' instead.
[2022-02-06 18:40:06,485] {taskinstance.py:1426} INFO - Exporting the following env vars:
AIRFLOW_CTX_DAG_OWNER=***
AIRFLOW_CTX_DAG_ID=yellow_taxi_data_ingestion_gcs_dag
AIRFLOW_CTX_TASK_ID=format_to_parquet_task
AIRFLOW_CTX_EXECUTION_DATE=2020-04-01T00:00:00+00:00
AIRFLOW_CTX_DAG_RUN_ID=scheduled__2020-04-01T00:00:00+00:00
[2022-02-06 18:40:07,933] {python.py:175} INFO - Done. Returned value was: None
[2022-02-06 18:40:07,972] {taskinstance.py:1277} INFO - Marking task as SUCCESS. dag_id=yellow_taxi_data_ingestion_gcs_dag, task_id=format_to_parquet_task, execution_date=20200401T000000, start_date=20220206T184005, end_date=20220206T184007
[2022-02-06 18:40:08,069] {local_task_job.py:154} INFO - Task exited with return code 0
[2022-02-06 18:40:08,157] {local_task_job.py:264} INFO - 1 downstream tasks scheduled from follow-on schedule check
