[2022-02-05 19:14:00,002] {taskinstance.py:1032} INFO - Dependencies all met for <TaskInstance: yellow_taxi_data_ingestion_gcs_dag_v3.format_to_parquet_task scheduled__2019-08-01T00:00:00+00:00 [queued]>
[2022-02-05 19:14:00,043] {taskinstance.py:1032} INFO - Dependencies all met for <TaskInstance: yellow_taxi_data_ingestion_gcs_dag_v3.format_to_parquet_task scheduled__2019-08-01T00:00:00+00:00 [queued]>
[2022-02-05 19:14:00,045] {taskinstance.py:1238} INFO - 
--------------------------------------------------------------------------------
[2022-02-05 19:14:00,046] {taskinstance.py:1239} INFO - Starting attempt 1 of 1
[2022-02-05 19:14:00,047] {taskinstance.py:1240} INFO - 
--------------------------------------------------------------------------------
[2022-02-05 19:14:00,090] {taskinstance.py:1259} INFO - Executing <Task(PythonOperator): format_to_parquet_task> on 2019-08-01 00:00:00+00:00
[2022-02-05 19:14:00,101] {standard_task_runner.py:52} INFO - Started process 5573 to run task
[2022-02-05 19:14:00,112] {standard_task_runner.py:76} INFO - Running: ['***', 'tasks', 'run', 'yellow_taxi_data_ingestion_gcs_dag_v3', 'format_to_parquet_task', 'scheduled__2019-08-01T00:00:00+00:00', '--job-id', '109', '--raw', '--subdir', 'DAGS_FOLDER/data_ingestion_gcs_dag_2.py', '--cfg-path', '/tmp/tmp3h_giwy5', '--error-file', '/tmp/tmpckvmez34']
[2022-02-05 19:14:00,116] {standard_task_runner.py:77} INFO - Job 109: Subtask format_to_parquet_task
[2022-02-05 19:14:00,270] {logging_mixin.py:109} INFO - Running <TaskInstance: yellow_taxi_data_ingestion_gcs_dag_v3.format_to_parquet_task scheduled__2019-08-01T00:00:00+00:00 [running]> on host 29223c71f18a
[2022-02-05 19:14:00,458] {logging_mixin.py:109} WARNING - /home/***/.local/lib/python3.7/site-packages/***/utils/context.py:152 AirflowContextDeprecationWarning: Accessing 'execution_date' from the template is deprecated and will be removed in a future version. Please use 'data_interval_start' or 'logical_date' instead.
[2022-02-05 19:14:00,520] {taskinstance.py:1426} INFO - Exporting the following env vars:
AIRFLOW_CTX_DAG_OWNER=***
AIRFLOW_CTX_DAG_ID=yellow_taxi_data_ingestion_gcs_dag_v3
AIRFLOW_CTX_TASK_ID=format_to_parquet_task
AIRFLOW_CTX_EXECUTION_DATE=2019-08-01T00:00:00+00:00
AIRFLOW_CTX_DAG_RUN_ID=scheduled__2019-08-01T00:00:00+00:00
[2022-02-05 19:14:24,495] {python.py:175} INFO - Done. Returned value was: None
[2022-02-05 19:14:24,735] {taskinstance.py:1277} INFO - Marking task as SUCCESS. dag_id=yellow_taxi_data_ingestion_gcs_dag_v3, task_id=format_to_parquet_task, execution_date=20190801T000000, start_date=20220205T191400, end_date=20220205T191424
[2022-02-05 19:14:26,223] {local_task_job.py:212} WARNING - State of this instance has been externally set to success. Terminating instance.
[2022-02-05 19:14:26,269] {process_utils.py:124} INFO - Sending Signals.SIGTERM to group 5573. PIDs of all processes in the group: [5573]
[2022-02-05 19:14:26,279] {process_utils.py:75} INFO - Sending the signal Signals.SIGTERM to group 5573
[2022-02-05 19:14:26,522] {process_utils.py:70} INFO - Process psutil.Process(pid=5573, status='terminated', exitcode=0, started='19:13:59') (5573) terminated with exit code 0
