[2022-02-06 12:38:23,134] {taskinstance.py:1032} INFO - Dependencies all met for <TaskInstance: fhv_trip_data_ingestion_gcs_dag.format_to_parquet_task scheduled__2019-02-01T00:00:00+00:00 [queued]>
[2022-02-06 12:38:23,173] {taskinstance.py:1032} INFO - Dependencies all met for <TaskInstance: fhv_trip_data_ingestion_gcs_dag.format_to_parquet_task scheduled__2019-02-01T00:00:00+00:00 [queued]>
[2022-02-06 12:38:23,175] {taskinstance.py:1238} INFO - 
--------------------------------------------------------------------------------
[2022-02-06 12:38:23,176] {taskinstance.py:1239} INFO - Starting attempt 1 of 1
[2022-02-06 12:38:23,177] {taskinstance.py:1240} INFO - 
--------------------------------------------------------------------------------
[2022-02-06 12:38:23,215] {taskinstance.py:1259} INFO - Executing <Task(PythonOperator): format_to_parquet_task> on 2019-02-01 00:00:00+00:00
[2022-02-06 12:38:23,224] {standard_task_runner.py:52} INFO - Started process 3177 to run task
[2022-02-06 12:38:23,232] {standard_task_runner.py:76} INFO - Running: ['***', 'tasks', 'run', 'fhv_trip_data_ingestion_gcs_dag', 'format_to_parquet_task', 'scheduled__2019-02-01T00:00:00+00:00', '--job-id', '132', '--raw', '--subdir', 'DAGS_FOLDER/fhv_data_ingestion_gcs_dag.py', '--cfg-path', '/tmp/tmpvbhxr2dj', '--error-file', '/tmp/tmpcujt1ty9']
[2022-02-06 12:38:23,235] {standard_task_runner.py:77} INFO - Job 132: Subtask format_to_parquet_task
[2022-02-06 12:38:23,383] {logging_mixin.py:109} INFO - Running <TaskInstance: fhv_trip_data_ingestion_gcs_dag.format_to_parquet_task scheduled__2019-02-01T00:00:00+00:00 [running]> on host c9d16932214b
[2022-02-06 12:38:23,553] {logging_mixin.py:109} WARNING - /home/***/.local/lib/python3.7/site-packages/***/utils/context.py:152 AirflowContextDeprecationWarning: Accessing 'execution_date' from the template is deprecated and will be removed in a future version. Please use 'data_interval_start' or 'logical_date' instead.
[2022-02-06 12:38:23,616] {taskinstance.py:1426} INFO - Exporting the following env vars:
AIRFLOW_CTX_DAG_OWNER=***
AIRFLOW_CTX_DAG_ID=fhv_trip_data_ingestion_gcs_dag
AIRFLOW_CTX_TASK_ID=format_to_parquet_task
AIRFLOW_CTX_EXECUTION_DATE=2019-02-01T00:00:00+00:00
AIRFLOW_CTX_DAG_RUN_ID=scheduled__2019-02-01T00:00:00+00:00
[2022-02-06 12:38:25,634] {python.py:175} INFO - Done. Returned value was: None
[2022-02-06 12:38:25,671] {taskinstance.py:1277} INFO - Marking task as SUCCESS. dag_id=fhv_trip_data_ingestion_gcs_dag, task_id=format_to_parquet_task, execution_date=20190201T000000, start_date=20220206T123823, end_date=20220206T123825
[2022-02-06 12:38:25,775] {local_task_job.py:154} INFO - Task exited with return code 0
[2022-02-06 12:38:25,858] {local_task_job.py:264} INFO - 1 downstream tasks scheduled from follow-on schedule check
