[2022-02-06 18:39:52,880] {taskinstance.py:1032} INFO - Dependencies all met for <TaskInstance: yellow_taxi_data_ingestion_gcs_dag.download_dataset_task scheduled__2020-04-01T00:00:00+00:00 [queued]>
[2022-02-06 18:39:52,915] {taskinstance.py:1032} INFO - Dependencies all met for <TaskInstance: yellow_taxi_data_ingestion_gcs_dag.download_dataset_task scheduled__2020-04-01T00:00:00+00:00 [queued]>
[2022-02-06 18:39:52,916] {taskinstance.py:1238} INFO - 
--------------------------------------------------------------------------------
[2022-02-06 18:39:52,918] {taskinstance.py:1239} INFO - Starting attempt 1 of 1
[2022-02-06 18:39:52,919] {taskinstance.py:1240} INFO - 
--------------------------------------------------------------------------------
[2022-02-06 18:39:52,956] {taskinstance.py:1259} INFO - Executing <Task(BashOperator): download_dataset_task> on 2020-04-01 00:00:00+00:00
[2022-02-06 18:39:52,966] {standard_task_runner.py:52} INFO - Started process 8588 to run task
[2022-02-06 18:39:52,975] {standard_task_runner.py:76} INFO - Running: ['***', 'tasks', 'run', 'yellow_taxi_data_ingestion_gcs_dag', 'download_dataset_task', 'scheduled__2020-04-01T00:00:00+00:00', '--job-id', '177', '--raw', '--subdir', 'DAGS_FOLDER/yellow_taxi_data_ingestion_gcs_dag.py', '--cfg-path', '/tmp/tmpgr9dep35', '--error-file', '/tmp/tmpegl8708s']
[2022-02-06 18:39:52,978] {standard_task_runner.py:77} INFO - Job 177: Subtask download_dataset_task
[2022-02-06 18:39:53,121] {logging_mixin.py:109} INFO - Running <TaskInstance: yellow_taxi_data_ingestion_gcs_dag.download_dataset_task scheduled__2020-04-01T00:00:00+00:00 [running]> on host 4c7ee98729cc
[2022-02-06 18:39:53,286] {logging_mixin.py:109} WARNING - /home/***/.local/lib/python3.7/site-packages/***/utils/context.py:152 AirflowContextDeprecationWarning: Accessing 'execution_date' from the template is deprecated and will be removed in a future version. Please use 'data_interval_start' or 'logical_date' instead.
[2022-02-06 18:39:53,328] {taskinstance.py:1426} INFO - Exporting the following env vars:
AIRFLOW_CTX_DAG_OWNER=***
AIRFLOW_CTX_DAG_ID=yellow_taxi_data_ingestion_gcs_dag
AIRFLOW_CTX_TASK_ID=download_dataset_task
AIRFLOW_CTX_EXECUTION_DATE=2020-04-01T00:00:00+00:00
AIRFLOW_CTX_DAG_RUN_ID=scheduled__2020-04-01T00:00:00+00:00
[2022-02-06 18:39:53,334] {subprocess.py:62} INFO - Tmp dir root location: 
 /tmp
[2022-02-06 18:39:53,335] {subprocess.py:74} INFO - Running command: ['bash', '-c', 'curl -sS https://s3.amazonaws.com/nyc-tlc/trip+data/yellow_tripdata_2020-04.csv > /opt/***/yellow_tripdata_2020-04.csv']
[2022-02-06 18:39:53,353] {subprocess.py:85} INFO - Output:
[2022-02-06 18:40:01,562] {subprocess.py:93} INFO - Command exited with return code 0
[2022-02-06 18:40:01,656] {taskinstance.py:1277} INFO - Marking task as SUCCESS. dag_id=yellow_taxi_data_ingestion_gcs_dag, task_id=download_dataset_task, execution_date=20200401T000000, start_date=20220206T183952, end_date=20220206T184001
[2022-02-06 18:40:01,765] {local_task_job.py:154} INFO - Task exited with return code 0
[2022-02-06 18:40:01,981] {local_task_job.py:264} INFO - 1 downstream tasks scheduled from follow-on schedule check
