[2022-02-06 12:45:10,573] {taskinstance.py:1032} INFO - Dependencies all met for <TaskInstance: fhv_trip_data_ingestion_gcs_dag.download_dataset_task scheduled__2019-07-01T00:00:00+00:00 [queued]>
[2022-02-06 12:45:10,630] {taskinstance.py:1032} INFO - Dependencies all met for <TaskInstance: fhv_trip_data_ingestion_gcs_dag.download_dataset_task scheduled__2019-07-01T00:00:00+00:00 [queued]>
[2022-02-06 12:45:10,632] {taskinstance.py:1238} INFO - 
--------------------------------------------------------------------------------
[2022-02-06 12:45:10,634] {taskinstance.py:1239} INFO - Starting attempt 1 of 1
[2022-02-06 12:45:10,635] {taskinstance.py:1240} INFO - 
--------------------------------------------------------------------------------
[2022-02-06 12:45:10,687] {taskinstance.py:1259} INFO - Executing <Task(BashOperator): download_dataset_task> on 2019-07-01 00:00:00+00:00
[2022-02-06 12:45:10,704] {standard_task_runner.py:52} INFO - Started process 4176 to run task
[2022-02-06 12:45:10,722] {standard_task_runner.py:76} INFO - Running: ['***', 'tasks', 'run', 'fhv_trip_data_ingestion_gcs_dag', 'download_dataset_task', 'scheduled__2019-07-01T00:00:00+00:00', '--job-id', '146', '--raw', '--subdir', 'DAGS_FOLDER/fhv_data_ingestion_gcs_dag.py', '--cfg-path', '/tmp/tmpgloob72s', '--error-file', '/tmp/tmp2p98mwn_']
[2022-02-06 12:45:10,726] {standard_task_runner.py:77} INFO - Job 146: Subtask download_dataset_task
[2022-02-06 12:45:10,928] {logging_mixin.py:109} INFO - Running <TaskInstance: fhv_trip_data_ingestion_gcs_dag.download_dataset_task scheduled__2019-07-01T00:00:00+00:00 [running]> on host c9d16932214b
[2022-02-06 12:45:11,287] {logging_mixin.py:109} WARNING - /home/***/.local/lib/python3.7/site-packages/***/utils/context.py:152 AirflowContextDeprecationWarning: Accessing 'execution_date' from the template is deprecated and will be removed in a future version. Please use 'data_interval_start' or 'logical_date' instead.
[2022-02-06 12:45:11,339] {taskinstance.py:1426} INFO - Exporting the following env vars:
AIRFLOW_CTX_DAG_OWNER=***
AIRFLOW_CTX_DAG_ID=fhv_trip_data_ingestion_gcs_dag
AIRFLOW_CTX_TASK_ID=download_dataset_task
AIRFLOW_CTX_EXECUTION_DATE=2019-07-01T00:00:00+00:00
AIRFLOW_CTX_DAG_RUN_ID=scheduled__2019-07-01T00:00:00+00:00
[2022-02-06 12:45:11,345] {subprocess.py:62} INFO - Tmp dir root location: 
 /tmp
[2022-02-06 12:45:11,348] {subprocess.py:74} INFO - Running command: ['bash', '-c', 'curl -sS https://nyc-tlc.s3.amazonaws.com/trip+data/fhv_tripdata_2019-07.csv > /opt/***/fhv_tripdata_2019-07.csv']
[2022-02-06 12:45:11,371] {subprocess.py:85} INFO - Output:
[2022-02-06 12:47:14,923] {subprocess.py:93} INFO - Command exited with return code 0
[2022-02-06 12:47:14,999] {taskinstance.py:1277} INFO - Marking task as SUCCESS. dag_id=fhv_trip_data_ingestion_gcs_dag, task_id=download_dataset_task, execution_date=20190701T000000, start_date=20220206T124510, end_date=20220206T124714
[2022-02-06 12:47:15,157] {local_task_job.py:154} INFO - Task exited with return code 0
[2022-02-06 12:47:15,317] {local_task_job.py:264} INFO - 1 downstream tasks scheduled from follow-on schedule check
