[2022-02-03 20:53:21,278] {taskinstance.py:1032} INFO - Dependencies all met for <TaskInstance: data_ingestion_gcs_dag_5.download_dataset_task scheduled__2019-06-01T00:00:00+00:00 [queued]>
[2022-02-03 20:53:21,654] {taskinstance.py:1032} INFO - Dependencies all met for <TaskInstance: data_ingestion_gcs_dag_5.download_dataset_task scheduled__2019-06-01T00:00:00+00:00 [queued]>
[2022-02-03 20:53:21,657] {taskinstance.py:1238} INFO - 
--------------------------------------------------------------------------------
[2022-02-03 20:53:21,659] {taskinstance.py:1239} INFO - Starting attempt 1 of 1
[2022-02-03 20:53:21,663] {taskinstance.py:1240} INFO - 
--------------------------------------------------------------------------------
[2022-02-03 20:53:21,899] {taskinstance.py:1259} INFO - Executing <Task(BashOperator): download_dataset_task> on 2019-06-01 00:00:00+00:00
[2022-02-03 20:53:21,988] {standard_task_runner.py:52} INFO - Started process 6799 to run task
[2022-02-03 20:53:22,022] {standard_task_runner.py:76} INFO - Running: ['***', 'tasks', 'run', 'data_ingestion_gcs_dag_5', 'download_dataset_task', 'scheduled__2019-06-01T00:00:00+00:00', '--job-id', '40', '--raw', '--subdir', 'DAGS_FOLDER/data_ingestion_gcs_dag_2.py', '--cfg-path', '/tmp/tmp_c4djit8', '--error-file', '/tmp/tmpb8tfrhwp']
[2022-02-03 20:53:22,026] {standard_task_runner.py:77} INFO - Job 40: Subtask download_dataset_task
[2022-02-03 20:53:22,685] {logging_mixin.py:109} INFO - Running <TaskInstance: data_ingestion_gcs_dag_5.download_dataset_task scheduled__2019-06-01T00:00:00+00:00 [running]> on host 985445ce9491
[2022-02-03 20:53:23,520] {taskinstance.py:1426} INFO - Exporting the following env vars:
AIRFLOW_CTX_DAG_OWNER=***
AIRFLOW_CTX_DAG_ID=data_ingestion_gcs_dag_5
AIRFLOW_CTX_TASK_ID=download_dataset_task
AIRFLOW_CTX_EXECUTION_DATE=2019-06-01T00:00:00+00:00
AIRFLOW_CTX_DAG_RUN_ID=scheduled__2019-06-01T00:00:00+00:00
[2022-02-03 20:53:23,547] {subprocess.py:62} INFO - Tmp dir root location: 
 /tmp
[2022-02-03 20:53:23,567] {subprocess.py:74} INFO - Running command: ['bash', '-c', 'pwd']
[2022-02-03 20:53:23,680] {subprocess.py:85} INFO - Output:
[2022-02-03 20:53:23,851] {subprocess.py:89} INFO - /tmp/***tmp1rvjd6nn
[2022-02-03 20:53:23,867] {subprocess.py:93} INFO - Command exited with return code 0
[2022-02-03 20:53:25,111] {taskinstance.py:1277} INFO - Marking task as SUCCESS. dag_id=data_ingestion_gcs_dag_5, task_id=download_dataset_task, execution_date=20190601T000000, start_date=20220203T205321, end_date=20220203T205325
[2022-02-03 20:53:25,543] {local_task_job.py:154} INFO - Task exited with return code 0
[2022-02-03 20:53:26,254] {local_task_job.py:264} INFO - 1 downstream tasks scheduled from follow-on schedule check
