[2022-02-03 10:11:45,398] {taskinstance.py:1032} INFO - Dependencies all met for <TaskInstance: data_ingestion_gcs_dag.download_dataset_task scheduled__2022-02-02T00:00:00+00:00 [queued]>
[2022-02-03 10:11:45,439] {taskinstance.py:1032} INFO - Dependencies all met for <TaskInstance: data_ingestion_gcs_dag.download_dataset_task scheduled__2022-02-02T00:00:00+00:00 [queued]>
[2022-02-03 10:11:45,441] {taskinstance.py:1238} INFO - 
--------------------------------------------------------------------------------
[2022-02-03 10:11:45,442] {taskinstance.py:1239} INFO - Starting attempt 1 of 2
[2022-02-03 10:11:45,444] {taskinstance.py:1240} INFO - 
--------------------------------------------------------------------------------
[2022-02-03 10:11:45,486] {taskinstance.py:1259} INFO - Executing <Task(BashOperator): download_dataset_task> on 2022-02-02 00:00:00+00:00
[2022-02-03 10:11:45,498] {standard_task_runner.py:52} INFO - Started process 2897 to run task
[2022-02-03 10:11:45,506] {standard_task_runner.py:76} INFO - Running: ['***', 'tasks', 'run', 'data_ingestion_gcs_dag', 'download_dataset_task', 'scheduled__2022-02-02T00:00:00+00:00', '--job-id', '8', '--raw', '--subdir', 'DAGS_FOLDER/data_ingestion_gcs_dag.py', '--cfg-path', '/tmp/tmpkw6lkyi4', '--error-file', '/tmp/tmpncsno8xu']
[2022-02-03 10:11:45,509] {standard_task_runner.py:77} INFO - Job 8: Subtask download_dataset_task
[2022-02-03 10:11:45,644] {logging_mixin.py:109} INFO - Running <TaskInstance: data_ingestion_gcs_dag.download_dataset_task scheduled__2022-02-02T00:00:00+00:00 [running]> on host afdc3db97ffb
[2022-02-03 10:11:45,854] {taskinstance.py:1426} INFO - Exporting the following env vars:
AIRFLOW_CTX_DAG_OWNER=***
AIRFLOW_CTX_DAG_ID=data_ingestion_gcs_dag
AIRFLOW_CTX_TASK_ID=download_dataset_task
AIRFLOW_CTX_EXECUTION_DATE=2022-02-02T00:00:00+00:00
AIRFLOW_CTX_DAG_RUN_ID=scheduled__2022-02-02T00:00:00+00:00
[2022-02-03 10:11:45,858] {subprocess.py:62} INFO - Tmp dir root location: 
 /tmp
[2022-02-03 10:11:45,860] {subprocess.py:74} INFO - Running command: ['bash', '-c', 'curl -sS https://s3.amazonaws.com/nyc-tlc/trip+data/yellow_tripdata_2021-01.csv > /opt/***/yellow_tripdata_2021-01.csv']
[2022-02-03 10:11:45,881] {subprocess.py:85} INFO - Output:
[2022-02-03 10:13:04,266] {subprocess.py:93} INFO - Command exited with return code 0
[2022-02-03 10:13:04,341] {taskinstance.py:1277} INFO - Marking task as SUCCESS. dag_id=data_ingestion_gcs_dag, task_id=download_dataset_task, execution_date=20220202T000000, start_date=20220203T101145, end_date=20220203T101304
[2022-02-03 10:13:04,436] {local_task_job.py:154} INFO - Task exited with return code 0
[2022-02-03 10:13:04,554] {local_task_job.py:264} INFO - 1 downstream tasks scheduled from follow-on schedule check
