[2022-02-05 19:32:13,340] {taskinstance.py:1032} INFO - Dependencies all met for <TaskInstance: yellow_taxi_data_ingestion_gcs_dag_v3.download_dataset_task scheduled__2019-12-01T00:00:00+00:00 [queued]>
[2022-02-05 19:32:13,378] {taskinstance.py:1032} INFO - Dependencies all met for <TaskInstance: yellow_taxi_data_ingestion_gcs_dag_v3.download_dataset_task scheduled__2019-12-01T00:00:00+00:00 [queued]>
[2022-02-05 19:32:13,380] {taskinstance.py:1238} INFO - 
--------------------------------------------------------------------------------
[2022-02-05 19:32:13,382] {taskinstance.py:1239} INFO - Starting attempt 1 of 1
[2022-02-05 19:32:13,383] {taskinstance.py:1240} INFO - 
--------------------------------------------------------------------------------
[2022-02-05 19:32:13,423] {taskinstance.py:1259} INFO - Executing <Task(BashOperator): download_dataset_task> on 2019-12-01 00:00:00+00:00
[2022-02-05 19:32:13,432] {standard_task_runner.py:52} INFO - Started process 7933 to run task
[2022-02-05 19:32:13,440] {standard_task_runner.py:76} INFO - Running: ['***', 'tasks', 'run', 'yellow_taxi_data_ingestion_gcs_dag_v3', 'download_dataset_task', 'scheduled__2019-12-01T00:00:00+00:00', '--job-id', '120', '--raw', '--subdir', 'DAGS_FOLDER/data_ingestion_gcs_dag_2.py', '--cfg-path', '/tmp/tmpifh93cas', '--error-file', '/tmp/tmpw3alv5nr']
[2022-02-05 19:32:13,442] {standard_task_runner.py:77} INFO - Job 120: Subtask download_dataset_task
[2022-02-05 19:32:13,589] {logging_mixin.py:109} INFO - Running <TaskInstance: yellow_taxi_data_ingestion_gcs_dag_v3.download_dataset_task scheduled__2019-12-01T00:00:00+00:00 [running]> on host 29223c71f18a
[2022-02-05 19:32:13,752] {logging_mixin.py:109} WARNING - /home/***/.local/lib/python3.7/site-packages/***/utils/context.py:152 AirflowContextDeprecationWarning: Accessing 'execution_date' from the template is deprecated and will be removed in a future version. Please use 'data_interval_start' or 'logical_date' instead.
[2022-02-05 19:32:13,791] {taskinstance.py:1426} INFO - Exporting the following env vars:
AIRFLOW_CTX_DAG_OWNER=***
AIRFLOW_CTX_DAG_ID=yellow_taxi_data_ingestion_gcs_dag_v3
AIRFLOW_CTX_TASK_ID=download_dataset_task
AIRFLOW_CTX_EXECUTION_DATE=2019-12-01T00:00:00+00:00
AIRFLOW_CTX_DAG_RUN_ID=scheduled__2019-12-01T00:00:00+00:00
[2022-02-05 19:32:13,796] {subprocess.py:62} INFO - Tmp dir root location: 
 /tmp
[2022-02-05 19:32:13,798] {subprocess.py:74} INFO - Running command: ['bash', '-c', 'curl -sS https://s3.amazonaws.com/nyc-tlc/trip+data/yellow_tripdata_2019-12.csv > /opt/***/yellow_tripdata_2019-12.csv']
[2022-02-05 19:32:13,815] {subprocess.py:85} INFO - Output:
[2022-02-05 19:34:15,904] {subprocess.py:93} INFO - Command exited with return code 0
[2022-02-05 19:34:15,978] {taskinstance.py:1277} INFO - Marking task as SUCCESS. dag_id=yellow_taxi_data_ingestion_gcs_dag_v3, task_id=download_dataset_task, execution_date=20191201T000000, start_date=20220205T193213, end_date=20220205T193415
[2022-02-05 19:34:16,075] {local_task_job.py:154} INFO - Task exited with return code 0
[2022-02-05 19:34:16,184] {local_task_job.py:264} INFO - 1 downstream tasks scheduled from follow-on schedule check
