[2022-02-06 12:47:30,538] {taskinstance.py:1032} INFO - Dependencies all met for <TaskInstance: fhv_trip_data_ingestion_gcs_dag.local_to_gcs_task scheduled__2019-07-01T00:00:00+00:00 [queued]>
[2022-02-06 12:47:30,584] {taskinstance.py:1032} INFO - Dependencies all met for <TaskInstance: fhv_trip_data_ingestion_gcs_dag.local_to_gcs_task scheduled__2019-07-01T00:00:00+00:00 [queued]>
[2022-02-06 12:47:30,585] {taskinstance.py:1238} INFO - 
--------------------------------------------------------------------------------
[2022-02-06 12:47:30,586] {taskinstance.py:1239} INFO - Starting attempt 1 of 1
[2022-02-06 12:47:30,588] {taskinstance.py:1240} INFO - 
--------------------------------------------------------------------------------
[2022-02-06 12:47:30,632] {taskinstance.py:1259} INFO - Executing <Task(PythonOperator): local_to_gcs_task> on 2019-07-01 00:00:00+00:00
[2022-02-06 12:47:30,645] {standard_task_runner.py:52} INFO - Started process 4492 to run task
[2022-02-06 12:47:30,653] {standard_task_runner.py:76} INFO - Running: ['***', 'tasks', 'run', 'fhv_trip_data_ingestion_gcs_dag', 'local_to_gcs_task', 'scheduled__2019-07-01T00:00:00+00:00', '--job-id', '148', '--raw', '--subdir', 'DAGS_FOLDER/fhv_data_ingestion_gcs_dag.py', '--cfg-path', '/tmp/tmp3x2yqqyy', '--error-file', '/tmp/tmp24unq4d9']
[2022-02-06 12:47:30,656] {standard_task_runner.py:77} INFO - Job 148: Subtask local_to_gcs_task
[2022-02-06 12:47:30,820] {logging_mixin.py:109} INFO - Running <TaskInstance: fhv_trip_data_ingestion_gcs_dag.local_to_gcs_task scheduled__2019-07-01T00:00:00+00:00 [running]> on host c9d16932214b
[2022-02-06 12:47:31,025] {logging_mixin.py:109} WARNING - /home/***/.local/lib/python3.7/site-packages/***/utils/context.py:152 AirflowContextDeprecationWarning: Accessing 'execution_date' from the template is deprecated and will be removed in a future version. Please use 'data_interval_start' or 'logical_date' instead.
[2022-02-06 12:47:31,129] {taskinstance.py:1426} INFO - Exporting the following env vars:
AIRFLOW_CTX_DAG_OWNER=***
AIRFLOW_CTX_DAG_ID=fhv_trip_data_ingestion_gcs_dag
AIRFLOW_CTX_TASK_ID=local_to_gcs_task
AIRFLOW_CTX_EXECUTION_DATE=2019-07-01T00:00:00+00:00
AIRFLOW_CTX_DAG_RUN_ID=scheduled__2019-07-01T00:00:00+00:00
[2022-02-06 12:47:39,484] {python.py:175} INFO - Done. Returned value was: None
[2022-02-06 12:47:39,546] {taskinstance.py:1277} INFO - Marking task as SUCCESS. dag_id=fhv_trip_data_ingestion_gcs_dag, task_id=local_to_gcs_task, execution_date=20190701T000000, start_date=20220206T124730, end_date=20220206T124739
[2022-02-06 12:47:39,636] {local_task_job.py:154} INFO - Task exited with return code 0
[2022-02-06 12:47:39,722] {local_task_job.py:264} INFO - 0 downstream tasks scheduled from follow-on schedule check
