[2022-02-06 18:43:50,629] {taskinstance.py:1032} INFO - Dependencies all met for <TaskInstance: yellow_taxi_data_ingestion_gcs_dag.download_dataset_task scheduled__2020-08-01T00:00:00+00:00 [queued]>
[2022-02-06 18:43:50,664] {taskinstance.py:1032} INFO - Dependencies all met for <TaskInstance: yellow_taxi_data_ingestion_gcs_dag.download_dataset_task scheduled__2020-08-01T00:00:00+00:00 [queued]>
[2022-02-06 18:43:50,665] {taskinstance.py:1238} INFO - 
--------------------------------------------------------------------------------
[2022-02-06 18:43:50,667] {taskinstance.py:1239} INFO - Starting attempt 1 of 1
[2022-02-06 18:43:50,668] {taskinstance.py:1240} INFO - 
--------------------------------------------------------------------------------
[2022-02-06 18:43:50,706] {taskinstance.py:1259} INFO - Executing <Task(BashOperator): download_dataset_task> on 2020-08-01 00:00:00+00:00
[2022-02-06 18:43:50,716] {standard_task_runner.py:52} INFO - Started process 9226 to run task
[2022-02-06 18:43:50,725] {standard_task_runner.py:76} INFO - Running: ['***', 'tasks', 'run', 'yellow_taxi_data_ingestion_gcs_dag', 'download_dataset_task', 'scheduled__2020-08-01T00:00:00+00:00', '--job-id', '189', '--raw', '--subdir', 'DAGS_FOLDER/yellow_taxi_data_ingestion_gcs_dag.py', '--cfg-path', '/tmp/tmpuj2fyows', '--error-file', '/tmp/tmpul52wxzw']
[2022-02-06 18:43:50,727] {standard_task_runner.py:77} INFO - Job 189: Subtask download_dataset_task
[2022-02-06 18:43:50,894] {logging_mixin.py:109} INFO - Running <TaskInstance: yellow_taxi_data_ingestion_gcs_dag.download_dataset_task scheduled__2020-08-01T00:00:00+00:00 [running]> on host 4c7ee98729cc
[2022-02-06 18:43:51,058] {logging_mixin.py:109} WARNING - /home/***/.local/lib/python3.7/site-packages/***/utils/context.py:152 AirflowContextDeprecationWarning: Accessing 'execution_date' from the template is deprecated and will be removed in a future version. Please use 'data_interval_start' or 'logical_date' instead.
[2022-02-06 18:43:51,106] {taskinstance.py:1426} INFO - Exporting the following env vars:
AIRFLOW_CTX_DAG_OWNER=***
AIRFLOW_CTX_DAG_ID=yellow_taxi_data_ingestion_gcs_dag
AIRFLOW_CTX_TASK_ID=download_dataset_task
AIRFLOW_CTX_EXECUTION_DATE=2020-08-01T00:00:00+00:00
AIRFLOW_CTX_DAG_RUN_ID=scheduled__2020-08-01T00:00:00+00:00
[2022-02-06 18:43:51,114] {subprocess.py:62} INFO - Tmp dir root location: 
 /tmp
[2022-02-06 18:43:51,117] {subprocess.py:74} INFO - Running command: ['bash', '-c', 'curl -sS https://s3.amazonaws.com/nyc-tlc/trip+data/yellow_tripdata_2020-08.csv > /opt/***/yellow_tripdata_2020-08.csv']
[2022-02-06 18:43:51,135] {subprocess.py:85} INFO - Output:
[2022-02-06 18:44:30,277] {subprocess.py:93} INFO - Command exited with return code 0
[2022-02-06 18:44:30,362] {taskinstance.py:1277} INFO - Marking task as SUCCESS. dag_id=yellow_taxi_data_ingestion_gcs_dag, task_id=download_dataset_task, execution_date=20200801T000000, start_date=20220206T184350, end_date=20220206T184430
[2022-02-06 18:44:30,474] {local_task_job.py:154} INFO - Task exited with return code 0
[2022-02-06 18:44:30,582] {local_task_job.py:264} INFO - 1 downstream tasks scheduled from follow-on schedule check
