[2022-02-06 18:36:03,692] {taskinstance.py:1032} INFO - Dependencies all met for <TaskInstance: yellow_taxi_data_ingestion_gcs_dag.format_to_parquet_task scheduled__2020-02-01T00:00:00+00:00 [queued]>
[2022-02-06 18:36:03,737] {taskinstance.py:1032} INFO - Dependencies all met for <TaskInstance: yellow_taxi_data_ingestion_gcs_dag.format_to_parquet_task scheduled__2020-02-01T00:00:00+00:00 [queued]>
[2022-02-06 18:36:03,739] {taskinstance.py:1238} INFO - 
--------------------------------------------------------------------------------
[2022-02-06 18:36:03,740] {taskinstance.py:1239} INFO - Starting attempt 1 of 1
[2022-02-06 18:36:03,741] {taskinstance.py:1240} INFO - 
--------------------------------------------------------------------------------
[2022-02-06 18:36:03,786] {taskinstance.py:1259} INFO - Executing <Task(PythonOperator): format_to_parquet_task> on 2020-02-01 00:00:00+00:00
[2022-02-06 18:36:03,805] {standard_task_runner.py:52} INFO - Started process 8095 to run task
[2022-02-06 18:36:03,825] {standard_task_runner.py:76} INFO - Running: ['***', 'tasks', 'run', 'yellow_taxi_data_ingestion_gcs_dag', 'format_to_parquet_task', 'scheduled__2020-02-01T00:00:00+00:00', '--job-id', '173', '--raw', '--subdir', 'DAGS_FOLDER/yellow_taxi_data_ingestion_gcs_dag.py', '--cfg-path', '/tmp/tmpq7hfdl85', '--error-file', '/tmp/tmpn9sxd085']
[2022-02-06 18:36:03,832] {standard_task_runner.py:77} INFO - Job 173: Subtask format_to_parquet_task
[2022-02-06 18:36:03,975] {logging_mixin.py:109} INFO - Running <TaskInstance: yellow_taxi_data_ingestion_gcs_dag.format_to_parquet_task scheduled__2020-02-01T00:00:00+00:00 [running]> on host 4c7ee98729cc
[2022-02-06 18:36:04,145] {logging_mixin.py:109} WARNING - /home/***/.local/lib/python3.7/site-packages/***/utils/context.py:152 AirflowContextDeprecationWarning: Accessing 'execution_date' from the template is deprecated and will be removed in a future version. Please use 'data_interval_start' or 'logical_date' instead.
[2022-02-06 18:36:04,203] {taskinstance.py:1426} INFO - Exporting the following env vars:
AIRFLOW_CTX_DAG_OWNER=***
AIRFLOW_CTX_DAG_ID=yellow_taxi_data_ingestion_gcs_dag
AIRFLOW_CTX_TASK_ID=format_to_parquet_task
AIRFLOW_CTX_EXECUTION_DATE=2020-02-01T00:00:00+00:00
AIRFLOW_CTX_DAG_RUN_ID=scheduled__2020-02-01T00:00:00+00:00
[2022-02-06 18:36:33,302] {python.py:175} INFO - Done. Returned value was: None
[2022-02-06 18:36:33,466] {taskinstance.py:1277} INFO - Marking task as SUCCESS. dag_id=yellow_taxi_data_ingestion_gcs_dag, task_id=format_to_parquet_task, execution_date=20200201T000000, start_date=20220206T183603, end_date=20220206T183633
[2022-02-06 18:36:35,071] {local_task_job.py:212} WARNING - State of this instance has been externally set to success. Terminating instance.
[2022-02-06 18:36:35,111] {process_utils.py:124} INFO - Sending Signals.SIGTERM to group 8095. PIDs of all processes in the group: [8095]
[2022-02-06 18:36:35,114] {process_utils.py:75} INFO - Sending the signal Signals.SIGTERM to group 8095
[2022-02-06 18:36:35,144] {process_utils.py:70} INFO - Process psutil.Process(pid=8095, status='terminated', exitcode=0, started='18:36:03') (8095) terminated with exit code 0
