[2022-02-05 18:32:21,580] {taskinstance.py:1032} INFO - Dependencies all met for <TaskInstance: yellow_taxi_data_ingestion_gcs_dag_2.format_to_parquet_task scheduled__2019-02-01T00:00:00+00:00 [queued]>
[2022-02-05 18:32:21,620] {taskinstance.py:1032} INFO - Dependencies all met for <TaskInstance: yellow_taxi_data_ingestion_gcs_dag_2.format_to_parquet_task scheduled__2019-02-01T00:00:00+00:00 [queued]>
[2022-02-05 18:32:21,622] {taskinstance.py:1238} INFO - 
--------------------------------------------------------------------------------
[2022-02-05 18:32:21,623] {taskinstance.py:1239} INFO - Starting attempt 1 of 1
[2022-02-05 18:32:21,625] {taskinstance.py:1240} INFO - 
--------------------------------------------------------------------------------
[2022-02-05 18:32:21,666] {taskinstance.py:1259} INFO - Executing <Task(PythonOperator): format_to_parquet_task> on 2019-02-01 00:00:00+00:00
[2022-02-05 18:32:21,683] {standard_task_runner.py:52} INFO - Started process 926 to run task
[2022-02-05 18:32:21,696] {standard_task_runner.py:76} INFO - Running: ['***', 'tasks', 'run', 'yellow_taxi_data_ingestion_gcs_dag_2', 'format_to_parquet_task', 'scheduled__2019-02-01T00:00:00+00:00', '--job-id', '89', '--raw', '--subdir', 'DAGS_FOLDER/data_ingestion_gcs_dag_2.py', '--cfg-path', '/tmp/tmpuqpdxh88', '--error-file', '/tmp/tmp7wshzxfn']
[2022-02-05 18:32:21,699] {standard_task_runner.py:77} INFO - Job 89: Subtask format_to_parquet_task
[2022-02-05 18:32:21,840] {logging_mixin.py:109} INFO - Running <TaskInstance: yellow_taxi_data_ingestion_gcs_dag_2.format_to_parquet_task scheduled__2019-02-01T00:00:00+00:00 [running]> on host 29223c71f18a
[2022-02-05 18:32:21,998] {logging_mixin.py:109} WARNING - /home/***/.local/lib/python3.7/site-packages/***/utils/context.py:152 AirflowContextDeprecationWarning: Accessing 'execution_date' from the template is deprecated and will be removed in a future version. Please use 'data_interval_start' or 'logical_date' instead.
[2022-02-05 18:32:22,045] {taskinstance.py:1426} INFO - Exporting the following env vars:
AIRFLOW_CTX_DAG_OWNER=***
AIRFLOW_CTX_DAG_ID=yellow_taxi_data_ingestion_gcs_dag_2
AIRFLOW_CTX_TASK_ID=format_to_parquet_task
AIRFLOW_CTX_EXECUTION_DATE=2019-02-01T00:00:00+00:00
AIRFLOW_CTX_DAG_RUN_ID=scheduled__2019-02-01T00:00:00+00:00
[2022-02-05 18:32:50,410] {python.py:175} INFO - Done. Returned value was: None
[2022-02-05 18:32:50,464] {taskinstance.py:1277} INFO - Marking task as SUCCESS. dag_id=yellow_taxi_data_ingestion_gcs_dag_2, task_id=format_to_parquet_task, execution_date=20190201T000000, start_date=20220205T183221, end_date=20220205T183250
[2022-02-05 18:32:51,866] {local_task_job.py:154} INFO - Task exited with return code 0
[2022-02-05 18:32:51,993] {local_task_job.py:264} INFO - 0 downstream tasks scheduled from follow-on schedule check
