[2022-02-05 18:58:08,831] {taskinstance.py:1032} INFO - Dependencies all met for <TaskInstance: yellow_taxi_data_ingestion_gcs_dag_v3.local_to_gcs_task scheduled__2019-05-01T00:00:00+00:00 [queued]>
[2022-02-05 18:58:08,879] {taskinstance.py:1032} INFO - Dependencies all met for <TaskInstance: yellow_taxi_data_ingestion_gcs_dag_v3.local_to_gcs_task scheduled__2019-05-01T00:00:00+00:00 [queued]>
[2022-02-05 18:58:08,880] {taskinstance.py:1238} INFO - 
--------------------------------------------------------------------------------
[2022-02-05 18:58:08,882] {taskinstance.py:1239} INFO - Starting attempt 1 of 1
[2022-02-05 18:58:08,883] {taskinstance.py:1240} INFO - 
--------------------------------------------------------------------------------
[2022-02-05 18:58:08,931] {taskinstance.py:1259} INFO - Executing <Task(PythonOperator): local_to_gcs_task> on 2019-05-01 00:00:00+00:00
[2022-02-05 18:58:08,942] {standard_task_runner.py:52} INFO - Started process 3549 to run task
[2022-02-05 18:58:08,950] {standard_task_runner.py:76} INFO - Running: ['***', 'tasks', 'run', 'yellow_taxi_data_ingestion_gcs_dag_v3', 'local_to_gcs_task', 'scheduled__2019-05-01T00:00:00+00:00', '--job-id', '101', '--raw', '--subdir', 'DAGS_FOLDER/data_ingestion_gcs_dag_2.py', '--cfg-path', '/tmp/tmpt1hfs5pk', '--error-file', '/tmp/tmpycavk5qx']
[2022-02-05 18:58:08,954] {standard_task_runner.py:77} INFO - Job 101: Subtask local_to_gcs_task
[2022-02-05 18:58:09,114] {logging_mixin.py:109} INFO - Running <TaskInstance: yellow_taxi_data_ingestion_gcs_dag_v3.local_to_gcs_task scheduled__2019-05-01T00:00:00+00:00 [running]> on host 29223c71f18a
[2022-02-05 18:58:09,355] {logging_mixin.py:109} WARNING - /home/***/.local/lib/python3.7/site-packages/***/utils/context.py:152 AirflowContextDeprecationWarning: Accessing 'execution_date' from the template is deprecated and will be removed in a future version. Please use 'data_interval_start' or 'logical_date' instead.
[2022-02-05 18:58:09,438] {taskinstance.py:1426} INFO - Exporting the following env vars:
AIRFLOW_CTX_DAG_OWNER=***
AIRFLOW_CTX_DAG_ID=yellow_taxi_data_ingestion_gcs_dag_v3
AIRFLOW_CTX_TASK_ID=local_to_gcs_task
AIRFLOW_CTX_EXECUTION_DATE=2019-05-01T00:00:00+00:00
AIRFLOW_CTX_DAG_RUN_ID=scheduled__2019-05-01T00:00:00+00:00
[2022-02-05 18:59:09,478] {python.py:175} INFO - Done. Returned value was: None
[2022-02-05 18:59:09,515] {taskinstance.py:1277} INFO - Marking task as SUCCESS. dag_id=yellow_taxi_data_ingestion_gcs_dag_v3, task_id=local_to_gcs_task, execution_date=20190501T000000, start_date=20220205T185808, end_date=20220205T185909
[2022-02-05 18:59:09,591] {local_task_job.py:154} INFO - Task exited with return code 0
[2022-02-05 18:59:09,664] {local_task_job.py:264} INFO - 0 downstream tasks scheduled from follow-on schedule check
