[2022-02-06 18:46:25,311] {taskinstance.py:1032} INFO - Dependencies all met for <TaskInstance: yellow_taxi_data_ingestion_gcs_dag.format_to_parquet_task scheduled__2020-09-01T00:00:00+00:00 [queued]>
[2022-02-06 18:46:25,351] {taskinstance.py:1032} INFO - Dependencies all met for <TaskInstance: yellow_taxi_data_ingestion_gcs_dag.format_to_parquet_task scheduled__2020-09-01T00:00:00+00:00 [queued]>
[2022-02-06 18:46:25,353] {taskinstance.py:1238} INFO - 
--------------------------------------------------------------------------------
[2022-02-06 18:46:25,354] {taskinstance.py:1239} INFO - Starting attempt 1 of 1
[2022-02-06 18:46:25,355] {taskinstance.py:1240} INFO - 
--------------------------------------------------------------------------------
[2022-02-06 18:46:25,396] {taskinstance.py:1259} INFO - Executing <Task(PythonOperator): format_to_parquet_task> on 2020-09-01 00:00:00+00:00
[2022-02-06 18:46:25,408] {standard_task_runner.py:52} INFO - Started process 9593 to run task
[2022-02-06 18:46:25,419] {standard_task_runner.py:76} INFO - Running: ['***', 'tasks', 'run', 'yellow_taxi_data_ingestion_gcs_dag', 'format_to_parquet_task', 'scheduled__2020-09-01T00:00:00+00:00', '--job-id', '193', '--raw', '--subdir', 'DAGS_FOLDER/yellow_taxi_data_ingestion_gcs_dag.py', '--cfg-path', '/tmp/tmp6bq2w5lb', '--error-file', '/tmp/tmpk4hbvj5u']
[2022-02-06 18:46:25,424] {standard_task_runner.py:77} INFO - Job 193: Subtask format_to_parquet_task
[2022-02-06 18:46:25,589] {logging_mixin.py:109} INFO - Running <TaskInstance: yellow_taxi_data_ingestion_gcs_dag.format_to_parquet_task scheduled__2020-09-01T00:00:00+00:00 [running]> on host 4c7ee98729cc
[2022-02-06 18:46:25,797] {logging_mixin.py:109} WARNING - /home/***/.local/lib/python3.7/site-packages/***/utils/context.py:152 AirflowContextDeprecationWarning: Accessing 'execution_date' from the template is deprecated and will be removed in a future version. Please use 'data_interval_start' or 'logical_date' instead.
[2022-02-06 18:46:25,848] {taskinstance.py:1426} INFO - Exporting the following env vars:
AIRFLOW_CTX_DAG_OWNER=***
AIRFLOW_CTX_DAG_ID=yellow_taxi_data_ingestion_gcs_dag
AIRFLOW_CTX_TASK_ID=format_to_parquet_task
AIRFLOW_CTX_EXECUTION_DATE=2020-09-01T00:00:00+00:00
AIRFLOW_CTX_DAG_RUN_ID=scheduled__2020-09-01T00:00:00+00:00
[2022-02-06 18:46:30,590] {python.py:175} INFO - Done. Returned value was: None
[2022-02-06 18:46:30,703] {taskinstance.py:1277} INFO - Marking task as SUCCESS. dag_id=yellow_taxi_data_ingestion_gcs_dag, task_id=format_to_parquet_task, execution_date=20200901T000000, start_date=20220206T184625, end_date=20220206T184630
[2022-02-06 18:46:31,032] {local_task_job.py:154} INFO - Task exited with return code 0
[2022-02-06 18:46:31,142] {local_task_job.py:264} INFO - 1 downstream tasks scheduled from follow-on schedule check
