[2022-02-03 20:53:40,078] {taskinstance.py:1032} INFO - Dependencies all met for <TaskInstance: data_ingestion_gcs_dag_5.print_sth scheduled__2019-04-01T00:00:00+00:00 [queued]>
[2022-02-03 20:53:40,526] {taskinstance.py:1032} INFO - Dependencies all met for <TaskInstance: data_ingestion_gcs_dag_5.print_sth scheduled__2019-04-01T00:00:00+00:00 [queued]>
[2022-02-03 20:53:40,554] {taskinstance.py:1238} INFO - 
--------------------------------------------------------------------------------
[2022-02-03 20:53:40,559] {taskinstance.py:1239} INFO - Starting attempt 1 of 1
[2022-02-03 20:53:40,566] {taskinstance.py:1240} INFO - 
--------------------------------------------------------------------------------
[2022-02-03 20:53:40,936] {taskinstance.py:1259} INFO - Executing <Task(BashOperator): print_sth> on 2019-04-01 00:00:00+00:00
[2022-02-03 20:53:41,018] {standard_task_runner.py:52} INFO - Started process 6894 to run task
[2022-02-03 20:53:41,130] {standard_task_runner.py:76} INFO - Running: ['***', 'tasks', 'run', 'data_ingestion_gcs_dag_5', 'print_sth', 'scheduled__2019-04-01T00:00:00+00:00', '--job-id', '48', '--raw', '--subdir', 'DAGS_FOLDER/data_ingestion_gcs_dag_2.py', '--cfg-path', '/tmp/tmpn1lj2rll', '--error-file', '/tmp/tmpg5lz1cmm']
[2022-02-03 20:53:41,151] {standard_task_runner.py:77} INFO - Job 48: Subtask print_sth
[2022-02-03 20:53:42,061] {logging_mixin.py:109} INFO - Running <TaskInstance: data_ingestion_gcs_dag_5.print_sth scheduled__2019-04-01T00:00:00+00:00 [running]> on host 985445ce9491
[2022-02-03 20:53:43,053] {taskinstance.py:1426} INFO - Exporting the following env vars:
AIRFLOW_CTX_DAG_OWNER=***
AIRFLOW_CTX_DAG_ID=data_ingestion_gcs_dag_5
AIRFLOW_CTX_TASK_ID=print_sth
AIRFLOW_CTX_EXECUTION_DATE=2019-04-01T00:00:00+00:00
AIRFLOW_CTX_DAG_RUN_ID=scheduled__2019-04-01T00:00:00+00:00
[2022-02-03 20:53:43,061] {subprocess.py:62} INFO - Tmp dir root location: 
 /tmp
[2022-02-03 20:53:43,069] {subprocess.py:74} INFO - Running command: ['bash', '-c', "echo 'helloworld'"]
[2022-02-03 20:53:43,122] {subprocess.py:85} INFO - Output:
[2022-02-03 20:53:43,218] {subprocess.py:89} INFO - helloworld
[2022-02-03 20:53:43,238] {subprocess.py:93} INFO - Command exited with return code 0
[2022-02-03 20:53:44,568] {taskinstance.py:1277} INFO - Marking task as SUCCESS. dag_id=data_ingestion_gcs_dag_5, task_id=print_sth, execution_date=20190401T000000, start_date=20220203T205340, end_date=20220203T205344
[2022-02-03 20:53:44,852] {local_task_job.py:154} INFO - Task exited with return code 0
[2022-02-03 20:53:45,366] {local_task_job.py:264} INFO - 0 downstream tasks scheduled from follow-on schedule check
