[2022-02-03 10:15:26,306] {taskinstance.py:1032} INFO - Dependencies all met for <TaskInstance: data_ingestion_gcs_dag.format_to_parquet_task manual__2022-02-03T10:11:40.096798+00:00 [queued]>
[2022-02-03 10:15:26,349] {taskinstance.py:1032} INFO - Dependencies all met for <TaskInstance: data_ingestion_gcs_dag.format_to_parquet_task manual__2022-02-03T10:11:40.096798+00:00 [queued]>
[2022-02-03 10:15:26,350] {taskinstance.py:1238} INFO - 
--------------------------------------------------------------------------------
[2022-02-03 10:15:26,352] {taskinstance.py:1239} INFO - Starting attempt 1 of 2
[2022-02-03 10:15:26,353] {taskinstance.py:1240} INFO - 
--------------------------------------------------------------------------------
[2022-02-03 10:15:26,398] {taskinstance.py:1259} INFO - Executing <Task(PythonOperator): format_to_parquet_task> on 2022-02-03 10:11:40.096798+00:00
[2022-02-03 10:15:26,411] {standard_task_runner.py:52} INFO - Started process 3211 to run task
[2022-02-03 10:15:26,418] {standard_task_runner.py:76} INFO - Running: ['***', 'tasks', 'run', 'data_ingestion_gcs_dag', 'format_to_parquet_task', 'manual__2022-02-03T10:11:40.096798+00:00', '--job-id', '13', '--raw', '--subdir', 'DAGS_FOLDER/data_ingestion_gcs_dag.py', '--cfg-path', '/tmp/tmp1lj1464y', '--error-file', '/tmp/tmp0mrr2dn6']
[2022-02-03 10:15:26,422] {standard_task_runner.py:77} INFO - Job 13: Subtask format_to_parquet_task
[2022-02-03 10:15:26,567] {logging_mixin.py:109} INFO - Running <TaskInstance: data_ingestion_gcs_dag.format_to_parquet_task manual__2022-02-03T10:11:40.096798+00:00 [running]> on host afdc3db97ffb
[2022-02-03 10:15:26,794] {taskinstance.py:1426} INFO - Exporting the following env vars:
AIRFLOW_CTX_DAG_OWNER=***
AIRFLOW_CTX_DAG_ID=data_ingestion_gcs_dag
AIRFLOW_CTX_TASK_ID=format_to_parquet_task
AIRFLOW_CTX_EXECUTION_DATE=2022-02-03T10:11:40.096798+00:00
AIRFLOW_CTX_DAG_RUN_ID=manual__2022-02-03T10:11:40.096798+00:00
[2022-02-03 10:15:32,468] {python.py:175} INFO - Done. Returned value was: None
[2022-02-03 10:15:32,606] {taskinstance.py:1277} INFO - Marking task as SUCCESS. dag_id=data_ingestion_gcs_dag, task_id=format_to_parquet_task, execution_date=20220203T101140, start_date=20220203T101526, end_date=20220203T101532
[2022-02-03 10:15:32,888] {local_task_job.py:154} INFO - Task exited with return code 0
[2022-02-03 10:15:33,017] {local_task_job.py:264} INFO - 1 downstream tasks scheduled from follow-on schedule check
