[2022-02-05 18:34:26,662] {taskinstance.py:1032} INFO - Dependencies all met for <TaskInstance: yellow_taxi_data_ingestion_gcs_dag_2.download_dataset_task scheduled__2019-03-01T00:00:00+00:00 [queued]>
[2022-02-05 18:34:26,701] {taskinstance.py:1032} INFO - Dependencies all met for <TaskInstance: yellow_taxi_data_ingestion_gcs_dag_2.download_dataset_task scheduled__2019-03-01T00:00:00+00:00 [queued]>
[2022-02-05 18:34:26,703] {taskinstance.py:1238} INFO - 
--------------------------------------------------------------------------------
[2022-02-05 18:34:26,704] {taskinstance.py:1239} INFO - Starting attempt 1 of 1
[2022-02-05 18:34:26,705] {taskinstance.py:1240} INFO - 
--------------------------------------------------------------------------------
[2022-02-05 18:34:26,745] {taskinstance.py:1259} INFO - Executing <Task(BashOperator): download_dataset_task> on 2019-03-01 00:00:00+00:00
[2022-02-05 18:34:26,754] {standard_task_runner.py:52} INFO - Started process 1157 to run task
[2022-02-05 18:34:26,762] {standard_task_runner.py:76} INFO - Running: ['***', 'tasks', 'run', 'yellow_taxi_data_ingestion_gcs_dag_2', 'download_dataset_task', 'scheduled__2019-03-01T00:00:00+00:00', '--job-id', '92', '--raw', '--subdir', 'DAGS_FOLDER/data_ingestion_gcs_dag_2.py', '--cfg-path', '/tmp/tmpupyn3acv', '--error-file', '/tmp/tmpwq3sv7rf']
[2022-02-05 18:34:26,764] {standard_task_runner.py:77} INFO - Job 92: Subtask download_dataset_task
[2022-02-05 18:34:26,909] {logging_mixin.py:109} INFO - Running <TaskInstance: yellow_taxi_data_ingestion_gcs_dag_2.download_dataset_task scheduled__2019-03-01T00:00:00+00:00 [running]> on host 29223c71f18a
[2022-02-05 18:34:27,074] {logging_mixin.py:109} WARNING - /home/***/.local/lib/python3.7/site-packages/***/utils/context.py:152 AirflowContextDeprecationWarning: Accessing 'execution_date' from the template is deprecated and will be removed in a future version. Please use 'data_interval_start' or 'logical_date' instead.
[2022-02-05 18:34:27,120] {taskinstance.py:1426} INFO - Exporting the following env vars:
AIRFLOW_CTX_DAG_OWNER=***
AIRFLOW_CTX_DAG_ID=yellow_taxi_data_ingestion_gcs_dag_2
AIRFLOW_CTX_TASK_ID=download_dataset_task
AIRFLOW_CTX_EXECUTION_DATE=2019-03-01T00:00:00+00:00
AIRFLOW_CTX_DAG_RUN_ID=scheduled__2019-03-01T00:00:00+00:00
[2022-02-05 18:34:27,126] {subprocess.py:62} INFO - Tmp dir root location: 
 /tmp
[2022-02-05 18:34:27,131] {subprocess.py:74} INFO - Running command: ['bash', '-c', 'curl -sS https://s3.amazonaws.com/nyc-tlc/trip+data/yellow_tripdata_2019-03.csv > /opt/***/yellow_tripdata_2019-03.csv']
[2022-02-05 18:34:27,169] {subprocess.py:85} INFO - Output:
[2022-02-05 18:40:21,784] {subprocess.py:93} INFO - Command exited with return code 0
[2022-02-05 18:40:21,873] {taskinstance.py:1277} INFO - Marking task as SUCCESS. dag_id=yellow_taxi_data_ingestion_gcs_dag_2, task_id=download_dataset_task, execution_date=20190301T000000, start_date=20220205T183426, end_date=20220205T184021
[2022-02-05 18:40:21,958] {local_task_job.py:154} INFO - Task exited with return code 0
[2022-02-05 18:40:22,082] {local_task_job.py:264} INFO - 1 downstream tasks scheduled from follow-on schedule check
