[2022-02-05 18:49:53,371] {taskinstance.py:1032} INFO - Dependencies all met for <TaskInstance: yellow_taxi_data_ingestion_gcs_dag_v3.local_to_gcs_task scheduled__2019-04-01T00:00:00+00:00 [queued]>
[2022-02-05 18:49:53,413] {taskinstance.py:1032} INFO - Dependencies all met for <TaskInstance: yellow_taxi_data_ingestion_gcs_dag_v3.local_to_gcs_task scheduled__2019-04-01T00:00:00+00:00 [queued]>
[2022-02-05 18:49:53,415] {taskinstance.py:1238} INFO - 
--------------------------------------------------------------------------------
[2022-02-05 18:49:53,416] {taskinstance.py:1239} INFO - Starting attempt 1 of 1
[2022-02-05 18:49:53,418] {taskinstance.py:1240} INFO - 
--------------------------------------------------------------------------------
[2022-02-05 18:49:53,461] {taskinstance.py:1259} INFO - Executing <Task(PythonOperator): local_to_gcs_task> on 2019-04-01 00:00:00+00:00
[2022-02-05 18:49:53,472] {standard_task_runner.py:52} INFO - Started process 2608 to run task
[2022-02-05 18:49:53,481] {standard_task_runner.py:76} INFO - Running: ['***', 'tasks', 'run', 'yellow_taxi_data_ingestion_gcs_dag_v3', 'local_to_gcs_task', 'scheduled__2019-04-01T00:00:00+00:00', '--job-id', '97', '--raw', '--subdir', 'DAGS_FOLDER/data_ingestion_gcs_dag_2.py', '--cfg-path', '/tmp/tmpi3f7x20q', '--error-file', '/tmp/tmpoe35v224']
[2022-02-05 18:49:53,485] {standard_task_runner.py:77} INFO - Job 97: Subtask local_to_gcs_task
[2022-02-05 18:49:53,630] {logging_mixin.py:109} INFO - Running <TaskInstance: yellow_taxi_data_ingestion_gcs_dag_v3.local_to_gcs_task scheduled__2019-04-01T00:00:00+00:00 [running]> on host 29223c71f18a
[2022-02-05 18:49:53,771] {logging_mixin.py:109} WARNING - /home/***/.local/lib/python3.7/site-packages/***/utils/context.py:152 AirflowContextDeprecationWarning: Accessing 'execution_date' from the template is deprecated and will be removed in a future version. Please use 'data_interval_start' or 'logical_date' instead.
[2022-02-05 18:49:53,815] {taskinstance.py:1426} INFO - Exporting the following env vars:
AIRFLOW_CTX_DAG_OWNER=***
AIRFLOW_CTX_DAG_ID=yellow_taxi_data_ingestion_gcs_dag_v3
AIRFLOW_CTX_TASK_ID=local_to_gcs_task
AIRFLOW_CTX_EXECUTION_DATE=2019-04-01T00:00:00+00:00
AIRFLOW_CTX_DAG_RUN_ID=scheduled__2019-04-01T00:00:00+00:00
[2022-02-05 18:50:47,110] {python.py:175} INFO - Done. Returned value was: None
[2022-02-05 18:50:47,162] {taskinstance.py:1277} INFO - Marking task as SUCCESS. dag_id=yellow_taxi_data_ingestion_gcs_dag_v3, task_id=local_to_gcs_task, execution_date=20190401T000000, start_date=20220205T184953, end_date=20220205T185047
[2022-02-05 18:50:47,255] {local_task_job.py:154} INFO - Task exited with return code 0
[2022-02-05 18:50:47,341] {local_task_job.py:264} INFO - 0 downstream tasks scheduled from follow-on schedule check
