[2022-02-06 12:23:44,385] {taskinstance.py:1032} INFO - Dependencies all met for <TaskInstance: fhv_trip_data_ingestion_gcs_dag.download_dataset_task scheduled__2019-01-01T00:00:00+00:00 [queued]>
[2022-02-06 12:23:44,424] {taskinstance.py:1032} INFO - Dependencies all met for <TaskInstance: fhv_trip_data_ingestion_gcs_dag.download_dataset_task scheduled__2019-01-01T00:00:00+00:00 [queued]>
[2022-02-06 12:23:44,425] {taskinstance.py:1238} INFO - 
--------------------------------------------------------------------------------
[2022-02-06 12:23:44,427] {taskinstance.py:1239} INFO - Starting attempt 1 of 1
[2022-02-06 12:23:44,428] {taskinstance.py:1240} INFO - 
--------------------------------------------------------------------------------
[2022-02-06 12:23:44,487] {taskinstance.py:1259} INFO - Executing <Task(BashOperator): download_dataset_task> on 2019-01-01 00:00:00+00:00
[2022-02-06 12:23:44,498] {standard_task_runner.py:52} INFO - Started process 1323 to run task
[2022-02-06 12:23:44,506] {standard_task_runner.py:76} INFO - Running: ['***', 'tasks', 'run', 'fhv_trip_data_ingestion_gcs_dag', 'download_dataset_task', 'scheduled__2019-01-01T00:00:00+00:00', '--job-id', '127', '--raw', '--subdir', 'DAGS_FOLDER/fhv_data_ingestion_gcs_dag.py', '--cfg-path', '/tmp/tmpt2l7cutd', '--error-file', '/tmp/tmpmzva1o25']
[2022-02-06 12:23:44,510] {standard_task_runner.py:77} INFO - Job 127: Subtask download_dataset_task
[2022-02-06 12:23:44,650] {logging_mixin.py:109} INFO - Running <TaskInstance: fhv_trip_data_ingestion_gcs_dag.download_dataset_task scheduled__2019-01-01T00:00:00+00:00 [running]> on host c9d16932214b
[2022-02-06 12:23:44,855] {logging_mixin.py:109} WARNING - /home/***/.local/lib/python3.7/site-packages/***/utils/context.py:152 AirflowContextDeprecationWarning: Accessing 'execution_date' from the template is deprecated and will be removed in a future version. Please use 'data_interval_start' or 'logical_date' instead.
[2022-02-06 12:23:44,917] {taskinstance.py:1426} INFO - Exporting the following env vars:
AIRFLOW_CTX_DAG_OWNER=***
AIRFLOW_CTX_DAG_ID=fhv_trip_data_ingestion_gcs_dag
AIRFLOW_CTX_TASK_ID=download_dataset_task
AIRFLOW_CTX_EXECUTION_DATE=2019-01-01T00:00:00+00:00
AIRFLOW_CTX_DAG_RUN_ID=scheduled__2019-01-01T00:00:00+00:00
[2022-02-06 12:23:44,924] {subprocess.py:62} INFO - Tmp dir root location: 
 /tmp
[2022-02-06 12:23:44,927] {subprocess.py:74} INFO - Running command: ['bash', '-c', 'curl -sS https://nyc-tlc.s3.amazonaws.com/trip+data/fhv_tripdata_2019-01.csv > /opt/***/fhv_tripdata_2019-01.csv']
[2022-02-06 12:23:44,948] {subprocess.py:85} INFO - Output:
