[2022-02-03 10:13:39,495] {taskinstance.py:1032} INFO - Dependencies all met for <TaskInstance: data_ingestion_gcs_dag.bigquery_external_table_task scheduled__2022-02-02T00:00:00+00:00 [queued]>
[2022-02-03 10:13:39,542] {taskinstance.py:1032} INFO - Dependencies all met for <TaskInstance: data_ingestion_gcs_dag.bigquery_external_table_task scheduled__2022-02-02T00:00:00+00:00 [queued]>
[2022-02-03 10:13:39,544] {taskinstance.py:1238} INFO - 
--------------------------------------------------------------------------------
[2022-02-03 10:13:39,546] {taskinstance.py:1239} INFO - Starting attempt 1 of 2
[2022-02-03 10:13:39,547] {taskinstance.py:1240} INFO - 
--------------------------------------------------------------------------------
[2022-02-03 10:13:39,597] {taskinstance.py:1259} INFO - Executing <Task(BigQueryCreateExternalTableOperator): bigquery_external_table_task> on 2022-02-02 00:00:00+00:00
[2022-02-03 10:13:39,607] {standard_task_runner.py:52} INFO - Started process 3065 to run task
[2022-02-03 10:13:39,617] {standard_task_runner.py:76} INFO - Running: ['***', 'tasks', 'run', 'data_ingestion_gcs_dag', 'bigquery_external_table_task', 'scheduled__2022-02-02T00:00:00+00:00', '--job-id', '11', '--raw', '--subdir', 'DAGS_FOLDER/data_ingestion_gcs_dag.py', '--cfg-path', '/tmp/tmpqbpd8ma3', '--error-file', '/tmp/tmp7zydullx']
[2022-02-03 10:13:39,620] {standard_task_runner.py:77} INFO - Job 11: Subtask bigquery_external_table_task
[2022-02-03 10:13:39,757] {logging_mixin.py:109} INFO - Running <TaskInstance: data_ingestion_gcs_dag.bigquery_external_table_task scheduled__2022-02-02T00:00:00+00:00 [running]> on host afdc3db97ffb
[2022-02-03 10:13:39,938] {taskinstance.py:1426} INFO - Exporting the following env vars:
AIRFLOW_CTX_DAG_OWNER=***
AIRFLOW_CTX_DAG_ID=data_ingestion_gcs_dag
AIRFLOW_CTX_TASK_ID=bigquery_external_table_task
AIRFLOW_CTX_EXECUTION_DATE=2022-02-02T00:00:00+00:00
AIRFLOW_CTX_DAG_RUN_ID=scheduled__2022-02-02T00:00:00+00:00
[2022-02-03 10:13:39,952] {crypto.py:82} WARNING - empty cryptography key - values will not be stored encrypted.
[2022-02-03 10:13:41,048] {taskinstance.py:1277} INFO - Marking task as SUCCESS. dag_id=data_ingestion_gcs_dag, task_id=bigquery_external_table_task, execution_date=20220202T000000, start_date=20220203T101339, end_date=20220203T101341
[2022-02-03 10:13:41,111] {local_task_job.py:154} INFO - Task exited with return code 0
[2022-02-03 10:13:41,186] {local_task_job.py:264} INFO - 0 downstream tasks scheduled from follow-on schedule check
