[2022-02-05 18:57:32,268] {taskinstance.py:1032} INFO - Dependencies all met for <TaskInstance: yellow_taxi_data_ingestion_gcs_dag_v3.format_to_parquet_task scheduled__2019-05-01T00:00:00+00:00 [queued]>
[2022-02-05 18:57:32,305] {taskinstance.py:1032} INFO - Dependencies all met for <TaskInstance: yellow_taxi_data_ingestion_gcs_dag_v3.format_to_parquet_task scheduled__2019-05-01T00:00:00+00:00 [queued]>
[2022-02-05 18:57:32,307] {taskinstance.py:1238} INFO - 
--------------------------------------------------------------------------------
[2022-02-05 18:57:32,308] {taskinstance.py:1239} INFO - Starting attempt 1 of 1
[2022-02-05 18:57:32,309] {taskinstance.py:1240} INFO - 
--------------------------------------------------------------------------------
[2022-02-05 18:57:32,349] {taskinstance.py:1259} INFO - Executing <Task(PythonOperator): format_to_parquet_task> on 2019-05-01 00:00:00+00:00
[2022-02-05 18:57:32,360] {standard_task_runner.py:52} INFO - Started process 3469 to run task
[2022-02-05 18:57:32,368] {standard_task_runner.py:76} INFO - Running: ['***', 'tasks', 'run', 'yellow_taxi_data_ingestion_gcs_dag_v3', 'format_to_parquet_task', 'scheduled__2019-05-01T00:00:00+00:00', '--job-id', '100', '--raw', '--subdir', 'DAGS_FOLDER/data_ingestion_gcs_dag_2.py', '--cfg-path', '/tmp/tmprlknm76e', '--error-file', '/tmp/tmpaf5lhm8o']
[2022-02-05 18:57:32,371] {standard_task_runner.py:77} INFO - Job 100: Subtask format_to_parquet_task
[2022-02-05 18:57:32,514] {logging_mixin.py:109} INFO - Running <TaskInstance: yellow_taxi_data_ingestion_gcs_dag_v3.format_to_parquet_task scheduled__2019-05-01T00:00:00+00:00 [running]> on host 29223c71f18a
[2022-02-05 18:57:32,805] {logging_mixin.py:109} WARNING - /home/***/.local/lib/python3.7/site-packages/***/utils/context.py:152 AirflowContextDeprecationWarning: Accessing 'execution_date' from the template is deprecated and will be removed in a future version. Please use 'data_interval_start' or 'logical_date' instead.
[2022-02-05 18:57:32,856] {taskinstance.py:1426} INFO - Exporting the following env vars:
AIRFLOW_CTX_DAG_OWNER=***
AIRFLOW_CTX_DAG_ID=yellow_taxi_data_ingestion_gcs_dag_v3
AIRFLOW_CTX_TASK_ID=format_to_parquet_task
AIRFLOW_CTX_EXECUTION_DATE=2019-05-01T00:00:00+00:00
AIRFLOW_CTX_DAG_RUN_ID=scheduled__2019-05-01T00:00:00+00:00
[2022-02-05 18:58:02,970] {python.py:175} INFO - Done. Returned value was: None
[2022-02-05 18:58:03,038] {taskinstance.py:1277} INFO - Marking task as SUCCESS. dag_id=yellow_taxi_data_ingestion_gcs_dag_v3, task_id=format_to_parquet_task, execution_date=20190501T000000, start_date=20220205T185732, end_date=20220205T185803
[2022-02-05 18:58:03,694] {local_task_job.py:212} WARNING - State of this instance has been externally set to success. Terminating instance.
[2022-02-05 18:58:03,751] {process_utils.py:124} INFO - Sending Signals.SIGTERM to group 3469. PIDs of all processes in the group: [3469]
[2022-02-05 18:58:03,759] {process_utils.py:75} INFO - Sending the signal Signals.SIGTERM to group 3469
[2022-02-05 18:58:04,801] {process_utils.py:70} INFO - Process psutil.Process(pid=3469, status='terminated', exitcode=0, started='18:57:31') (3469) terminated with exit code 0
