[2022-02-06 12:58:52,290] {taskinstance.py:1032} INFO - Dependencies all met for <TaskInstance: zones_data_ingestion_gcs_dag.format_to_parquet_task manual__2022-02-06T12:58:23.512616+00:00 [queued]>
[2022-02-06 12:58:52,340] {taskinstance.py:1032} INFO - Dependencies all met for <TaskInstance: zones_data_ingestion_gcs_dag.format_to_parquet_task manual__2022-02-06T12:58:23.512616+00:00 [queued]>
[2022-02-06 12:58:52,342] {taskinstance.py:1238} INFO - 
--------------------------------------------------------------------------------
[2022-02-06 12:58:52,343] {taskinstance.py:1239} INFO - Starting attempt 1 of 2
[2022-02-06 12:58:52,344] {taskinstance.py:1240} INFO - 
--------------------------------------------------------------------------------
[2022-02-06 12:58:52,389] {taskinstance.py:1259} INFO - Executing <Task(PythonOperator): format_to_parquet_task> on 2022-02-06 12:58:23.512616+00:00
[2022-02-06 12:58:52,399] {standard_task_runner.py:52} INFO - Started process 6099 to run task
[2022-02-06 12:58:52,411] {standard_task_runner.py:76} INFO - Running: ['***', 'tasks', 'run', 'zones_data_ingestion_gcs_dag', 'format_to_parquet_task', 'manual__2022-02-06T12:58:23.512616+00:00', '--job-id', '168', '--raw', '--subdir', 'DAGS_FOLDER/zones_data_ingestion_gcs_dag.py', '--cfg-path', '/tmp/tmprta8jn6g', '--error-file', '/tmp/tmpy7g8h4sx']
[2022-02-06 12:58:52,415] {standard_task_runner.py:77} INFO - Job 168: Subtask format_to_parquet_task
[2022-02-06 12:58:52,577] {logging_mixin.py:109} INFO - Running <TaskInstance: zones_data_ingestion_gcs_dag.format_to_parquet_task manual__2022-02-06T12:58:23.512616+00:00 [running]> on host c9d16932214b
[2022-02-06 12:58:52,746] {taskinstance.py:1426} INFO - Exporting the following env vars:
AIRFLOW_CTX_DAG_OWNER=***
AIRFLOW_CTX_DAG_ID=zones_data_ingestion_gcs_dag
AIRFLOW_CTX_TASK_ID=format_to_parquet_task
AIRFLOW_CTX_EXECUTION_DATE=2022-02-06T12:58:23.512616+00:00
AIRFLOW_CTX_DAG_RUN_ID=manual__2022-02-06T12:58:23.512616+00:00
[2022-02-06 12:58:53,059] {python.py:175} INFO - Done. Returned value was: None
[2022-02-06 12:58:53,093] {taskinstance.py:1277} INFO - Marking task as SUCCESS. dag_id=zones_data_ingestion_gcs_dag, task_id=format_to_parquet_task, execution_date=20220206T125823, start_date=20220206T125852, end_date=20220206T125853
[2022-02-06 12:58:53,164] {local_task_job.py:154} INFO - Task exited with return code 0
[2022-02-06 12:58:53,249] {local_task_job.py:264} INFO - 1 downstream tasks scheduled from follow-on schedule check
