[2022-02-03 20:54:11,601] {taskinstance.py:1032} INFO - Dependencies all met for <TaskInstance: data_ingestion_gcs_dag_5.print_sth scheduled__2019-11-01T00:00:00+00:00 [queued]>
[2022-02-03 20:54:11,721] {taskinstance.py:1032} INFO - Dependencies all met for <TaskInstance: data_ingestion_gcs_dag_5.print_sth scheduled__2019-11-01T00:00:00+00:00 [queued]>
[2022-02-03 20:54:11,727] {taskinstance.py:1238} INFO - 
--------------------------------------------------------------------------------
[2022-02-03 20:54:11,735] {taskinstance.py:1239} INFO - Starting attempt 1 of 1
[2022-02-03 20:54:11,739] {taskinstance.py:1240} INFO - 
--------------------------------------------------------------------------------
[2022-02-03 20:54:11,928] {taskinstance.py:1259} INFO - Executing <Task(BashOperator): print_sth> on 2019-11-01 00:00:00+00:00
[2022-02-03 20:54:11,974] {standard_task_runner.py:52} INFO - Started process 7034 to run task
[2022-02-03 20:54:12,013] {standard_task_runner.py:76} INFO - Running: ['***', 'tasks', 'run', 'data_ingestion_gcs_dag_5', 'print_sth', 'scheduled__2019-11-01T00:00:00+00:00', '--job-id', '58', '--raw', '--subdir', 'DAGS_FOLDER/data_ingestion_gcs_dag_2.py', '--cfg-path', '/tmp/tmpm4dzv8hf', '--error-file', '/tmp/tmpnbo7ktrx']
[2022-02-03 20:54:12,021] {standard_task_runner.py:77} INFO - Job 58: Subtask print_sth
[2022-02-03 20:54:12,511] {logging_mixin.py:109} INFO - Running <TaskInstance: data_ingestion_gcs_dag_5.print_sth scheduled__2019-11-01T00:00:00+00:00 [running]> on host 985445ce9491
[2022-02-03 20:54:13,071] {taskinstance.py:1426} INFO - Exporting the following env vars:
AIRFLOW_CTX_DAG_OWNER=***
AIRFLOW_CTX_DAG_ID=data_ingestion_gcs_dag_5
AIRFLOW_CTX_TASK_ID=print_sth
AIRFLOW_CTX_EXECUTION_DATE=2019-11-01T00:00:00+00:00
AIRFLOW_CTX_DAG_RUN_ID=scheduled__2019-11-01T00:00:00+00:00
[2022-02-03 20:54:13,093] {subprocess.py:62} INFO - Tmp dir root location: 
 /tmp
[2022-02-03 20:54:13,098] {subprocess.py:74} INFO - Running command: ['bash', '-c', "echo 'helloworld'"]
[2022-02-03 20:54:13,168] {subprocess.py:85} INFO - Output:
[2022-02-03 20:54:13,292] {subprocess.py:89} INFO - helloworld
[2022-02-03 20:54:13,314] {subprocess.py:93} INFO - Command exited with return code 0
[2022-02-03 20:54:13,448] {taskinstance.py:1277} INFO - Marking task as SUCCESS. dag_id=data_ingestion_gcs_dag_5, task_id=print_sth, execution_date=20191101T000000, start_date=20220203T205411, end_date=20220203T205413
[2022-02-03 20:54:13,593] {local_task_job.py:154} INFO - Task exited with return code 0
[2022-02-03 20:54:13,804] {local_task_job.py:264} INFO - 0 downstream tasks scheduled from follow-on schedule check
