[2022-02-05 19:08:28,263] {taskinstance.py:1032} INFO - Dependencies all met for <TaskInstance: yellow_taxi_data_ingestion_gcs_dag_v3.format_to_parquet_task scheduled__2019-07-01T00:00:00+00:00 [queued]>
[2022-02-05 19:08:28,306] {taskinstance.py:1032} INFO - Dependencies all met for <TaskInstance: yellow_taxi_data_ingestion_gcs_dag_v3.format_to_parquet_task scheduled__2019-07-01T00:00:00+00:00 [queued]>
[2022-02-05 19:08:28,307] {taskinstance.py:1238} INFO - 
--------------------------------------------------------------------------------
[2022-02-05 19:08:28,308] {taskinstance.py:1239} INFO - Starting attempt 1 of 1
[2022-02-05 19:08:28,310] {taskinstance.py:1240} INFO - 
--------------------------------------------------------------------------------
[2022-02-05 19:08:28,356] {taskinstance.py:1259} INFO - Executing <Task(PythonOperator): format_to_parquet_task> on 2019-07-01 00:00:00+00:00
[2022-02-05 19:08:28,367] {standard_task_runner.py:52} INFO - Started process 4858 to run task
[2022-02-05 19:08:28,375] {standard_task_runner.py:76} INFO - Running: ['***', 'tasks', 'run', 'yellow_taxi_data_ingestion_gcs_dag_v3', 'format_to_parquet_task', 'scheduled__2019-07-01T00:00:00+00:00', '--job-id', '106', '--raw', '--subdir', 'DAGS_FOLDER/data_ingestion_gcs_dag_2.py', '--cfg-path', '/tmp/tmpsp48ccay', '--error-file', '/tmp/tmpd6iqu5ag']
[2022-02-05 19:08:28,379] {standard_task_runner.py:77} INFO - Job 106: Subtask format_to_parquet_task
[2022-02-05 19:08:28,546] {logging_mixin.py:109} INFO - Running <TaskInstance: yellow_taxi_data_ingestion_gcs_dag_v3.format_to_parquet_task scheduled__2019-07-01T00:00:00+00:00 [running]> on host 29223c71f18a
[2022-02-05 19:08:28,724] {logging_mixin.py:109} WARNING - /home/***/.local/lib/python3.7/site-packages/***/utils/context.py:152 AirflowContextDeprecationWarning: Accessing 'execution_date' from the template is deprecated and will be removed in a future version. Please use 'data_interval_start' or 'logical_date' instead.
[2022-02-05 19:08:28,777] {taskinstance.py:1426} INFO - Exporting the following env vars:
AIRFLOW_CTX_DAG_OWNER=***
AIRFLOW_CTX_DAG_ID=yellow_taxi_data_ingestion_gcs_dag_v3
AIRFLOW_CTX_TASK_ID=format_to_parquet_task
AIRFLOW_CTX_EXECUTION_DATE=2019-07-01T00:00:00+00:00
AIRFLOW_CTX_DAG_RUN_ID=scheduled__2019-07-01T00:00:00+00:00
[2022-02-05 19:08:55,304] {python.py:175} INFO - Done. Returned value was: None
[2022-02-05 19:08:55,437] {taskinstance.py:1277} INFO - Marking task as SUCCESS. dag_id=yellow_taxi_data_ingestion_gcs_dag_v3, task_id=format_to_parquet_task, execution_date=20190701T000000, start_date=20220205T190828, end_date=20220205T190855
[2022-02-05 19:08:56,835] {local_task_job.py:154} INFO - Task exited with return code 0
[2022-02-05 19:08:57,055] {local_task_job.py:264} INFO - 0 downstream tasks scheduled from follow-on schedule check
