[2022-02-03 20:54:01,556] {taskinstance.py:1032} INFO - Dependencies all met for <TaskInstance: data_ingestion_gcs_dag_5.download_dataset_task scheduled__2020-01-01T00:00:00+00:00 [queued]>
[2022-02-03 20:54:01,739] {taskinstance.py:1032} INFO - Dependencies all met for <TaskInstance: data_ingestion_gcs_dag_5.download_dataset_task scheduled__2020-01-01T00:00:00+00:00 [queued]>
[2022-02-03 20:54:01,741] {taskinstance.py:1238} INFO - 
--------------------------------------------------------------------------------
[2022-02-03 20:54:01,757] {taskinstance.py:1239} INFO - Starting attempt 1 of 1
[2022-02-03 20:54:01,765] {taskinstance.py:1240} INFO - 
--------------------------------------------------------------------------------
[2022-02-03 20:54:01,967] {taskinstance.py:1259} INFO - Executing <Task(BashOperator): download_dataset_task> on 2020-01-01 00:00:00+00:00
[2022-02-03 20:54:02,018] {standard_task_runner.py:52} INFO - Started process 7001 to run task
[2022-02-03 20:54:02,070] {standard_task_runner.py:76} INFO - Running: ['***', 'tasks', 'run', 'data_ingestion_gcs_dag_5', 'download_dataset_task', 'scheduled__2020-01-01T00:00:00+00:00', '--job-id', '56', '--raw', '--subdir', 'DAGS_FOLDER/data_ingestion_gcs_dag_2.py', '--cfg-path', '/tmp/tmps97whcg2', '--error-file', '/tmp/tmpgfgyihiw']
[2022-02-03 20:54:02,076] {standard_task_runner.py:77} INFO - Job 56: Subtask download_dataset_task
[2022-02-03 20:54:02,599] {logging_mixin.py:109} INFO - Running <TaskInstance: data_ingestion_gcs_dag_5.download_dataset_task scheduled__2020-01-01T00:00:00+00:00 [running]> on host 985445ce9491
[2022-02-03 20:54:03,245] {taskinstance.py:1426} INFO - Exporting the following env vars:
AIRFLOW_CTX_DAG_OWNER=***
AIRFLOW_CTX_DAG_ID=data_ingestion_gcs_dag_5
AIRFLOW_CTX_TASK_ID=download_dataset_task
AIRFLOW_CTX_EXECUTION_DATE=2020-01-01T00:00:00+00:00
AIRFLOW_CTX_DAG_RUN_ID=scheduled__2020-01-01T00:00:00+00:00
[2022-02-03 20:54:03,258] {subprocess.py:62} INFO - Tmp dir root location: 
 /tmp
[2022-02-03 20:54:03,275] {subprocess.py:74} INFO - Running command: ['bash', '-c', 'pwd']
[2022-02-03 20:54:03,353] {subprocess.py:85} INFO - Output:
[2022-02-03 20:54:03,594] {subprocess.py:89} INFO - /tmp/***tmpmqefbp6x
[2022-02-03 20:54:03,634] {subprocess.py:93} INFO - Command exited with return code 0
[2022-02-03 20:54:03,898] {taskinstance.py:1277} INFO - Marking task as SUCCESS. dag_id=data_ingestion_gcs_dag_5, task_id=download_dataset_task, execution_date=20200101T000000, start_date=20220203T205401, end_date=20220203T205403
[2022-02-03 20:54:04,219] {local_task_job.py:154} INFO - Task exited with return code 0
[2022-02-03 20:54:04,654] {local_task_job.py:264} INFO - 1 downstream tasks scheduled from follow-on schedule check
