[2022-02-06 12:53:48,528] {taskinstance.py:1032} INFO - Dependencies all met for <TaskInstance: fhv_trip_data_ingestion_gcs_dag.local_to_gcs_task scheduled__2019-12-01T00:00:00+00:00 [queued]>
[2022-02-06 12:53:48,584] {taskinstance.py:1032} INFO - Dependencies all met for <TaskInstance: fhv_trip_data_ingestion_gcs_dag.local_to_gcs_task scheduled__2019-12-01T00:00:00+00:00 [queued]>
[2022-02-06 12:53:48,586] {taskinstance.py:1238} INFO - 
--------------------------------------------------------------------------------
[2022-02-06 12:53:48,588] {taskinstance.py:1239} INFO - Starting attempt 1 of 1
[2022-02-06 12:53:48,589] {taskinstance.py:1240} INFO - 
--------------------------------------------------------------------------------
[2022-02-06 12:53:48,654] {taskinstance.py:1259} INFO - Executing <Task(PythonOperator): local_to_gcs_task> on 2019-12-01 00:00:00+00:00
[2022-02-06 12:53:48,680] {standard_task_runner.py:52} INFO - Started process 5440 to run task
[2022-02-06 12:53:48,704] {standard_task_runner.py:76} INFO - Running: ['***', 'tasks', 'run', 'fhv_trip_data_ingestion_gcs_dag', 'local_to_gcs_task', 'scheduled__2019-12-01T00:00:00+00:00', '--job-id', '163', '--raw', '--subdir', 'DAGS_FOLDER/fhv_data_ingestion_gcs_dag.py', '--cfg-path', '/tmp/tmpsvt1b0uc', '--error-file', '/tmp/tmpy84vzynl']
[2022-02-06 12:53:48,710] {standard_task_runner.py:77} INFO - Job 163: Subtask local_to_gcs_task
[2022-02-06 12:53:48,992] {logging_mixin.py:109} INFO - Running <TaskInstance: fhv_trip_data_ingestion_gcs_dag.local_to_gcs_task scheduled__2019-12-01T00:00:00+00:00 [running]> on host c9d16932214b
[2022-02-06 12:53:49,312] {logging_mixin.py:109} WARNING - /home/***/.local/lib/python3.7/site-packages/***/utils/context.py:152 AirflowContextDeprecationWarning: Accessing 'execution_date' from the template is deprecated and will be removed in a future version. Please use 'data_interval_start' or 'logical_date' instead.
[2022-02-06 12:53:49,399] {taskinstance.py:1426} INFO - Exporting the following env vars:
AIRFLOW_CTX_DAG_OWNER=***
AIRFLOW_CTX_DAG_ID=fhv_trip_data_ingestion_gcs_dag
AIRFLOW_CTX_TASK_ID=local_to_gcs_task
AIRFLOW_CTX_EXECUTION_DATE=2019-12-01T00:00:00+00:00
AIRFLOW_CTX_DAG_RUN_ID=scheduled__2019-12-01T00:00:00+00:00
[2022-02-06 12:53:57,272] {python.py:175} INFO - Done. Returned value was: None
[2022-02-06 12:53:57,380] {taskinstance.py:1277} INFO - Marking task as SUCCESS. dag_id=fhv_trip_data_ingestion_gcs_dag, task_id=local_to_gcs_task, execution_date=20191201T000000, start_date=20220206T125348, end_date=20220206T125357
[2022-02-06 12:53:57,487] {local_task_job.py:154} INFO - Task exited with return code 0
[2022-02-06 12:53:57,572] {local_task_job.py:264} INFO - 0 downstream tasks scheduled from follow-on schedule check
