[2022-02-06 18:50:38,932] {taskinstance.py:1032} INFO - Dependencies all met for <TaskInstance: yellow_taxi_data_ingestion_gcs_dag.download_dataset_task scheduled__2020-11-01T00:00:00+00:00 [queued]>
[2022-02-06 18:50:38,970] {taskinstance.py:1032} INFO - Dependencies all met for <TaskInstance: yellow_taxi_data_ingestion_gcs_dag.download_dataset_task scheduled__2020-11-01T00:00:00+00:00 [queued]>
[2022-02-06 18:50:38,971] {taskinstance.py:1238} INFO - 
--------------------------------------------------------------------------------
[2022-02-06 18:50:38,973] {taskinstance.py:1239} INFO - Starting attempt 1 of 1
[2022-02-06 18:50:38,974] {taskinstance.py:1240} INFO - 
--------------------------------------------------------------------------------
[2022-02-06 18:50:39,017] {taskinstance.py:1259} INFO - Executing <Task(BashOperator): download_dataset_task> on 2020-11-01 00:00:00+00:00
[2022-02-06 18:50:39,027] {standard_task_runner.py:52} INFO - Started process 10170 to run task
[2022-02-06 18:50:39,035] {standard_task_runner.py:76} INFO - Running: ['***', 'tasks', 'run', 'yellow_taxi_data_ingestion_gcs_dag', 'download_dataset_task', 'scheduled__2020-11-01T00:00:00+00:00', '--job-id', '198', '--raw', '--subdir', 'DAGS_FOLDER/yellow_taxi_data_ingestion_gcs_dag.py', '--cfg-path', '/tmp/tmpuuz1josj', '--error-file', '/tmp/tmps6d4s8fo']
[2022-02-06 18:50:39,038] {standard_task_runner.py:77} INFO - Job 198: Subtask download_dataset_task
[2022-02-06 18:50:39,190] {logging_mixin.py:109} INFO - Running <TaskInstance: yellow_taxi_data_ingestion_gcs_dag.download_dataset_task scheduled__2020-11-01T00:00:00+00:00 [running]> on host 4c7ee98729cc
[2022-02-06 18:50:39,366] {logging_mixin.py:109} WARNING - /home/***/.local/lib/python3.7/site-packages/***/utils/context.py:152 AirflowContextDeprecationWarning: Accessing 'execution_date' from the template is deprecated and will be removed in a future version. Please use 'data_interval_start' or 'logical_date' instead.
[2022-02-06 18:50:39,428] {taskinstance.py:1426} INFO - Exporting the following env vars:
AIRFLOW_CTX_DAG_OWNER=***
AIRFLOW_CTX_DAG_ID=yellow_taxi_data_ingestion_gcs_dag
AIRFLOW_CTX_TASK_ID=download_dataset_task
AIRFLOW_CTX_EXECUTION_DATE=2020-11-01T00:00:00+00:00
AIRFLOW_CTX_DAG_RUN_ID=scheduled__2020-11-01T00:00:00+00:00
[2022-02-06 18:50:39,437] {subprocess.py:62} INFO - Tmp dir root location: 
 /tmp
[2022-02-06 18:50:39,440] {subprocess.py:74} INFO - Running command: ['bash', '-c', 'curl -sS https://s3.amazonaws.com/nyc-tlc/trip+data/yellow_tripdata_2020-11.csv > /opt/***/yellow_tripdata_2020-11.csv']
[2022-02-06 18:50:39,469] {subprocess.py:85} INFO - Output:
[2022-02-06 18:52:16,976] {subprocess.py:93} INFO - Command exited with return code 0
[2022-02-06 18:52:17,347] {taskinstance.py:1277} INFO - Marking task as SUCCESS. dag_id=yellow_taxi_data_ingestion_gcs_dag, task_id=download_dataset_task, execution_date=20201101T000000, start_date=20220206T185038, end_date=20220206T185217
[2022-02-06 18:52:17,478] {local_task_job.py:154} INFO - Task exited with return code 0
[2022-02-06 18:52:17,607] {local_task_job.py:264} INFO - 1 downstream tasks scheduled from follow-on schedule check
