[2022-02-03 10:13:17,538] {taskinstance.py:1032} INFO - Dependencies all met for <TaskInstance: data_ingestion_gcs_dag.local_to_gcs_task scheduled__2022-02-02T00:00:00+00:00 [queued]>
[2022-02-03 10:13:17,579] {taskinstance.py:1032} INFO - Dependencies all met for <TaskInstance: data_ingestion_gcs_dag.local_to_gcs_task scheduled__2022-02-02T00:00:00+00:00 [queued]>
[2022-02-03 10:13:17,581] {taskinstance.py:1238} INFO - 
--------------------------------------------------------------------------------
[2022-02-03 10:13:17,582] {taskinstance.py:1239} INFO - Starting attempt 1 of 2
[2022-02-03 10:13:17,583] {taskinstance.py:1240} INFO - 
--------------------------------------------------------------------------------
[2022-02-03 10:13:17,623] {taskinstance.py:1259} INFO - Executing <Task(PythonOperator): local_to_gcs_task> on 2022-02-02 00:00:00+00:00
[2022-02-03 10:13:17,634] {standard_task_runner.py:52} INFO - Started process 3040 to run task
[2022-02-03 10:13:17,641] {standard_task_runner.py:76} INFO - Running: ['***', 'tasks', 'run', 'data_ingestion_gcs_dag', 'local_to_gcs_task', 'scheduled__2022-02-02T00:00:00+00:00', '--job-id', '10', '--raw', '--subdir', 'DAGS_FOLDER/data_ingestion_gcs_dag.py', '--cfg-path', '/tmp/tmp75410yi_', '--error-file', '/tmp/tmp3kx0wugy']
[2022-02-03 10:13:17,649] {standard_task_runner.py:77} INFO - Job 10: Subtask local_to_gcs_task
[2022-02-03 10:13:17,808] {logging_mixin.py:109} INFO - Running <TaskInstance: data_ingestion_gcs_dag.local_to_gcs_task scheduled__2022-02-02T00:00:00+00:00 [running]> on host afdc3db97ffb
[2022-02-03 10:13:18,002] {taskinstance.py:1426} INFO - Exporting the following env vars:
AIRFLOW_CTX_DAG_OWNER=***
AIRFLOW_CTX_DAG_ID=data_ingestion_gcs_dag
AIRFLOW_CTX_TASK_ID=local_to_gcs_task
AIRFLOW_CTX_EXECUTION_DATE=2022-02-02T00:00:00+00:00
AIRFLOW_CTX_DAG_RUN_ID=scheduled__2022-02-02T00:00:00+00:00
[2022-02-03 10:13:34,576] {python.py:175} INFO - Done. Returned value was: None
[2022-02-03 10:13:34,645] {taskinstance.py:1277} INFO - Marking task as SUCCESS. dag_id=data_ingestion_gcs_dag, task_id=local_to_gcs_task, execution_date=20220202T000000, start_date=20220203T101317, end_date=20220203T101334
[2022-02-03 10:13:34,746] {local_task_job.py:154} INFO - Task exited with return code 0
[2022-02-03 10:13:34,832] {local_task_job.py:264} INFO - 1 downstream tasks scheduled from follow-on schedule check
