[2022-02-03 10:16:02,181] {taskinstance.py:1032} INFO - Dependencies all met for <TaskInstance: data_ingestion_gcs_dag.bigquery_external_table_task manual__2022-02-03T10:11:40.096798+00:00 [queued]>
[2022-02-03 10:16:02,233] {taskinstance.py:1032} INFO - Dependencies all met for <TaskInstance: data_ingestion_gcs_dag.bigquery_external_table_task manual__2022-02-03T10:11:40.096798+00:00 [queued]>
[2022-02-03 10:16:02,235] {taskinstance.py:1238} INFO - 
--------------------------------------------------------------------------------
[2022-02-03 10:16:02,236] {taskinstance.py:1239} INFO - Starting attempt 1 of 2
[2022-02-03 10:16:02,238] {taskinstance.py:1240} INFO - 
--------------------------------------------------------------------------------
[2022-02-03 10:16:02,286] {taskinstance.py:1259} INFO - Executing <Task(BigQueryCreateExternalTableOperator): bigquery_external_table_task> on 2022-02-03 10:11:40.096798+00:00
[2022-02-03 10:16:02,297] {standard_task_runner.py:52} INFO - Started process 3278 to run task
[2022-02-03 10:16:02,305] {standard_task_runner.py:76} INFO - Running: ['***', 'tasks', 'run', 'data_ingestion_gcs_dag', 'bigquery_external_table_task', 'manual__2022-02-03T10:11:40.096798+00:00', '--job-id', '15', '--raw', '--subdir', 'DAGS_FOLDER/data_ingestion_gcs_dag.py', '--cfg-path', '/tmp/tmphbjb2e2q', '--error-file', '/tmp/tmpns03sahd']
[2022-02-03 10:16:02,308] {standard_task_runner.py:77} INFO - Job 15: Subtask bigquery_external_table_task
[2022-02-03 10:16:02,481] {logging_mixin.py:109} INFO - Running <TaskInstance: data_ingestion_gcs_dag.bigquery_external_table_task manual__2022-02-03T10:11:40.096798+00:00 [running]> on host afdc3db97ffb
[2022-02-03 10:16:02,778] {taskinstance.py:1426} INFO - Exporting the following env vars:
AIRFLOW_CTX_DAG_OWNER=***
AIRFLOW_CTX_DAG_ID=data_ingestion_gcs_dag
AIRFLOW_CTX_TASK_ID=bigquery_external_table_task
AIRFLOW_CTX_EXECUTION_DATE=2022-02-03T10:11:40.096798+00:00
AIRFLOW_CTX_DAG_RUN_ID=manual__2022-02-03T10:11:40.096798+00:00
[2022-02-03 10:16:02,784] {crypto.py:82} WARNING - empty cryptography key - values will not be stored encrypted.
[2022-02-03 10:16:04,046] {taskinstance.py:1277} INFO - Marking task as SUCCESS. dag_id=data_ingestion_gcs_dag, task_id=bigquery_external_table_task, execution_date=20220203T101140, start_date=20220203T101602, end_date=20220203T101604
[2022-02-03 10:16:04,132] {local_task_job.py:154} INFO - Task exited with return code 0
[2022-02-03 10:16:04,250] {local_task_job.py:264} INFO - 0 downstream tasks scheduled from follow-on schedule check
