[2022-02-06 12:41:14,568] {taskinstance.py:1032} INFO - Dependencies all met for <TaskInstance: fhv_trip_data_ingestion_gcs_dag.local_to_gcs_task scheduled__2019-04-01T00:00:00+00:00 [queued]>
[2022-02-06 12:41:14,608] {taskinstance.py:1032} INFO - Dependencies all met for <TaskInstance: fhv_trip_data_ingestion_gcs_dag.local_to_gcs_task scheduled__2019-04-01T00:00:00+00:00 [queued]>
[2022-02-06 12:41:14,609] {taskinstance.py:1238} INFO - 
--------------------------------------------------------------------------------
[2022-02-06 12:41:14,611] {taskinstance.py:1239} INFO - Starting attempt 1 of 1
[2022-02-06 12:41:14,612] {taskinstance.py:1240} INFO - 
--------------------------------------------------------------------------------
[2022-02-06 12:41:14,657] {taskinstance.py:1259} INFO - Executing <Task(PythonOperator): local_to_gcs_task> on 2019-04-01 00:00:00+00:00
[2022-02-06 12:41:14,670] {standard_task_runner.py:52} INFO - Started process 3617 to run task
[2022-02-06 12:41:14,678] {standard_task_runner.py:76} INFO - Running: ['***', 'tasks', 'run', 'fhv_trip_data_ingestion_gcs_dag', 'local_to_gcs_task', 'scheduled__2019-04-01T00:00:00+00:00', '--job-id', '139', '--raw', '--subdir', 'DAGS_FOLDER/fhv_data_ingestion_gcs_dag.py', '--cfg-path', '/tmp/tmp3qqu9et8', '--error-file', '/tmp/tmph55hmf6a']
[2022-02-06 12:41:14,682] {standard_task_runner.py:77} INFO - Job 139: Subtask local_to_gcs_task
[2022-02-06 12:41:14,836] {logging_mixin.py:109} INFO - Running <TaskInstance: fhv_trip_data_ingestion_gcs_dag.local_to_gcs_task scheduled__2019-04-01T00:00:00+00:00 [running]> on host c9d16932214b
[2022-02-06 12:41:15,022] {logging_mixin.py:109} WARNING - /home/***/.local/lib/python3.7/site-packages/***/utils/context.py:152 AirflowContextDeprecationWarning: Accessing 'execution_date' from the template is deprecated and will be removed in a future version. Please use 'data_interval_start' or 'logical_date' instead.
[2022-02-06 12:41:15,110] {taskinstance.py:1426} INFO - Exporting the following env vars:
AIRFLOW_CTX_DAG_OWNER=***
AIRFLOW_CTX_DAG_ID=fhv_trip_data_ingestion_gcs_dag
AIRFLOW_CTX_TASK_ID=local_to_gcs_task
AIRFLOW_CTX_EXECUTION_DATE=2019-04-01T00:00:00+00:00
AIRFLOW_CTX_DAG_RUN_ID=scheduled__2019-04-01T00:00:00+00:00
[2022-02-06 12:41:23,938] {python.py:175} INFO - Done. Returned value was: None
[2022-02-06 12:41:24,004] {taskinstance.py:1277} INFO - Marking task as SUCCESS. dag_id=fhv_trip_data_ingestion_gcs_dag, task_id=local_to_gcs_task, execution_date=20190401T000000, start_date=20220206T124114, end_date=20220206T124124
[2022-02-06 12:41:24,095] {local_task_job.py:154} INFO - Task exited with return code 0
[2022-02-06 12:41:24,167] {local_task_job.py:264} INFO - 0 downstream tasks scheduled from follow-on schedule check
