[2022-02-03 20:54:52,804] {taskinstance.py:1032} INFO - Dependencies all met for <TaskInstance: data_ingestion_gcs_dag_5.download_dataset_task scheduled__2020-09-01T00:00:00+00:00 [queued]>
[2022-02-03 20:54:52,957] {taskinstance.py:1032} INFO - Dependencies all met for <TaskInstance: data_ingestion_gcs_dag_5.download_dataset_task scheduled__2020-09-01T00:00:00+00:00 [queued]>
[2022-02-03 20:54:52,962] {taskinstance.py:1238} INFO - 
--------------------------------------------------------------------------------
[2022-02-03 20:54:52,964] {taskinstance.py:1239} INFO - Starting attempt 1 of 1
[2022-02-03 20:54:52,967] {taskinstance.py:1240} INFO - 
--------------------------------------------------------------------------------
[2022-02-03 20:54:53,206] {taskinstance.py:1259} INFO - Executing <Task(BashOperator): download_dataset_task> on 2020-09-01 00:00:00+00:00
[2022-02-03 20:54:53,250] {standard_task_runner.py:52} INFO - Started process 7233 to run task
[2022-02-03 20:54:53,298] {standard_task_runner.py:76} INFO - Running: ['***', 'tasks', 'run', 'data_ingestion_gcs_dag_5', 'download_dataset_task', 'scheduled__2020-09-01T00:00:00+00:00', '--job-id', '71', '--raw', '--subdir', 'DAGS_FOLDER/data_ingestion_gcs_dag_2.py', '--cfg-path', '/tmp/tmpjvm2wxsp', '--error-file', '/tmp/tmproxj68zv']
[2022-02-03 20:54:53,312] {standard_task_runner.py:77} INFO - Job 71: Subtask download_dataset_task
[2022-02-03 20:54:53,973] {logging_mixin.py:109} INFO - Running <TaskInstance: data_ingestion_gcs_dag_5.download_dataset_task scheduled__2020-09-01T00:00:00+00:00 [running]> on host 985445ce9491
[2022-02-03 20:54:54,621] {taskinstance.py:1426} INFO - Exporting the following env vars:
AIRFLOW_CTX_DAG_OWNER=***
AIRFLOW_CTX_DAG_ID=data_ingestion_gcs_dag_5
AIRFLOW_CTX_TASK_ID=download_dataset_task
AIRFLOW_CTX_EXECUTION_DATE=2020-09-01T00:00:00+00:00
AIRFLOW_CTX_DAG_RUN_ID=scheduled__2020-09-01T00:00:00+00:00
[2022-02-03 20:54:54,631] {subprocess.py:62} INFO - Tmp dir root location: 
 /tmp
[2022-02-03 20:54:54,643] {subprocess.py:74} INFO - Running command: ['bash', '-c', 'pwd']
[2022-02-03 20:54:54,733] {subprocess.py:85} INFO - Output:
[2022-02-03 20:54:54,893] {subprocess.py:89} INFO - /tmp/***tmp6duz6sgs
[2022-02-03 20:54:54,916] {subprocess.py:93} INFO - Command exited with return code 0
[2022-02-03 20:54:56,776] {taskinstance.py:1277} INFO - Marking task as SUCCESS. dag_id=data_ingestion_gcs_dag_5, task_id=download_dataset_task, execution_date=20200901T000000, start_date=20220203T205452, end_date=20220203T205456
[2022-02-03 20:54:57,137] {local_task_job.py:154} INFO - Task exited with return code 0
[2022-02-03 20:54:57,489] {local_task_job.py:264} INFO - 1 downstream tasks scheduled from follow-on schedule check
